[2017-12-11T10:22:22+08:00] 
SHOW COLUMNS FROM `kw_config` [ SQL RunTime:0.0040s ]
[2017-12-11T10:22:22+08:00] 
SELECT * FROM `kw_config` LIMIT 1   [ SQL RunTime:0.0000s ]
[2017-12-11T10:22:22+08:00] 
SHOW COLUMNS FROM `kw_news_cats` [ SQL RunTime:0.0040s ]
[2017-12-11T10:22:22+08:00] 
SELECT * FROM `kw_news_cats` WHERE `id` = 0 LIMIT 1   [ SQL RunTime:0.0000s ]
[2017-12-11T10:22:22+08:00] 
SELECT * FROM `kw_news_cats` WHERE `id` = 0 LIMIT 1   [ SQL RunTime:0.0000s ]
[2017-12-11T10:22:22+08:00] 
SHOW COLUMNS FROM `kw_news` [ SQL RunTime:0.0040s ]
[2017-12-11T10:22:22+08:00] 
SELECT * FROM `kw_news` WHERE ( pid=0 and ty=0 ) LIMIT 1   [ SQL RunTime:0.0000s ]
[2017-12-11T10:22:22+08:00] 
SHOW COLUMNS FROM `kw_person` [ SQL RunTime:0.0040s ]
[2017-12-11T10:22:22+08:00] 
SHOW COLUMNS FROM `kw_config` [ SQL RunTime:0.0030s ]
[2017-12-11T10:22:22+08:00] 
SELECT * FROM `kw_config` LIMIT 1   [ SQL RunTime:0.0000s ]
[2017-12-11T10:22:22+08:00] 
SHOW COLUMNS FROM `kw_news_cats` [ SQL RunTime:0.0030s ]
[2017-12-11T10:22:22+08:00] 
SELECT * FROM `kw_news_cats` WHERE `id` = 0 LIMIT 1   [ SQL RunTime:0.0000s ]
[2017-12-11T10:22:22+08:00] 
SELECT * FROM `kw_news_cats` WHERE `id` = 0 LIMIT 1   [ SQL RunTime:0.0000s ]
[2017-12-11T10:22:22+08:00] 
SHOW COLUMNS FROM `kw_news` [ SQL RunTime:0.0040s ]
[2017-12-11T10:22:22+08:00] 
SELECT * FROM `kw_news` WHERE ( pid=0 and ty=0 ) LIMIT 1   [ SQL RunTime:0.0010s ]
[2017-12-11T10:22:22+08:00] 
SELECT `catname`,`id`,`pid` FROM `kw_news_cats` WHERE ( pid = 0 and id <=4 ) ORDER BY disorder desc,id asc  [ SQL RunTime:0.0000s ]
[2017-12-11T10:22:22+08:00] 
SELECT * FROM `kw_news` WHERE `pid` = 5 AND `ty` = 13 AND `isstate` = 1 ORDER BY isgood desc , disorder desc, sendtime desc  [ SQL RunTime:0.0040s ]
[2017-12-11T10:22:23+08:00] 
SHOW COLUMNS FROM `kw_config` [ SQL RunTime:0.0040s ]
[2017-12-11T10:22:23+08:00] 
SELECT * FROM `kw_config` LIMIT 1   [ SQL RunTime:0.0000s ]
[2017-12-11T10:22:23+08:00] 
SHOW COLUMNS FROM `kw_news_cats` [ SQL RunTime:0.0030s ]
[2017-12-11T10:22:23+08:00] 
SELECT * FROM `kw_news_cats` WHERE `id` = 0 LIMIT 1   [ SQL RunTime:0.0010s ]
[2017-12-11T10:22:23+08:00] 
SELECT * FROM `kw_news_cats` WHERE `id` = 0 LIMIT 1   [ SQL RunTime:0.0000s ]
[2017-12-11T10:22:23+08:00] 
SHOW COLUMNS FROM `kw_news` [ SQL RunTime:0.0030s ]
[2017-12-11T10:22:23+08:00] 
SELECT * FROM `kw_news` WHERE ( pid=0 and ty=0 ) LIMIT 1   [ SQL RunTime:0.0010s ]
[2017-12-11T10:23:29+08:00] 
SHOW COLUMNS FROM `kw_config` [ SQL RunTime:0.0040s ]
[2017-12-11T10:23:29+08:00] 
SELECT * FROM `kw_config` LIMIT 1   [ SQL RunTime:0.0000s ]
[2017-12-11T10:23:29+08:00] 
SHOW COLUMNS FROM `kw_news_cats` [ SQL RunTime:0.0030s ]
[2017-12-11T10:23:29+08:00] 
SELECT * FROM `kw_news_cats` WHERE `id` = 0 LIMIT 1   [ SQL RunTime:0.0000s ]
[2017-12-11T10:23:29+08:00] 
SELECT * FROM `kw_news_cats` WHERE `id` = 0 LIMIT 1   [ SQL RunTime:0.0000s ]
[2017-12-11T10:23:29+08:00] 
SHOW COLUMNS FROM `kw_news` [ SQL RunTime:0.0030s ]
[2017-12-11T10:23:29+08:00] 
SELECT * FROM `kw_news` WHERE ( pid=0 and ty=0 ) LIMIT 1   [ SQL RunTime:0.0010s ]
[2017-12-11T10:23:29+08:00] 
SHOW COLUMNS FROM `kw_person` [ SQL RunTime:0.0030s ]
[2017-12-11T10:23:29+08:00] 
SHOW COLUMNS FROM `kw_config` [ SQL RunTime:0.0030s ]
[2017-12-11T10:23:29+08:00] 
SELECT * FROM `kw_config` LIMIT 1   [ SQL RunTime:0.0010s ]
[2017-12-11T10:23:29+08:00] 
SHOW COLUMNS FROM `kw_news_cats` [ SQL RunTime:0.0030s ]
[2017-12-11T10:23:29+08:00] 
SELECT * FROM `kw_news_cats` WHERE `id` = 0 LIMIT 1   [ SQL RunTime:0.0000s ]
[2017-12-11T10:23:29+08:00] 
SELECT * FROM `kw_news_cats` WHERE `id` = 0 LIMIT 1   [ SQL RunTime:0.0010s ]
[2017-12-11T10:23:29+08:00] 
SHOW COLUMNS FROM `kw_news` [ SQL RunTime:0.0030s ]
[2017-12-11T10:23:29+08:00] 
SELECT * FROM `kw_news` WHERE ( pid=0 and ty=0 ) LIMIT 1   [ SQL RunTime:0.0000s ]
[2017-12-11T10:23:29+08:00] 
SELECT `catname`,`id`,`pid` FROM `kw_news_cats` WHERE ( pid = 0 and id <=4 ) ORDER BY disorder desc,id asc  [ SQL RunTime:0.0000s ]
[2017-12-11T10:23:29+08:00] 
SELECT * FROM `kw_news` WHERE `pid` = 5 AND `ty` = 13 AND `isstate` = 1 ORDER BY isgood desc , disorder desc, sendtime desc  [ SQL RunTime:0.0010s ]
[2017-12-11T10:23:30+08:00] 
SHOW COLUMNS FROM `kw_config` [ SQL RunTime:0.0030s ]
[2017-12-11T10:23:30+08:00] 
SELECT * FROM `kw_config` LIMIT 1   [ SQL RunTime:0.0010s ]
[2017-12-11T10:23:30+08:00] 
SHOW COLUMNS FROM `kw_news_cats` [ SQL RunTime:0.0030s ]
[2017-12-11T10:23:30+08:00] 
SELECT * FROM `kw_news_cats` WHERE `id` = 0 LIMIT 1   [ SQL RunTime:0.0010s ]
[2017-12-11T10:23:30+08:00] 
SELECT * FROM `kw_news_cats` WHERE `id` = 0 LIMIT 1   [ SQL RunTime:0.0010s ]
[2017-12-11T10:23:30+08:00] 
SHOW COLUMNS FROM `kw_news` [ SQL RunTime:0.0030s ]
[2017-12-11T10:23:30+08:00] 
SELECT * FROM `kw_news` WHERE ( pid=0 and ty=0 ) LIMIT 1   [ SQL RunTime:0.0000s ]
[2017-12-11T11:36:39+08:00] 
SHOW COLUMNS FROM `kw_config` [ SQL RunTime:0.0290s ]
[2017-12-11T11:36:39+08:00] 
SELECT * FROM `kw_config` LIMIT 1   [ SQL RunTime:0.0350s ]
[2017-12-11T11:36:39+08:00] 
SHOW COLUMNS FROM `kw_news_cats` [ SQL RunTime:0.0300s ]
[2017-12-11T11:36:39+08:00] 
SELECT * FROM `kw_news_cats` WHERE `id` = 0 LIMIT 1   [ SQL RunTime:0.0020s ]
[2017-12-11T11:36:39+08:00] 
SELECT * FROM `kw_news_cats` WHERE `id` = 0 LIMIT 1   [ SQL RunTime:0.0000s ]
[2017-12-11T11:36:39+08:00] 
SHOW COLUMNS FROM `kw_news` [ SQL RunTime:0.0130s ]
[2017-12-11T11:36:39+08:00] 
SELECT * FROM `kw_news` WHERE ( pid=0 and ty=0 ) LIMIT 1   [ SQL RunTime:0.0000s ]
[2017-12-11T11:36:39+08:00] 
SELECT `catname`,`id`,`pid` FROM `kw_news_cats` WHERE ( pid = 0 and id <=4 ) ORDER BY disorder desc,id asc  [ SQL RunTime:0.0000s ]
[2017-12-11T11:36:39+08:00] 
SELECT * FROM `kw_news` WHERE `pid` = 5 AND `ty` = 13 AND `isstate` = 1 ORDER BY isgood desc , disorder desc, sendtime desc  [ SQL RunTime:0.0000s ]
[2017-12-11T11:36:40+08:00] 
SHOW COLUMNS FROM `kw_config` [ SQL RunTime:0.0040s ]
[2017-12-11T11:36:40+08:00] 
SELECT * FROM `kw_config` LIMIT 1   [ SQL RunTime:0.0020s ]
[2017-12-11T11:36:40+08:00] 
SHOW COLUMNS FROM `kw_news_cats` [ SQL RunTime:0.0030s ]
[2017-12-11T11:36:40+08:00] 
SELECT * FROM `kw_news_cats` WHERE `id` = 0 LIMIT 1   [ SQL RunTime:0.0010s ]
[2017-12-11T11:36:40+08:00] 
SELECT * FROM `kw_news_cats` WHERE `id` = 0 LIMIT 1   [ SQL RunTime:0.0010s ]
[2017-12-11T11:36:40+08:00] 
SHOW COLUMNS FROM `kw_news` [ SQL RunTime:0.0030s ]
[2017-12-11T11:36:40+08:00] 
SELECT * FROM `kw_news` WHERE ( pid=0 and ty=0 ) LIMIT 1   [ SQL RunTime:0.0010s ]
