[2017-11-28T08:23:55+08:00] 
SHOW COLUMNS FROM `kw_config` [ SQL RunTime:2.1571s ]
[2017-11-28T08:23:55+08:00] 
SELECT * FROM `kw_config` LIMIT 1   [ SQL RunTime:0.0450s ]
[2017-11-28T08:23:56+08:00] 
SHOW COLUMNS FROM `kw_news_cats` [ SQL RunTime:0.2260s ]
[2017-11-28T08:23:56+08:00] 
SELECT * FROM `kw_news_cats` WHERE `id` = 0 LIMIT 1   [ SQL RunTime:0.5940s ]
[2017-11-28T08:23:56+08:00] 
SELECT * FROM `kw_news_cats` WHERE `id` = 0 LIMIT 1   [ SQL RunTime:0.0010s ]
[2017-11-28T08:23:56+08:00] 
SHOW COLUMNS FROM `kw_news` [ SQL RunTime:0.1760s ]
[2017-11-28T08:23:57+08:00] 
SELECT * FROM `kw_news` WHERE ( pid=0 and ty=0 ) LIMIT 1   [ SQL RunTime:0.1990s ]
[2017-11-28T08:23:57+08:00] 
SHOW COLUMNS FROM `kw_config` [ SQL RunTime:0.0050s ]
[2017-11-28T08:23:57+08:00] 
SELECT * FROM `kw_config` LIMIT 1   [ SQL RunTime:0.0000s ]
[2017-11-28T08:23:57+08:00] 
SHOW COLUMNS FROM `kw_news_cats` [ SQL RunTime:0.0040s ]
[2017-11-28T08:23:57+08:00] 
SELECT * FROM `kw_news_cats` WHERE `id` = 0 LIMIT 1   [ SQL RunTime:0.0010s ]
[2017-11-28T08:23:57+08:00] 
SELECT * FROM `kw_news_cats` WHERE `id` = 0 LIMIT 1   [ SQL RunTime:0.0010s ]
[2017-11-28T08:23:57+08:00] 
SHOW COLUMNS FROM `kw_news` [ SQL RunTime:0.0050s ]
[2017-11-28T08:23:57+08:00] 
SELECT * FROM `kw_news` WHERE ( pid=0 and ty=0 ) LIMIT 1   [ SQL RunTime:0.0010s ]
[2017-11-28T08:23:58+08:00] 
SHOW COLUMNS FROM `kw_config` [ SQL RunTime:0.0030s ]
[2017-11-28T08:23:58+08:00] 
SELECT * FROM `kw_config` LIMIT 1   [ SQL RunTime:0.0000s ]
[2017-11-28T08:23:58+08:00] 
SHOW COLUMNS FROM `kw_news_cats` [ SQL RunTime:0.0030s ]
[2017-11-28T08:23:58+08:00] 
SELECT * FROM `kw_news_cats` WHERE `id` = 0 LIMIT 1   [ SQL RunTime:0.0010s ]
[2017-11-28T08:23:58+08:00] 
SELECT * FROM `kw_news_cats` WHERE `id` = 0 LIMIT 1   [ SQL RunTime:0.0000s ]
[2017-11-28T08:23:58+08:00] 
SHOW COLUMNS FROM `kw_news` [ SQL RunTime:0.0030s ]
[2017-11-28T08:23:58+08:00] 
SELECT * FROM `kw_news` WHERE ( pid=0 and ty=0 ) LIMIT 1   [ SQL RunTime:0.0000s ]
[2017-11-28T08:23:58+08:00] 
SHOW COLUMNS FROM `kw_config` [ SQL RunTime:0.0030s ]
[2017-11-28T08:23:58+08:00] 
SELECT * FROM `kw_config` LIMIT 1   [ SQL RunTime:0.0000s ]
[2017-11-28T08:23:58+08:00] 
SHOW COLUMNS FROM `kw_news_cats` [ SQL RunTime:0.0030s ]
[2017-11-28T08:23:58+08:00] 
SELECT * FROM `kw_news_cats` WHERE `id` = 0 LIMIT 1   [ SQL RunTime:0.0010s ]
[2017-11-28T08:23:58+08:00] 
SELECT * FROM `kw_news_cats` WHERE `id` = 0 LIMIT 1   [ SQL RunTime:0.0000s ]
[2017-11-28T08:23:58+08:00] 
SHOW COLUMNS FROM `kw_news` [ SQL RunTime:0.0020s ]
[2017-11-28T08:23:58+08:00] 
SELECT * FROM `kw_news` WHERE ( pid=0 and ty=0 ) LIMIT 1   [ SQL RunTime:0.0000s ]
[2017-11-28T08:23:58+08:00] 
SHOW COLUMNS FROM `kw_config` [ SQL RunTime:0.1404s ]
[2017-11-28T08:23:58+08:00] 
SELECT * FROM `kw_config` LIMIT 1   [ SQL RunTime:0.0000s ]
[2017-11-28T08:23:58+08:00] 
SHOW COLUMNS FROM `kw_news_cats` [ SQL RunTime:0.0186s ]
[2017-11-28T08:23:58+08:00] 
SELECT * FROM `kw_news_cats` WHERE `id` = 0 LIMIT 1   [ SQL RunTime:0.0010s ]
[2017-11-28T08:23:58+08:00] 
SELECT * FROM `kw_news_cats` WHERE `id` = 0 LIMIT 1   [ SQL RunTime:0.0010s ]
[2017-11-28T08:23:58+08:00] 
SHOW COLUMNS FROM `kw_news` [ SQL RunTime:0.0000s ]
[2017-11-28T08:23:58+08:00] 
SELECT * FROM `kw_news` WHERE ( pid=0 and ty=0 ) LIMIT 1   [ SQL RunTime:0.0000s ]
