[2017-12-05T09:45:30+08:00] 
SHOW COLUMNS FROM `kw_config` [ SQL RunTime:0.0480s ]
[2017-12-05T09:45:30+08:00] 
SELECT * FROM `kw_config` LIMIT 1   [ SQL RunTime:0.0170s ]
[2017-12-05T09:45:31+08:00] 
SHOW COLUMNS FROM `kw_news_cats` [ SQL RunTime:0.0340s ]
[2017-12-05T09:45:31+08:00] 
SELECT * FROM `kw_news_cats` WHERE `id` = 0 LIMIT 1   [ SQL RunTime:0.0010s ]
[2017-12-05T09:45:31+08:00] 
SELECT * FROM `kw_news_cats` WHERE `id` = 0 LIMIT 1   [ SQL RunTime:0.0000s ]
[2017-12-05T09:45:31+08:00] 
SHOW COLUMNS FROM `kw_news` [ SQL RunTime:0.0770s ]
[2017-12-05T09:45:31+08:00] 
SELECT * FROM `kw_news` WHERE ( pid=0 and ty=0 ) LIMIT 1   [ SQL RunTime:0.0010s ]
[2017-12-05T09:45:31+08:00] 
SELECT * FROM `kw_news` WHERE `pid` = 5 AND `ty` = -15 LIMIT 1   [ SQL RunTime:0.0720s ]
[2017-12-05T09:45:44+08:00] 
SHOW COLUMNS FROM `kw_config` [ SQL RunTime:0.0060s ]
[2017-12-05T09:45:44+08:00] 
SELECT * FROM `kw_config` LIMIT 1   [ SQL RunTime:0.0000s ]
[2017-12-05T09:45:44+08:00] 
SHOW COLUMNS FROM `kw_news_cats` [ SQL RunTime:0.0030s ]
[2017-12-05T09:45:44+08:00] 
SELECT * FROM `kw_news_cats` WHERE `id` = 0 LIMIT 1   [ SQL RunTime:0.0010s ]
[2017-12-05T09:45:44+08:00] 
SELECT * FROM `kw_news_cats` WHERE `id` = 0 LIMIT 1   [ SQL RunTime:0.0000s ]
[2017-12-05T09:45:44+08:00] 
SHOW COLUMNS FROM `kw_news` [ SQL RunTime:0.0040s ]
[2017-12-05T09:45:44+08:00] 
SELECT * FROM `kw_news` WHERE ( pid=0 and ty=0 ) LIMIT 1   [ SQL RunTime:0.0010s ]
[2017-12-05T09:45:44+08:00] 
SELECT * FROM `kw_news` WHERE `pid` = 5 AND `ty` = -15 LIMIT 1   [ SQL RunTime:0.0010s ]
[2017-12-05T09:46:21+08:00] 
SHOW COLUMNS FROM `kw_config` [ SQL RunTime:0.0050s ]
[2017-12-05T09:46:21+08:00] 
SELECT * FROM `kw_config` LIMIT 1   [ SQL RunTime:0.0000s ]
[2017-12-05T09:46:21+08:00] 
SHOW COLUMNS FROM `kw_news_cats` [ SQL RunTime:0.0030s ]
[2017-12-05T09:46:21+08:00] 
SELECT * FROM `kw_news_cats` WHERE `id` = 0 LIMIT 1   [ SQL RunTime:0.0000s ]
[2017-12-05T09:46:21+08:00] 
SELECT * FROM `kw_news_cats` WHERE `id` = 0 LIMIT 1   [ SQL RunTime:0.0010s ]
[2017-12-05T09:46:21+08:00] 
SHOW COLUMNS FROM `kw_news` [ SQL RunTime:0.0020s ]
[2017-12-05T09:46:21+08:00] 
SELECT * FROM `kw_news` WHERE ( pid=0 and ty=0 ) LIMIT 1   [ SQL RunTime:0.0000s ]
[2017-12-05T09:46:21+08:00] 
SELECT * FROM `kw_news` WHERE `pid` = 5 AND `ty` = -15 LIMIT 1   [ SQL RunTime:0.0010s ]
[2017-12-05T10:23:11+08:00] 
SHOW COLUMNS FROM `kw_config` [ SQL RunTime:0.0050s ]
[2017-12-05T10:23:11+08:00] 
SELECT * FROM `kw_config` LIMIT 1   [ SQL RunTime:0.0040s ]
[2017-12-05T10:23:11+08:00] 
SHOW COLUMNS FROM `kw_news_cats` [ SQL RunTime:0.0050s ]
[2017-12-05T10:23:11+08:00] 
SELECT * FROM `kw_news_cats` WHERE `id` = 0 LIMIT 1   [ SQL RunTime:0.0010s ]
[2017-12-05T10:23:12+08:00] 
SELECT * FROM `kw_news_cats` WHERE `id` = 0 LIMIT 1   [ SQL RunTime:0.0000s ]
[2017-12-05T10:23:12+08:00] 
SHOW COLUMNS FROM `kw_news` [ SQL RunTime:0.0040s ]
[2017-12-05T10:23:12+08:00] 
SELECT * FROM `kw_news` WHERE ( pid=0 and ty=0 ) LIMIT 1   [ SQL RunTime:0.0000s ]
[2017-12-05T10:23:12+08:00] 
SELECT * FROM `kw_news` WHERE `pid` = 5 AND `ty` = -15 LIMIT 1   [ SQL RunTime:0.0000s ]
[2017-12-05T16:47:23+08:00] 
SHOW COLUMNS FROM `kw_config` [ SQL RunTime:0.5970s ]
[2017-12-05T16:47:23+08:00] 
SELECT * FROM `kw_config` LIMIT 1   [ SQL RunTime:0.0270s ]
[2017-12-05T16:47:23+08:00] 
SHOW COLUMNS FROM `kw_news_cats` [ SQL RunTime:0.1090s ]
[2017-12-05T16:47:23+08:00] 
SELECT * FROM `kw_news_cats` WHERE `id` = 0 LIMIT 1   [ SQL RunTime:0.1480s ]
[2017-12-05T16:47:23+08:00] 
SELECT * FROM `kw_news_cats` WHERE `id` = 0 LIMIT 1   [ SQL RunTime:0.0000s ]
[2017-12-05T16:47:23+08:00] 
SHOW COLUMNS FROM `kw_news` [ SQL RunTime:0.0450s ]
[2017-12-05T16:47:23+08:00] 
SELECT * FROM `kw_news` WHERE ( pid=0 and ty=0 ) LIMIT 1   [ SQL RunTime:0.0200s ]
[2017-12-05T16:47:23+08:00] 
SELECT * FROM `kw_news` WHERE `pid` = 5 AND `ty` = -15 LIMIT 1   [ SQL RunTime:0.0300s ]
[2017-12-05T16:55:43+08:00] 
SHOW COLUMNS FROM `kw_config` [ SQL RunTime:0.0040s ]
[2017-12-05T16:55:43+08:00] 
SELECT * FROM `kw_config` LIMIT 1   [ SQL RunTime:0.0010s ]
[2017-12-05T16:55:43+08:00] 
SHOW COLUMNS FROM `kw_news_cats` [ SQL RunTime:0.0040s ]
[2017-12-05T16:55:43+08:00] 
SELECT * FROM `kw_news_cats` WHERE `id` = 0 LIMIT 1   [ SQL RunTime:0.0000s ]
[2017-12-05T16:55:43+08:00] 
SELECT * FROM `kw_news_cats` WHERE `id` = 0 LIMIT 1   [ SQL RunTime:0.0000s ]
[2017-12-05T16:55:43+08:00] 
SHOW COLUMNS FROM `kw_news` [ SQL RunTime:0.0030s ]
[2017-12-05T16:55:43+08:00] 
SELECT * FROM `kw_news` WHERE ( pid=0 and ty=0 ) LIMIT 1   [ SQL RunTime:0.0010s ]
[2017-12-05T16:55:43+08:00] 
SELECT * FROM `kw_news` WHERE `pid` = 5 AND `ty` = -15 LIMIT 1   [ SQL RunTime:0.0010s ]
[2017-12-05T16:56:19+08:00] 
SHOW COLUMNS FROM `kw_config` [ SQL RunTime:0.0040s ]
[2017-12-05T16:56:19+08:00] 
SELECT * FROM `kw_config` LIMIT 1   [ SQL RunTime:0.0000s ]
[2017-12-05T16:56:19+08:00] 
SHOW COLUMNS FROM `kw_news_cats` [ SQL RunTime:0.0030s ]
[2017-12-05T16:56:19+08:00] 
SELECT * FROM `kw_news_cats` WHERE `id` = 0 LIMIT 1   [ SQL RunTime:0.0010s ]
[2017-12-05T16:56:19+08:00] 
SELECT * FROM `kw_news_cats` WHERE `id` = 0 LIMIT 1   [ SQL RunTime:0.0000s ]
[2017-12-05T16:56:19+08:00] 
SHOW COLUMNS FROM `kw_news` [ SQL RunTime:0.0040s ]
[2017-12-05T16:56:19+08:00] 
SELECT * FROM `kw_news` WHERE ( pid=0 and ty=0 ) LIMIT 1   [ SQL RunTime:0.0000s ]
[2017-12-05T16:56:19+08:00] 
SELECT * FROM `kw_news` WHERE `pid` = 5 AND `ty` = -15 LIMIT 1   [ SQL RunTime:0.0000s ]
[2017-12-05T16:56:19+08:00] 
SELECT `content` FROM `kw_news` WHERE `pid` = 1 AND `ty` = -6 LIMIT 1   [ SQL RunTime:0.0210s ]
[2017-12-05T16:56:19+08:00] 
SELECT `id`,`title`,`content` FROM `kw_news` WHERE `pid` = 2 AND `ty` = 7 AND `isstate` = 1 ORDER BY isgood desc , disorder desc, sendtime desc LIMIT 4   [ SQL RunTime:0.0590s ]
[2017-12-05T16:56:19+08:00] 
SELECT `id`,`img1`,`img2`,`title` FROM `kw_news` WHERE `pid` = 3 AND `ty` = 8 AND `isstate` = 1 ORDER BY isgood desc , disorder desc, sendtime desc LIMIT 5   [ SQL RunTime:0.0020s ]
[2017-12-05T16:56:19+08:00] 
SELECT `id`,`img1`,`content`,`sendtime`,`title` FROM `kw_news` WHERE `pid` = 4 AND `ty` = 9 AND `isstate` = 1 ORDER BY isgood desc , disorder desc, sendtime desc LIMIT 6   [ SQL RunTime:0.0020s ]
[2017-12-05T16:56:19+08:00] 
SELECT `id`,`title` FROM `kw_news` WHERE `pid` = 5 AND `ty` = 10 AND `isstate` = 1 ORDER BY isgood desc , disorder desc, sendtime desc  [ SQL RunTime:0.0010s ]
[2017-12-05T16:56:19+08:00] 
SELECT `catname`,`id`,`pid` FROM `kw_news_cats` WHERE ( pid = 0 and id <=4 ) ORDER BY disorder desc,id asc  [ SQL RunTime:0.0270s ]
[2017-12-05T16:56:19+08:00] 
SELECT * FROM `kw_news` WHERE `pid` = 5 AND `ty` = 11 AND `isstate` = 1 ORDER BY isgood desc , disorder desc, sendtime desc  [ SQL RunTime:0.0000s ]
[2017-12-05T16:56:19+08:00] 
SELECT * FROM `kw_news` WHERE `pid` = 5 AND `ty` = 13 AND `isstate` = 1 ORDER BY isgood desc , disorder desc, sendtime desc  [ SQL RunTime:0.0000s ]
[2017-12-05T16:56:19+08:00] 
SHOW COLUMNS FROM `kw_config` [ SQL RunTime:0.0040s ]
[2017-12-05T16:56:19+08:00] 
SELECT * FROM `kw_config` LIMIT 1   [ SQL RunTime:0.0060s ]
[2017-12-05T16:56:19+08:00] 
SHOW COLUMNS FROM `kw_news_cats` [ SQL RunTime:0.0040s ]
[2017-12-05T16:56:19+08:00] 
SELECT * FROM `kw_news_cats` WHERE `id` = 0 LIMIT 1   [ SQL RunTime:0.0000s ]
[2017-12-05T16:56:19+08:00] 
SELECT * FROM `kw_news_cats` WHERE `id` = 0 LIMIT 1   [ SQL RunTime:0.0000s ]
[2017-12-05T16:56:19+08:00] 
SHOW COLUMNS FROM `kw_news` [ SQL RunTime:0.0050s ]
[2017-12-05T16:56:19+08:00] 
SELECT * FROM `kw_news` WHERE ( pid=0 and ty=0 ) LIMIT 1   [ SQL RunTime:0.0010s ]
[2017-12-05T16:56:19+08:00] 
SHOW COLUMNS FROM `kw_config` [ SQL RunTime:0.0040s ]
[2017-12-05T16:56:19+08:00] 
SELECT * FROM `kw_config` LIMIT 1   [ SQL RunTime:0.0030s ]
[2017-12-05T16:56:19+08:00] 
SHOW COLUMNS FROM `kw_news_cats` [ SQL RunTime:0.0050s ]
[2017-12-05T16:56:19+08:00] 
SELECT * FROM `kw_news_cats` WHERE `id` = 0 LIMIT 1   [ SQL RunTime:0.0000s ]
[2017-12-05T16:56:19+08:00] 
SELECT * FROM `kw_news_cats` WHERE `id` = 0 LIMIT 1   [ SQL RunTime:0.0000s ]
[2017-12-05T16:56:19+08:00] 
SHOW COLUMNS FROM `kw_news` [ SQL RunTime:0.0040s ]
[2017-12-05T16:56:19+08:00] 
SELECT * FROM `kw_news` WHERE ( pid=0 and ty=0 ) LIMIT 1   [ SQL RunTime:0.0000s ]
[2017-12-05T16:56:19+08:00] 
SHOW COLUMNS FROM `kw_config` [ SQL RunTime:0.0040s ]
[2017-12-05T16:56:19+08:00] 
SELECT * FROM `kw_config` LIMIT 1   [ SQL RunTime:0.0000s ]
[2017-12-05T16:56:19+08:00] 
SHOW COLUMNS FROM `kw_news_cats` [ SQL RunTime:0.0050s ]
[2017-12-05T16:56:19+08:00] 
SELECT * FROM `kw_news_cats` WHERE `id` = 0 LIMIT 1   [ SQL RunTime:0.0000s ]
[2017-12-05T16:56:19+08:00] 
SELECT * FROM `kw_news_cats` WHERE `id` = 0 LIMIT 1   [ SQL RunTime:0.0000s ]
[2017-12-05T16:56:19+08:00] 
SHOW COLUMNS FROM `kw_news` [ SQL RunTime:0.0050s ]
[2017-12-05T16:56:19+08:00] 
SELECT * FROM `kw_news` WHERE ( pid=0 and ty=0 ) LIMIT 1   [ SQL RunTime:0.0010s ]
[2017-12-05T16:56:19+08:00] 
SHOW COLUMNS FROM `kw_config` [ SQL RunTime:0.0080s ]
[2017-12-05T16:56:19+08:00] 
SELECT * FROM `kw_config` LIMIT 1   [ SQL RunTime:0.0010s ]
[2017-12-05T16:56:19+08:00] 
SHOW COLUMNS FROM `kw_news_cats` [ SQL RunTime:0.0040s ]
[2017-12-05T16:56:19+08:00] 
SELECT * FROM `kw_news_cats` WHERE `id` = 0 LIMIT 1   [ SQL RunTime:0.0010s ]
[2017-12-05T16:56:19+08:00] 
SELECT * FROM `kw_news_cats` WHERE `id` = 0 LIMIT 1   [ SQL RunTime:0.0010s ]
[2017-12-05T16:56:19+08:00] 
SHOW COLUMNS FROM `kw_news` [ SQL RunTime:0.0040s ]
[2017-12-05T16:56:19+08:00] 
SELECT * FROM `kw_news` WHERE ( pid=0 and ty=0 ) LIMIT 1   [ SQL RunTime:0.0000s ]
[2017-12-05T16:56:19+08:00] 
SHOW COLUMNS FROM `kw_config` [ SQL RunTime:0.0030s ]
[2017-12-05T16:56:19+08:00] 
SELECT * FROM `kw_config` LIMIT 1   [ SQL RunTime:0.0010s ]
[2017-12-05T16:56:19+08:00] 
SHOW COLUMNS FROM `kw_news_cats` [ SQL RunTime:0.0030s ]
[2017-12-05T16:56:19+08:00] 
SELECT * FROM `kw_news_cats` WHERE `id` = 0 LIMIT 1   [ SQL RunTime:0.0000s ]
[2017-12-05T16:56:19+08:00] 
SELECT * FROM `kw_news_cats` WHERE `id` = 0 LIMIT 1   [ SQL RunTime:0.0000s ]
[2017-12-05T16:56:19+08:00] 
SHOW COLUMNS FROM `kw_news` [ SQL RunTime:0.0030s ]
[2017-12-05T16:56:19+08:00] 
SELECT * FROM `kw_news` WHERE ( pid=0 and ty=0 ) LIMIT 1   [ SQL RunTime:0.0000s ]
[2017-12-05T16:56:19+08:00] 
SHOW COLUMNS FROM `kw_config` [ SQL RunTime:0.0030s ]
[2017-12-05T16:56:19+08:00] 
SELECT * FROM `kw_config` LIMIT 1   [ SQL RunTime:0.0010s ]
[2017-12-05T16:56:19+08:00] 
SHOW COLUMNS FROM `kw_news_cats` [ SQL RunTime:0.0030s ]
[2017-12-05T16:56:19+08:00] 
SELECT * FROM `kw_news_cats` WHERE `id` = 0 LIMIT 1   [ SQL RunTime:0.0000s ]
[2017-12-05T16:56:19+08:00] 
SELECT * FROM `kw_news_cats` WHERE `id` = 0 LIMIT 1   [ SQL RunTime:0.0010s ]
[2017-12-05T16:56:19+08:00] 
SHOW COLUMNS FROM `kw_news` [ SQL RunTime:0.0040s ]
[2017-12-05T16:56:19+08:00] 
SELECT * FROM `kw_news` WHERE ( pid=0 and ty=0 ) LIMIT 1   [ SQL RunTime:0.0000s ]
[2017-12-05T16:56:20+08:00] 
SHOW COLUMNS FROM `kw_config` [ SQL RunTime:0.0030s ]
[2017-12-05T16:56:20+08:00] 
SELECT * FROM `kw_config` LIMIT 1   [ SQL RunTime:0.0000s ]
[2017-12-05T16:56:20+08:00] 
SHOW COLUMNS FROM `kw_news_cats` [ SQL RunTime:0.0030s ]
[2017-12-05T16:56:20+08:00] 
SELECT * FROM `kw_news_cats` WHERE `id` = 0 LIMIT 1   [ SQL RunTime:0.0000s ]
[2017-12-05T16:56:20+08:00] 
SELECT * FROM `kw_news_cats` WHERE `id` = 0 LIMIT 1   [ SQL RunTime:0.0000s ]
[2017-12-05T16:56:20+08:00] 
SHOW COLUMNS FROM `kw_news` [ SQL RunTime:0.0040s ]
[2017-12-05T16:56:20+08:00] 
SELECT * FROM `kw_news` WHERE ( pid=0 and ty=0 ) LIMIT 1   [ SQL RunTime:0.0000s ]
[2017-12-05T16:56:20+08:00] 
SHOW COLUMNS FROM `kw_config` [ SQL RunTime:0.0050s ]
[2017-12-05T16:56:20+08:00] 
SELECT * FROM `kw_config` LIMIT 1   [ SQL RunTime:0.0010s ]
[2017-12-05T16:56:20+08:00] 
SHOW COLUMNS FROM `kw_news_cats` [ SQL RunTime:0.0040s ]
[2017-12-05T16:56:20+08:00] 
SELECT * FROM `kw_news_cats` WHERE `id` = 0 LIMIT 1   [ SQL RunTime:0.0010s ]
[2017-12-05T16:56:20+08:00] 
SELECT * FROM `kw_news_cats` WHERE `id` = 0 LIMIT 1   [ SQL RunTime:0.0000s ]
[2017-12-05T16:56:20+08:00] 
SHOW COLUMNS FROM `kw_news` [ SQL RunTime:0.0030s ]
[2017-12-05T16:56:20+08:00] 
SELECT * FROM `kw_news` WHERE ( pid=0 and ty=0 ) LIMIT 1   [ SQL RunTime:0.0010s ]
[2017-12-05T16:56:20+08:00] 
SHOW COLUMNS FROM `kw_config` [ SQL RunTime:0.0030s ]
[2017-12-05T16:56:20+08:00] 
SELECT * FROM `kw_config` LIMIT 1   [ SQL RunTime:0.0000s ]
[2017-12-05T16:56:20+08:00] 
SHOW COLUMNS FROM `kw_news_cats` [ SQL RunTime:0.0030s ]
[2017-12-05T16:56:20+08:00] 
SELECT * FROM `kw_news_cats` WHERE `id` = 0 LIMIT 1   [ SQL RunTime:0.0010s ]
[2017-12-05T16:56:20+08:00] 
SELECT * FROM `kw_news_cats` WHERE `id` = 0 LIMIT 1   [ SQL RunTime:0.0010s ]
[2017-12-05T16:56:20+08:00] 
SHOW COLUMNS FROM `kw_news` [ SQL RunTime:0.0040s ]
[2017-12-05T16:56:20+08:00] 
SELECT * FROM `kw_news` WHERE ( pid=0 and ty=0 ) LIMIT 1   [ SQL RunTime:0.0000s ]
[2017-12-05T16:56:20+08:00] 
SHOW COLUMNS FROM `kw_config` [ SQL RunTime:0.0030s ]
[2017-12-05T16:56:20+08:00] 
SELECT * FROM `kw_config` LIMIT 1   [ SQL RunTime:0.0010s ]
[2017-12-05T16:56:20+08:00] 
SHOW COLUMNS FROM `kw_news_cats` [ SQL RunTime:0.0030s ]
[2017-12-05T16:56:20+08:00] 
SELECT * FROM `kw_news_cats` WHERE `id` = 0 LIMIT 1   [ SQL RunTime:0.0000s ]
[2017-12-05T16:56:20+08:00] 
SELECT * FROM `kw_news_cats` WHERE `id` = 0 LIMIT 1   [ SQL RunTime:0.0000s ]
[2017-12-05T16:56:20+08:00] 
SHOW COLUMNS FROM `kw_news` [ SQL RunTime:0.0030s ]
[2017-12-05T16:56:20+08:00] 
SELECT * FROM `kw_news` WHERE ( pid=0 and ty=0 ) LIMIT 1   [ SQL RunTime:0.0010s ]
[2017-12-05T16:56:20+08:00] 
SHOW COLUMNS FROM `kw_config` [ SQL RunTime:0.0040s ]
[2017-12-05T16:56:20+08:00] 
SELECT * FROM `kw_config` LIMIT 1   [ SQL RunTime:0.0010s ]
[2017-12-05T16:56:20+08:00] 
SHOW COLUMNS FROM `kw_news_cats` [ SQL RunTime:0.0030s ]
[2017-12-05T16:56:20+08:00] 
SELECT * FROM `kw_news_cats` WHERE `id` = 0 LIMIT 1   [ SQL RunTime:0.0000s ]
[2017-12-05T16:56:20+08:00] 
SELECT * FROM `kw_news_cats` WHERE `id` = 0 LIMIT 1   [ SQL RunTime:0.0000s ]
[2017-12-05T16:56:20+08:00] 
SHOW COLUMNS FROM `kw_news` [ SQL RunTime:0.0030s ]
[2017-12-05T16:56:20+08:00] 
SELECT * FROM `kw_news` WHERE ( pid=0 and ty=0 ) LIMIT 1   [ SQL RunTime:0.0000s ]
[2017-12-05T16:56:20+08:00] 
SHOW COLUMNS FROM `kw_config` [ SQL RunTime:0.0030s ]
[2017-12-05T16:56:20+08:00] 
SELECT * FROM `kw_config` LIMIT 1   [ SQL RunTime:0.0000s ]
[2017-12-05T16:56:20+08:00] 
SHOW COLUMNS FROM `kw_news_cats` [ SQL RunTime:0.0030s ]
[2017-12-05T16:56:20+08:00] 
SELECT * FROM `kw_news_cats` WHERE `id` = 0 LIMIT 1   [ SQL RunTime:0.0000s ]
[2017-12-05T16:56:20+08:00] 
SELECT * FROM `kw_news_cats` WHERE `id` = 0 LIMIT 1   [ SQL RunTime:0.0000s ]
[2017-12-05T16:56:20+08:00] 
SHOW COLUMNS FROM `kw_news` [ SQL RunTime:0.0030s ]
[2017-12-05T16:56:20+08:00] 
SELECT * FROM `kw_news` WHERE ( pid=0 and ty=0 ) LIMIT 1   [ SQL RunTime:0.0010s ]
[2017-12-05T16:56:20+08:00] 
SHOW COLUMNS FROM `kw_config` [ SQL RunTime:0.0040s ]
[2017-12-05T16:56:20+08:00] 
SELECT * FROM `kw_config` LIMIT 1   [ SQL RunTime:0.0010s ]
[2017-12-05T16:56:20+08:00] 
SHOW COLUMNS FROM `kw_news_cats` [ SQL RunTime:0.0030s ]
[2017-12-05T16:56:20+08:00] 
SELECT * FROM `kw_news_cats` WHERE `id` = 0 LIMIT 1   [ SQL RunTime:0.0000s ]
[2017-12-05T16:56:20+08:00] 
SELECT * FROM `kw_news_cats` WHERE `id` = 0 LIMIT 1   [ SQL RunTime:0.0000s ]
[2017-12-05T16:56:20+08:00] 
SHOW COLUMNS FROM `kw_news` [ SQL RunTime:0.0140s ]
[2017-12-05T16:56:20+08:00] 
SELECT * FROM `kw_news` WHERE ( pid=0 and ty=0 ) LIMIT 1   [ SQL RunTime:0.0010s ]
[2017-12-05T16:56:20+08:00] 
SHOW COLUMNS FROM `kw_config` [ SQL RunTime:0.0040s ]
[2017-12-05T16:56:20+08:00] 
SELECT * FROM `kw_config` LIMIT 1   [ SQL RunTime:0.0010s ]
[2017-12-05T16:56:20+08:00] 
SHOW COLUMNS FROM `kw_news_cats` [ SQL RunTime:0.0030s ]
[2017-12-05T16:56:20+08:00] 
SELECT * FROM `kw_news_cats` WHERE `id` = 0 LIMIT 1   [ SQL RunTime:0.0000s ]
[2017-12-05T16:56:20+08:00] 
SELECT * FROM `kw_news_cats` WHERE `id` = 0 LIMIT 1   [ SQL RunTime:0.0000s ]
[2017-12-05T16:56:20+08:00] 
SHOW COLUMNS FROM `kw_news` [ SQL RunTime:0.0030s ]
[2017-12-05T16:56:20+08:00] 
SELECT * FROM `kw_news` WHERE ( pid=0 and ty=0 ) LIMIT 1   [ SQL RunTime:0.0000s ]
[2017-12-05T16:56:20+08:00] 
SHOW COLUMNS FROM `kw_config` [ SQL RunTime:0.0040s ]
[2017-12-05T16:56:20+08:00] 
SELECT * FROM `kw_config` LIMIT 1   [ SQL RunTime:0.0010s ]
[2017-12-05T16:56:20+08:00] 
SHOW COLUMNS FROM `kw_news_cats` [ SQL RunTime:0.0030s ]
[2017-12-05T16:56:20+08:00] 
SELECT * FROM `kw_news_cats` WHERE `id` = 0 LIMIT 1   [ SQL RunTime:0.0010s ]
[2017-12-05T16:56:20+08:00] 
SELECT * FROM `kw_news_cats` WHERE `id` = 0 LIMIT 1   [ SQL RunTime:0.0010s ]
[2017-12-05T16:56:20+08:00] 
SHOW COLUMNS FROM `kw_news` [ SQL RunTime:0.0040s ]
[2017-12-05T16:56:20+08:00] 
SELECT * FROM `kw_news` WHERE ( pid=0 and ty=0 ) LIMIT 1   [ SQL RunTime:0.0010s ]
[2017-12-05T16:56:20+08:00] 
SHOW COLUMNS FROM `kw_config` [ SQL RunTime:0.0040s ]
[2017-12-05T16:56:20+08:00] 
SELECT * FROM `kw_config` LIMIT 1   [ SQL RunTime:0.0010s ]
[2017-12-05T16:56:20+08:00] 
SHOW COLUMNS FROM `kw_news_cats` [ SQL RunTime:0.0040s ]
[2017-12-05T16:56:20+08:00] 
SELECT * FROM `kw_news_cats` WHERE `id` = 0 LIMIT 1   [ SQL RunTime:0.0010s ]
[2017-12-05T16:56:20+08:00] 
SELECT * FROM `kw_news_cats` WHERE `id` = 0 LIMIT 1   [ SQL RunTime:0.0000s ]
[2017-12-05T16:56:20+08:00] 
SHOW COLUMNS FROM `kw_news` [ SQL RunTime:0.0040s ]
[2017-12-05T16:56:20+08:00] 
SELECT * FROM `kw_news` WHERE ( pid=0 and ty=0 ) LIMIT 1   [ SQL RunTime:0.0010s ]
[2017-12-05T16:56:20+08:00] 
SHOW COLUMNS FROM `kw_config` [ SQL RunTime:0.0030s ]
[2017-12-05T16:56:20+08:00] 
SELECT * FROM `kw_config` LIMIT 1   [ SQL RunTime:0.0010s ]
[2017-12-05T16:56:20+08:00] 
SHOW COLUMNS FROM `kw_news_cats` [ SQL RunTime:0.0030s ]
[2017-12-05T16:56:20+08:00] 
SELECT * FROM `kw_news_cats` WHERE `id` = 0 LIMIT 1   [ SQL RunTime:0.0010s ]
[2017-12-05T16:56:20+08:00] 
SELECT * FROM `kw_news_cats` WHERE `id` = 0 LIMIT 1   [ SQL RunTime:0.0000s ]
[2017-12-05T16:56:20+08:00] 
SHOW COLUMNS FROM `kw_news` [ SQL RunTime:0.0030s ]
[2017-12-05T16:56:20+08:00] 
SELECT * FROM `kw_news` WHERE ( pid=0 and ty=0 ) LIMIT 1   [ SQL RunTime:0.0010s ]
[2017-12-05T16:56:20+08:00] 
SHOW COLUMNS FROM `kw_config` [ SQL RunTime:0.0030s ]
[2017-12-05T16:56:20+08:00] 
SELECT * FROM `kw_config` LIMIT 1   [ SQL RunTime:0.0010s ]
[2017-12-05T16:56:20+08:00] 
SHOW COLUMNS FROM `kw_news_cats` [ SQL RunTime:0.0030s ]
[2017-12-05T16:56:20+08:00] 
SELECT * FROM `kw_news_cats` WHERE `id` = 0 LIMIT 1   [ SQL RunTime:0.0000s ]
[2017-12-05T16:56:20+08:00] 
SELECT * FROM `kw_news_cats` WHERE `id` = 0 LIMIT 1   [ SQL RunTime:0.0010s ]
[2017-12-05T16:56:20+08:00] 
SHOW COLUMNS FROM `kw_news` [ SQL RunTime:0.0030s ]
[2017-12-05T16:56:20+08:00] 
SELECT * FROM `kw_news` WHERE ( pid=0 and ty=0 ) LIMIT 1   [ SQL RunTime:0.0000s ]
[2017-12-05T16:56:20+08:00] 
SHOW COLUMNS FROM `kw_config` [ SQL RunTime:0.0040s ]
[2017-12-05T16:56:20+08:00] 
SELECT * FROM `kw_config` LIMIT 1   [ SQL RunTime:0.0000s ]
[2017-12-05T16:56:20+08:00] 
SHOW COLUMNS FROM `kw_news_cats` [ SQL RunTime:0.1050s ]
[2017-12-05T16:56:20+08:00] 
SELECT * FROM `kw_news_cats` WHERE `id` = 0 LIMIT 1   [ SQL RunTime:0.0000s ]
[2017-12-05T16:56:20+08:00] 
SELECT * FROM `kw_news_cats` WHERE `id` = 0 LIMIT 1   [ SQL RunTime:0.0010s ]
[2017-12-05T16:56:20+08:00] 
SHOW COLUMNS FROM `kw_news` [ SQL RunTime:0.0060s ]
[2017-12-05T16:56:20+08:00] 
SELECT * FROM `kw_news` WHERE ( pid=0 and ty=0 ) LIMIT 1   [ SQL RunTime:0.0000s ]
[2017-12-05T16:56:20+08:00] 
SHOW COLUMNS FROM `kw_config` [ SQL RunTime:0.0090s ]
[2017-12-05T16:56:21+08:00] 
SELECT * FROM `kw_config` LIMIT 1   [ SQL RunTime:0.0010s ]
[2017-12-05T16:56:21+08:00] 
SHOW COLUMNS FROM `kw_news_cats` [ SQL RunTime:0.0050s ]
[2017-12-05T16:56:21+08:00] 
SELECT * FROM `kw_news_cats` WHERE `id` = 0 LIMIT 1   [ SQL RunTime:0.0010s ]
[2017-12-05T16:56:21+08:00] 
SELECT * FROM `kw_news_cats` WHERE `id` = 0 LIMIT 1   [ SQL RunTime:0.0010s ]
[2017-12-05T16:56:21+08:00] 
SHOW COLUMNS FROM `kw_news` [ SQL RunTime:0.0030s ]
[2017-12-05T16:56:21+08:00] 
SELECT * FROM `kw_news` WHERE ( pid=0 and ty=0 ) LIMIT 1   [ SQL RunTime:0.0000s ]
[2017-12-05T16:56:21+08:00] 
SHOW COLUMNS FROM `kw_config` [ SQL RunTime:0.0040s ]
[2017-12-05T16:56:21+08:00] 
SELECT * FROM `kw_config` LIMIT 1   [ SQL RunTime:0.0000s ]
[2017-12-05T16:56:21+08:00] 
SHOW COLUMNS FROM `kw_news_cats` [ SQL RunTime:0.0030s ]
[2017-12-05T16:56:21+08:00] 
SELECT * FROM `kw_news_cats` WHERE `id` = 0 LIMIT 1   [ SQL RunTime:0.0000s ]
[2017-12-05T16:56:21+08:00] 
SELECT * FROM `kw_news_cats` WHERE `id` = 0 LIMIT 1   [ SQL RunTime:0.0000s ]
[2017-12-05T16:56:21+08:00] 
SHOW COLUMNS FROM `kw_news` [ SQL RunTime:0.0030s ]
[2017-12-05T16:56:21+08:00] 
SELECT * FROM `kw_news` WHERE ( pid=0 and ty=0 ) LIMIT 1   [ SQL RunTime:0.0010s ]
[2017-12-05T16:56:21+08:00] 
SHOW COLUMNS FROM `kw_config` [ SQL RunTime:0.0030s ]
[2017-12-05T16:56:21+08:00] 
SELECT * FROM `kw_config` LIMIT 1   [ SQL RunTime:0.0010s ]
[2017-12-05T16:56:21+08:00] 
SHOW COLUMNS FROM `kw_news_cats` [ SQL RunTime:0.0030s ]
[2017-12-05T16:56:21+08:00] 
SELECT * FROM `kw_news_cats` WHERE `id` = 0 LIMIT 1   [ SQL RunTime:0.0000s ]
[2017-12-05T16:56:21+08:00] 
SELECT * FROM `kw_news_cats` WHERE `id` = 0 LIMIT 1   [ SQL RunTime:0.0000s ]
[2017-12-05T16:56:21+08:00] 
SHOW COLUMNS FROM `kw_news` [ SQL RunTime:0.0050s ]
[2017-12-05T16:56:21+08:00] 
SELECT * FROM `kw_news` WHERE ( pid=0 and ty=0 ) LIMIT 1   [ SQL RunTime:0.0000s ]
[2017-12-05T16:56:21+08:00] 
SHOW COLUMNS FROM `kw_config` [ SQL RunTime:0.0200s ]
[2017-12-05T16:56:21+08:00] 
SELECT * FROM `kw_config` LIMIT 1   [ SQL RunTime:0.0000s ]
[2017-12-05T16:56:21+08:00] 
SHOW COLUMNS FROM `kw_news_cats` [ SQL RunTime:0.0240s ]
[2017-12-05T16:56:21+08:00] 
SELECT * FROM `kw_news_cats` WHERE `id` = 0 LIMIT 1   [ SQL RunTime:0.0000s ]
[2017-12-05T16:56:21+08:00] 
SELECT * FROM `kw_news_cats` WHERE `id` = 0 LIMIT 1   [ SQL RunTime:0.0000s ]
[2017-12-05T16:56:21+08:00] 
SHOW COLUMNS FROM `kw_news` [ SQL RunTime:0.0030s ]
[2017-12-05T16:56:21+08:00] 
SELECT * FROM `kw_news` WHERE ( pid=0 and ty=0 ) LIMIT 1   [ SQL RunTime:0.0010s ]
[2017-12-05T23:35:03+08:00] 
SHOW COLUMNS FROM `kw_config` [ SQL RunTime:3.2972s ]
[2017-12-05T23:35:03+08:00] 
SELECT * FROM `kw_config` LIMIT 1   [ SQL RunTime:0.0640s ]
[2017-12-05T23:35:04+08:00] 
SHOW COLUMNS FROM `kw_news_cats` [ SQL RunTime:0.1490s ]
[2017-12-05T23:35:04+08:00] 
SELECT * FROM `kw_news_cats` WHERE `id` = 0 LIMIT 1   [ SQL RunTime:0.3670s ]
[2017-12-05T23:35:04+08:00] 
SELECT * FROM `kw_news_cats` WHERE `id` = 0 LIMIT 1   [ SQL RunTime:0.0000s ]
[2017-12-05T23:35:04+08:00] 
SHOW COLUMNS FROM `kw_news` [ SQL RunTime:0.1800s ]
[2017-12-05T23:35:05+08:00] 
SELECT * FROM `kw_news` WHERE ( pid=0 and ty=0 ) LIMIT 1   [ SQL RunTime:0.2330s ]
[2017-12-05T23:35:05+08:00] 
SELECT * FROM `kw_news` WHERE `pid` = 5 AND `ty` = -15 LIMIT 1   [ SQL RunTime:0.1140s ]
[2017-12-05T23:35:07+08:00] 
SELECT `content` FROM `kw_news` WHERE `pid` = 1 AND `ty` = -6 LIMIT 1   [ SQL RunTime:0.2390s ]
[2017-12-05T23:35:09+08:00] 
SELECT `id`,`title`,`content` FROM `kw_news` WHERE `pid` = 2 AND `ty` = 7 AND `isstate` = 1 ORDER BY isgood desc , disorder desc, sendtime desc LIMIT 4   [ SQL RunTime:0.8330s ]
[2017-12-05T23:35:09+08:00] 
SELECT `id`,`img1`,`img2`,`title` FROM `kw_news` WHERE `pid` = 3 AND `ty` = 8 AND `isstate` = 1 ORDER BY isgood desc , disorder desc, sendtime desc LIMIT 5   [ SQL RunTime:0.0020s ]
[2017-12-05T23:35:09+08:00] 
SELECT `id`,`img1`,`content`,`sendtime`,`title` FROM `kw_news` WHERE `pid` = 4 AND `ty` = 9 AND `isstate` = 1 ORDER BY isgood desc , disorder desc, sendtime desc LIMIT 6   [ SQL RunTime:0.0360s ]
[2017-12-05T23:35:09+08:00] 
SELECT `id`,`title` FROM `kw_news` WHERE `pid` = 5 AND `ty` = 10 AND `isstate` = 1 ORDER BY isgood desc , disorder desc, sendtime desc  [ SQL RunTime:0.0030s ]
[2017-12-05T23:35:09+08:00] 
SELECT `catname`,`id`,`pid` FROM `kw_news_cats` WHERE ( pid = 0 and id <=4 ) ORDER BY disorder desc,id asc  [ SQL RunTime:0.1250s ]
[2017-12-05T23:35:09+08:00] 
SELECT * FROM `kw_news` WHERE `pid` = 5 AND `ty` = 11 AND `isstate` = 1 ORDER BY isgood desc , disorder desc, sendtime desc  [ SQL RunTime:0.0010s ]
[2017-12-05T23:35:10+08:00] 
SELECT * FROM `kw_news` WHERE `pid` = 5 AND `ty` = 13 AND `isstate` = 1 ORDER BY isgood desc , disorder desc, sendtime desc  [ SQL RunTime:0.0000s ]
[2017-12-05T23:35:13+08:00] 
SHOW COLUMNS FROM `kw_config` [ SQL RunTime:0.0060s ]
[2017-12-05T23:35:13+08:00] 
SELECT * FROM `kw_config` LIMIT 1   [ SQL RunTime:0.0000s ]
[2017-12-05T23:35:13+08:00] 
SHOW COLUMNS FROM `kw_news_cats` [ SQL RunTime:0.0050s ]
[2017-12-05T23:35:13+08:00] 
SELECT * FROM `kw_news_cats` WHERE `id` = 0 LIMIT 1   [ SQL RunTime:0.0010s ]
[2017-12-05T23:35:13+08:00] 
SELECT * FROM `kw_news_cats` WHERE `id` = 0 LIMIT 1   [ SQL RunTime:0.0010s ]
[2017-12-05T23:35:13+08:00] 
SHOW COLUMNS FROM `kw_news` [ SQL RunTime:0.0050s ]
[2017-12-05T23:35:13+08:00] 
SELECT * FROM `kw_news` WHERE ( pid=0 and ty=0 ) LIMIT 1   [ SQL RunTime:0.0000s ]
[2017-12-05T23:35:13+08:00] 
SHOW COLUMNS FROM `kw_config` [ SQL RunTime:0.0040s ]
[2017-12-05T23:35:13+08:00] 
SELECT * FROM `kw_config` LIMIT 1   [ SQL RunTime:0.0000s ]
[2017-12-05T23:35:13+08:00] 
SHOW COLUMNS FROM `kw_news_cats` [ SQL RunTime:0.0020s ]
[2017-12-05T23:35:13+08:00] 
SELECT * FROM `kw_news_cats` WHERE `id` = 0 LIMIT 1   [ SQL RunTime:0.0000s ]
[2017-12-05T23:35:13+08:00] 
SELECT * FROM `kw_news_cats` WHERE `id` = 0 LIMIT 1   [ SQL RunTime:0.0000s ]
[2017-12-05T23:35:13+08:00] 
SHOW COLUMNS FROM `kw_news` [ SQL RunTime:0.0030s ]
[2017-12-05T23:35:13+08:00] 
SELECT * FROM `kw_news` WHERE ( pid=0 and ty=0 ) LIMIT 1   [ SQL RunTime:0.0010s ]
[2017-12-05T23:35:14+08:00] 
SHOW COLUMNS FROM `kw_config` [ SQL RunTime:0.0030s ]
[2017-12-05T23:35:14+08:00] 
SELECT * FROM `kw_config` LIMIT 1   [ SQL RunTime:0.0000s ]
[2017-12-05T23:35:14+08:00] 
SHOW COLUMNS FROM `kw_news_cats` [ SQL RunTime:0.0030s ]
[2017-12-05T23:35:14+08:00] 
SELECT * FROM `kw_news_cats` WHERE `id` = 0 LIMIT 1   [ SQL RunTime:0.0000s ]
[2017-12-05T23:35:14+08:00] 
SELECT * FROM `kw_news_cats` WHERE `id` = 0 LIMIT 1   [ SQL RunTime:0.0000s ]
[2017-12-05T23:35:15+08:00] 
SHOW COLUMNS FROM `kw_news` [ SQL RunTime:0.0040s ]
[2017-12-05T23:35:15+08:00] 
SELECT * FROM `kw_news` WHERE ( pid=0 and ty=0 ) LIMIT 1   [ SQL RunTime:0.0010s ]
[2017-12-05T23:35:15+08:00] 
SHOW COLUMNS FROM `kw_config` [ SQL RunTime:0.0490s ]
[2017-12-05T23:35:15+08:00] 
SELECT * FROM `kw_config` LIMIT 1   [ SQL RunTime:0.0010s ]
[2017-12-05T23:35:15+08:00] 
SHOW COLUMNS FROM `kw_news_cats` [ SQL RunTime:0.0050s ]
[2017-12-05T23:35:15+08:00] 
SELECT * FROM `kw_news_cats` WHERE `id` = 0 LIMIT 1   [ SQL RunTime:0.0010s ]
[2017-12-05T23:35:15+08:00] 
SELECT * FROM `kw_news_cats` WHERE `id` = 0 LIMIT 1   [ SQL RunTime:0.0010s ]
[2017-12-05T23:35:15+08:00] 
SHOW COLUMNS FROM `kw_news` [ SQL RunTime:0.0050s ]
[2017-12-05T23:35:15+08:00] 
SELECT * FROM `kw_news` WHERE ( pid=0 and ty=0 ) LIMIT 1   [ SQL RunTime:0.0000s ]
[2017-12-05T23:45:57+08:00] 
SHOW COLUMNS FROM `kw_config` [ SQL RunTime:0.0040s ]
[2017-12-05T23:45:57+08:00] 
SELECT * FROM `kw_config` LIMIT 1   [ SQL RunTime:0.0010s ]
[2017-12-05T23:45:57+08:00] 
SHOW COLUMNS FROM `kw_news_cats` [ SQL RunTime:0.0130s ]
[2017-12-05T23:45:57+08:00] 
SELECT * FROM `kw_news_cats` WHERE `id` = 0 LIMIT 1   [ SQL RunTime:0.0010s ]
[2017-12-05T23:45:57+08:00] 
SELECT * FROM `kw_news_cats` WHERE `id` = 0 LIMIT 1   [ SQL RunTime:0.0010s ]
[2017-12-05T23:45:57+08:00] 
SHOW COLUMNS FROM `kw_news` [ SQL RunTime:0.0040s ]
[2017-12-05T23:45:57+08:00] 
SELECT * FROM `kw_news` WHERE ( pid=0 and ty=0 ) LIMIT 1   [ SQL RunTime:0.0010s ]
[2017-12-05T23:45:57+08:00] 
SELECT * FROM `kw_news` WHERE `pid` = 5 AND `ty` = -15 LIMIT 1   [ SQL RunTime:0.0000s ]
[2017-12-05T23:45:57+08:00] 
SELECT `content` FROM `kw_news` WHERE `pid` = 1 AND `ty` = -6 LIMIT 1   [ SQL RunTime:0.0000s ]
[2017-12-05T23:45:57+08:00] 
SELECT `id`,`title`,`content` FROM `kw_news` WHERE `pid` = 2 AND `ty` = 7 AND `isstate` = 1 ORDER BY isgood desc , disorder desc, sendtime desc LIMIT 4   [ SQL RunTime:0.0000s ]
[2017-12-05T23:45:57+08:00] 
SELECT `id`,`img1`,`img2`,`title` FROM `kw_news` WHERE `pid` = 3 AND `ty` = 8 AND `isstate` = 1 ORDER BY isgood desc , disorder desc, sendtime desc LIMIT 5   [ SQL RunTime:0.0000s ]
[2017-12-05T23:45:57+08:00] 
SELECT `id`,`img1`,`content`,`sendtime`,`title` FROM `kw_news` WHERE `pid` = 4 AND `ty` = 9 AND `isstate` = 1 ORDER BY isgood desc , disorder desc, sendtime desc LIMIT 6   [ SQL RunTime:0.0000s ]
[2017-12-05T23:45:57+08:00] 
SELECT `id`,`title` FROM `kw_news` WHERE `pid` = 5 AND `ty` = 10 AND `isstate` = 1 ORDER BY isgood desc , disorder desc, sendtime desc  [ SQL RunTime:0.0010s ]
[2017-12-05T23:45:57+08:00] 
SELECT `catname`,`id`,`pid` FROM `kw_news_cats` WHERE ( pid = 0 and id <=4 ) ORDER BY disorder desc,id asc  [ SQL RunTime:0.0000s ]
[2017-12-05T23:45:57+08:00] 
SELECT * FROM `kw_news` WHERE `pid` = 5 AND `ty` = 11 AND `isstate` = 1 ORDER BY isgood desc , disorder desc, sendtime desc  [ SQL RunTime:0.0010s ]
[2017-12-05T23:45:57+08:00] 
SELECT * FROM `kw_news` WHERE `pid` = 5 AND `ty` = 13 AND `isstate` = 1 ORDER BY isgood desc , disorder desc, sendtime desc  [ SQL RunTime:0.0010s ]
[2017-12-05T23:45:58+08:00] 
SHOW COLUMNS FROM `kw_config` [ SQL RunTime:0.0030s ]
[2017-12-05T23:45:58+08:00] 
SELECT * FROM `kw_config` LIMIT 1   [ SQL RunTime:0.0000s ]
[2017-12-05T23:45:58+08:00] 
SHOW COLUMNS FROM `kw_news_cats` [ SQL RunTime:0.0040s ]
[2017-12-05T23:45:58+08:00] 
SELECT * FROM `kw_news_cats` WHERE `id` = 0 LIMIT 1   [ SQL RunTime:0.0000s ]
[2017-12-05T23:45:58+08:00] 
SELECT * FROM `kw_news_cats` WHERE `id` = 0 LIMIT 1   [ SQL RunTime:0.0000s ]
[2017-12-05T23:45:58+08:00] 
SHOW COLUMNS FROM `kw_news` [ SQL RunTime:0.0030s ]
[2017-12-05T23:45:58+08:00] 
SELECT * FROM `kw_news` WHERE ( pid=0 and ty=0 ) LIMIT 1   [ SQL RunTime:0.0000s ]
[2017-12-05T23:45:58+08:00] 
SHOW COLUMNS FROM `kw_config` [ SQL RunTime:0.0040s ]
[2017-12-05T23:45:58+08:00] 
SELECT * FROM `kw_config` LIMIT 1   [ SQL RunTime:0.0000s ]
[2017-12-05T23:45:58+08:00] 
SHOW COLUMNS FROM `kw_news_cats` [ SQL RunTime:0.0500s ]
[2017-12-05T23:45:58+08:00] 
SELECT * FROM `kw_news_cats` WHERE `id` = 0 LIMIT 1   [ SQL RunTime:0.0010s ]
[2017-12-05T23:45:58+08:00] 
SELECT * FROM `kw_news_cats` WHERE `id` = 0 LIMIT 1   [ SQL RunTime:0.0010s ]
[2017-12-05T23:45:58+08:00] 
SHOW COLUMNS FROM `kw_news` [ SQL RunTime:0.0030s ]
[2017-12-05T23:45:58+08:00] 
SELECT * FROM `kw_news` WHERE ( pid=0 and ty=0 ) LIMIT 1   [ SQL RunTime:0.0010s ]
[2017-12-05T23:46:13+08:00] 
SHOW COLUMNS FROM `kw_config` [ SQL RunTime:0.0260s ]
[2017-12-05T23:46:13+08:00] 
SELECT * FROM `kw_config` WHERE `id` = 1 LIMIT 1   [ SQL RunTime:0.0000s ]
[2017-12-05T23:46:22+08:00] 
SHOW COLUMNS FROM `kw_config` [ SQL RunTime:0.0040s ]
[2017-12-05T23:46:22+08:00] 
SELECT * FROM `kw_config` WHERE `id` = 1 LIMIT 1   [ SQL RunTime:0.0000s ]
[2017-12-05T23:46:23+08:00] 
SHOW COLUMNS FROM `kw_config` [ SQL RunTime:0.0030s ]
[2017-12-05T23:46:23+08:00] 
SELECT * FROM `kw_config` WHERE `id` = 1 LIMIT 1   [ SQL RunTime:0.0000s ]
[2017-12-05T23:46:23+08:00] 
SHOW COLUMNS FROM `kw_config` [ SQL RunTime:0.0030s ]
[2017-12-05T23:46:23+08:00] 
SELECT * FROM `kw_config` WHERE `id` = 1 LIMIT 1   [ SQL RunTime:0.0010s ]
[2017-12-05T23:46:24+08:00] 
SHOW COLUMNS FROM `kw_config` [ SQL RunTime:0.0030s ]
[2017-12-05T23:46:24+08:00] 
SELECT * FROM `kw_config` WHERE `id` = 1 LIMIT 1   [ SQL RunTime:0.0010s ]
[2017-12-05T23:46:24+08:00] 
SHOW COLUMNS FROM `kw_news_cats` [ SQL RunTime:0.0030s ]
[2017-12-05T23:46:24+08:00] 
SELECT * FROM `kw_news_cats` WHERE ( pid=0 AND isstate=1 ) ORDER BY disorder desc,id asc  [ SQL RunTime:0.0010s ]
[2017-12-05T23:46:24+08:00] 
SHOW COLUMNS FROM `kw_config` [ SQL RunTime:0.0040s ]
[2017-12-05T23:46:25+08:00] 
SELECT * FROM `kw_config` WHERE `id` = 1 LIMIT 1   [ SQL RunTime:0.0010s ]
[2017-12-05T23:46:32+08:00] 
SHOW COLUMNS FROM `kw_config` [ SQL RunTime:0.0040s ]
[2017-12-05T23:46:32+08:00] 
SELECT * FROM `kw_config` WHERE `id` = 1 LIMIT 1   [ SQL RunTime:0.0010s ]
[2017-12-05T23:46:32+08:00] 
SHOW COLUMNS FROM `kw_logs` [ SQL RunTime:0.0040s ]
[2017-12-05T23:46:32+08:00] 
SELECT COUNT(*) AS tp_count FROM `kw_logs` LIMIT 1   [ SQL RunTime:0.0010s ]
[2017-12-05T23:46:32+08:00] 
SELECT * FROM `kw_logs` ORDER BY sendtime desc LIMIT 0,30   [ SQL RunTime:0.0000s ]
[2017-12-05T23:46:33+08:00] 
SHOW COLUMNS FROM `kw_config` [ SQL RunTime:0.0030s ]
[2017-12-05T23:46:33+08:00] 
SELECT * FROM `kw_config` LIMIT 1   [ SQL RunTime:0.0010s ]
[2017-12-05T23:46:33+08:00] 
SHOW COLUMNS FROM `kw_news_cats` [ SQL RunTime:0.0040s ]
[2017-12-05T23:46:33+08:00] 
SELECT * FROM `kw_news_cats` WHERE `id` = 0 LIMIT 1   [ SQL RunTime:0.0000s ]
[2017-12-05T23:46:33+08:00] 
SELECT * FROM `kw_news_cats` WHERE `id` = 0 LIMIT 1   [ SQL RunTime:0.0000s ]
[2017-12-05T23:46:33+08:00] 
SHOW COLUMNS FROM `kw_news` [ SQL RunTime:0.0030s ]
[2017-12-05T23:46:33+08:00] 
SELECT * FROM `kw_news` WHERE ( pid=0 and ty=0 ) LIMIT 1   [ SQL RunTime:0.0000s ]
[2017-12-05T23:46:36+08:00] 
SHOW COLUMNS FROM `kw_config` [ SQL RunTime:0.0030s ]
[2017-12-05T23:46:36+08:00] 
SELECT * FROM `kw_config` WHERE `id` = 1 LIMIT 1   [ SQL RunTime:0.0010s ]
[2017-12-05T23:46:36+08:00] 
SHOW COLUMNS FROM `kw_news_cats` [ SQL RunTime:0.0030s ]
[2017-12-05T23:46:36+08:00] 
SELECT `catname` FROM `kw_news_cats` WHERE `id` = 0 LIMIT 1   [ SQL RunTime:0.0000s ]
[2017-12-05T23:46:36+08:00] 
SELECT `catname` FROM `kw_news_cats` WHERE `id` = 0 LIMIT 1   [ SQL RunTime:0.0000s ]
[2017-12-05T23:46:36+08:00] 
SELECT `showtype` FROM `kw_news_cats` WHERE `id` = 0 LIMIT 1   [ SQL RunTime:0.0000s ]
[2017-12-05T23:46:38+08:00] 
SHOW COLUMNS FROM `kw_config` [ SQL RunTime:0.0030s ]
[2017-12-05T23:46:38+08:00] 
SELECT * FROM `kw_config` WHERE `id` = 1 LIMIT 1   [ SQL RunTime:0.0010s ]
[2017-12-05T23:46:38+08:00] 
SHOW COLUMNS FROM `kw_news_cats` [ SQL RunTime:0.0030s ]
[2017-12-05T23:46:38+08:00] 
SELECT `catname` FROM `kw_news_cats` WHERE `id` = 0 LIMIT 1   [ SQL RunTime:0.0010s ]
[2017-12-05T23:46:38+08:00] 
SELECT `catname` FROM `kw_news_cats` WHERE `id` = 0 LIMIT 1   [ SQL RunTime:0.0000s ]
[2017-12-05T23:46:38+08:00] 
SELECT `showtype` FROM `kw_news_cats` WHERE `id` = 0 LIMIT 1   [ SQL RunTime:0.0000s ]
[2017-12-05T23:48:40+08:00] 
SHOW COLUMNS FROM `kw_config` [ SQL RunTime:0.0030s ]
[2017-12-05T23:48:40+08:00] 
SELECT * FROM `kw_config` WHERE `id` = 1 LIMIT 1   [ SQL RunTime:0.0010s ]
[2017-12-05T23:48:40+08:00] 
SHOW COLUMNS FROM `kw_news_cats` [ SQL RunTime:0.0030s ]
[2017-12-05T23:48:40+08:00] 
SELECT `catname` FROM `kw_news_cats` WHERE `id` = 0 LIMIT 1   [ SQL RunTime:0.0000s ]
[2017-12-05T23:48:40+08:00] 
SELECT `catname` FROM `kw_news_cats` WHERE `id` = 0 LIMIT 1   [ SQL RunTime:0.0000s ]
[2017-12-05T23:48:40+08:00] 
SELECT `showtype` FROM `kw_news_cats` WHERE `id` = 0 LIMIT 1   [ SQL RunTime:0.0000s ]
[2017-12-05T23:48:40+08:00] 
SELECT * FROM `kw_news_cats` ORDER BY id asc  [ SQL RunTime:0.0000s ]
[2017-12-05T23:48:41+08:00] 
SHOW COLUMNS FROM `kw_config` [ SQL RunTime:0.0040s ]
[2017-12-05T23:48:41+08:00] 
SELECT * FROM `kw_config` WHERE `id` = 1 LIMIT 1   [ SQL RunTime:0.0000s ]
[2017-12-05T23:48:41+08:00] 
SHOW COLUMNS FROM `kw_news_cats` [ SQL RunTime:0.0020s ]
[2017-12-05T23:48:41+08:00] 
SELECT `catname` FROM `kw_news_cats` WHERE `id` = 0 LIMIT 1   [ SQL RunTime:0.0000s ]
[2017-12-05T23:48:41+08:00] 
SELECT `catname` FROM `kw_news_cats` WHERE `id` = 0 LIMIT 1   [ SQL RunTime:0.0000s ]
[2017-12-05T23:48:41+08:00] 
SELECT `showtype` FROM `kw_news_cats` WHERE `id` = 0 LIMIT 1   [ SQL RunTime:0.0010s ]
[2017-12-05T23:48:41+08:00] 
SELECT * FROM `kw_news_cats` ORDER BY id asc  [ SQL RunTime:0.0010s ]
[2017-12-05T23:48:42+08:00] 
SHOW COLUMNS FROM `kw_config` [ SQL RunTime:0.0110s ]
[2017-12-05T23:48:42+08:00] 
SELECT * FROM `kw_config` WHERE `id` = 1 LIMIT 1   [ SQL RunTime:0.0010s ]
[2017-12-05T23:48:43+08:00] 
SHOW COLUMNS FROM `kw_config` [ SQL RunTime:0.0040s ]
[2017-12-05T23:48:43+08:00] 
SELECT * FROM `kw_config` WHERE `id` = 1 LIMIT 1   [ SQL RunTime:0.0000s ]
[2017-12-05T23:48:43+08:00] 
SHOW COLUMNS FROM `kw_manager` [ SQL RunTime:0.0260s ]
[2017-12-05T23:48:43+08:00] 
SELECT COUNT(*) AS tp_count FROM `kw_manager` LIMIT 1   [ SQL RunTime:0.0000s ]
[2017-12-05T23:48:43+08:00] 
SELECT * FROM `kw_manager` ORDER BY id ASC LIMIT 0,999   [ SQL RunTime:0.0000s ]
[2017-12-05T23:48:43+08:00] 
SHOW COLUMNS FROM `kw_config` [ SQL RunTime:0.0060s ]
[2017-12-05T23:48:43+08:00] 
SELECT * FROM `kw_config` LIMIT 1   [ SQL RunTime:0.0020s ]
[2017-12-05T23:48:43+08:00] 
SHOW COLUMNS FROM `kw_news_cats` [ SQL RunTime:0.0030s ]
[2017-12-05T23:48:43+08:00] 
SELECT * FROM `kw_news_cats` WHERE `id` = 0 LIMIT 1   [ SQL RunTime:0.0000s ]
[2017-12-05T23:48:43+08:00] 
SELECT * FROM `kw_news_cats` WHERE `id` = 0 LIMIT 1   [ SQL RunTime:0.0000s ]
[2017-12-05T23:48:43+08:00] 
SHOW COLUMNS FROM `kw_news` [ SQL RunTime:0.0030s ]
[2017-12-05T23:48:43+08:00] 
SELECT * FROM `kw_news` WHERE ( pid=0 and ty=0 ) LIMIT 1   [ SQL RunTime:0.0000s ]
[2017-12-05T23:48:49+08:00] 
SHOW COLUMNS FROM `kw_config` [ SQL RunTime:0.0040s ]
[2017-12-05T23:48:49+08:00] 
SELECT * FROM `kw_config` LIMIT 1   [ SQL RunTime:0.0010s ]
[2017-12-05T23:48:49+08:00] 
SHOW COLUMNS FROM `kw_news_cats` [ SQL RunTime:0.0030s ]
[2017-12-05T23:48:49+08:00] 
SELECT * FROM `kw_news_cats` WHERE `id` = 0 LIMIT 1   [ SQL RunTime:0.0010s ]
[2017-12-05T23:48:49+08:00] 
SELECT * FROM `kw_news_cats` WHERE `id` = 0 LIMIT 1   [ SQL RunTime:0.0010s ]
[2017-12-05T23:48:49+08:00] 
SHOW COLUMNS FROM `kw_news` [ SQL RunTime:0.0030s ]
[2017-12-05T23:48:49+08:00] 
SELECT * FROM `kw_news` WHERE ( pid=0 and ty=0 ) LIMIT 1   [ SQL RunTime:0.0000s ]
[2017-12-05T23:48:49+08:00] 
SHOW COLUMNS FROM `kw_config` [ SQL RunTime:0.0030s ]
[2017-12-05T23:48:49+08:00] 
SELECT * FROM `kw_config` WHERE `id` = 1 LIMIT 1   [ SQL RunTime:0.0010s ]
[2017-12-05T23:48:49+08:00] 
SHOW COLUMNS FROM `kw_news_cats` [ SQL RunTime:0.0030s ]
[2017-12-05T23:48:49+08:00] 
SELECT `catname` FROM `kw_news_cats` WHERE `id` = 0 LIMIT 1   [ SQL RunTime:0.0010s ]
[2017-12-05T23:48:49+08:00] 
SELECT `catname` FROM `kw_news_cats` WHERE `id` = 0 LIMIT 1   [ SQL RunTime:0.0000s ]
[2017-12-05T23:48:49+08:00] 
SELECT `showtype` FROM `kw_news_cats` WHERE `id` = 0 LIMIT 1   [ SQL RunTime:0.0000s ]
[2017-12-05T23:48:49+08:00] 
SELECT `id` FROM `kw_news_cats` WHERE `showtype` = 1 AND `pid` = 0 AND `catname` <> '辅助栏目'  [ SQL RunTime:0.0010s ]
[2017-12-05T23:48:49+08:00] 
SELECT `id` FROM `kw_news_cats` WHERE `showtype` = 2 AND `pid` = 0 AND `catname` <> '辅助栏目'  [ SQL RunTime:0.0010s ]
[2017-12-05T23:48:49+08:00] 
SELECT `id` FROM `kw_news_cats` WHERE `showtype` = 3 AND `pid` = 0 AND `catname` <> '辅助栏目'  [ SQL RunTime:0.0010s ]
[2017-12-05T23:48:49+08:00] 
SELECT `id` FROM `kw_news_cats` WHERE `showtype` = 4 AND `pid` = 0 AND `catname` <> '辅助栏目'  [ SQL RunTime:0.0000s ]
[2017-12-05T23:48:49+08:00] 
SELECT `id` FROM `kw_news_cats` WHERE `showtype` = 5 AND `pid` = 0 AND `catname` <> '辅助栏目'  [ SQL RunTime:0.0010s ]
[2017-12-05T23:48:49+08:00] 
SELECT `id` FROM `kw_news_cats` WHERE `showtype` = 6 AND `pid` = 0 AND `catname` <> '辅助栏目'  [ SQL RunTime:0.0000s ]
[2017-12-05T23:48:49+08:00] 
SELECT `id` FROM `kw_news_cats` WHERE `showtype` = 7 AND `pid` = 0 AND `catname` <> '辅助栏目'  [ SQL RunTime:0.0010s ]
[2017-12-05T23:48:49+08:00] 
SELECT `id` FROM `kw_news_cats` WHERE `showtype` = 8 AND `pid` = 0 AND `catname` <> '辅助栏目'  [ SQL RunTime:0.0000s ]
[2017-12-05T23:48:49+08:00] 
SELECT `id` FROM `kw_news_cats` WHERE `showtype` = 9 AND `pid` = 0 AND `catname` <> '辅助栏目'  [ SQL RunTime:0.0010s ]
[2017-12-05T23:48:49+08:00] 
SELECT `id` FROM `kw_news_cats` WHERE `showtype` = 10 AND `pid` = 0 AND `catname` <> '辅助栏目'  [ SQL RunTime:0.0010s ]
[2017-12-05T23:48:49+08:00] 
SELECT `id` FROM `kw_news_cats` WHERE `showtype` = 11 AND `pid` = 0 AND `catname` <> '辅助栏目'  [ SQL RunTime:0.0000s ]
[2017-12-05T23:48:49+08:00] 
SELECT * FROM `kw_news_cats` ORDER BY id asc  [ SQL RunTime:0.0000s ]
[2017-12-05T23:52:24+08:00] 
SHOW COLUMNS FROM `kw_config` [ SQL RunTime:0.0030s ]
[2017-12-05T23:52:24+08:00] 
SELECT * FROM `kw_config` LIMIT 1   [ SQL RunTime:0.0010s ]
[2017-12-05T23:52:24+08:00] 
SHOW COLUMNS FROM `kw_news_cats` [ SQL RunTime:0.0030s ]
[2017-12-05T23:52:24+08:00] 
SELECT * FROM `kw_news_cats` WHERE `id` = 0 LIMIT 1   [ SQL RunTime:0.0010s ]
[2017-12-05T23:52:24+08:00] 
SELECT * FROM `kw_news_cats` WHERE `id` = 0 LIMIT 1   [ SQL RunTime:0.0010s ]
[2017-12-05T23:52:24+08:00] 
SHOW COLUMNS FROM `kw_news` [ SQL RunTime:0.0030s ]
[2017-12-05T23:52:24+08:00] 
SELECT * FROM `kw_news` WHERE ( pid=0 and ty=0 ) LIMIT 1   [ SQL RunTime:0.0000s ]
[2017-12-05T23:52:24+08:00] 
SELECT * FROM `kw_news` WHERE `pid` = 5 AND `ty` = -15 LIMIT 1   [ SQL RunTime:0.0000s ]
[2017-12-05T23:52:24+08:00] 
SHOW COLUMNS FROM `kw_config` [ SQL RunTime:0.0040s ]
[2017-12-05T23:52:24+08:00] 
SELECT * FROM `kw_config` LIMIT 1   [ SQL RunTime:0.0010s ]
[2017-12-05T23:52:24+08:00] 
SHOW COLUMNS FROM `kw_news_cats` [ SQL RunTime:0.0050s ]
[2017-12-05T23:52:24+08:00] 
SELECT * FROM `kw_news_cats` WHERE `id` = 0 LIMIT 1   [ SQL RunTime:0.0010s ]
[2017-12-05T23:52:24+08:00] 
SELECT * FROM `kw_news_cats` WHERE `id` = 0 LIMIT 1   [ SQL RunTime:0.0000s ]
[2017-12-05T23:52:24+08:00] 
SHOW COLUMNS FROM `kw_news` [ SQL RunTime:0.0030s ]
[2017-12-05T23:52:24+08:00] 
SELECT * FROM `kw_news` WHERE ( pid=0 and ty=0 ) LIMIT 1   [ SQL RunTime:0.0010s ]
[2017-12-05T23:52:24+08:00] 
SHOW COLUMNS FROM `kw_config` [ SQL RunTime:0.0040s ]
[2017-12-05T23:52:24+08:00] 
SELECT * FROM `kw_config` LIMIT 1   [ SQL RunTime:0.0010s ]
[2017-12-05T23:52:24+08:00] 
SHOW COLUMNS FROM `kw_news_cats` [ SQL RunTime:0.0040s ]
[2017-12-05T23:52:24+08:00] 
SELECT * FROM `kw_news_cats` WHERE `id` = 0 LIMIT 1   [ SQL RunTime:0.0010s ]
[2017-12-05T23:52:24+08:00] 
SELECT * FROM `kw_news_cats` WHERE `id` = 0 LIMIT 1   [ SQL RunTime:0.0010s ]
[2017-12-05T23:52:24+08:00] 
SHOW COLUMNS FROM `kw_news` [ SQL RunTime:0.0040s ]
[2017-12-05T23:52:24+08:00] 
SELECT * FROM `kw_news` WHERE ( pid=0 and ty=0 ) LIMIT 1   [ SQL RunTime:0.0010s ]
[2017-12-05T23:52:24+08:00] 
SHOW COLUMNS FROM `kw_config` [ SQL RunTime:0.0040s ]
[2017-12-05T23:52:24+08:00] 
SELECT * FROM `kw_config` LIMIT 1   [ SQL RunTime:0.0000s ]
[2017-12-05T23:52:24+08:00] 
SHOW COLUMNS FROM `kw_news_cats` [ SQL RunTime:0.0040s ]
[2017-12-05T23:52:24+08:00] 
SELECT * FROM `kw_news_cats` WHERE `id` = 0 LIMIT 1   [ SQL RunTime:0.0000s ]
[2017-12-05T23:52:24+08:00] 
SELECT * FROM `kw_news_cats` WHERE `id` = 0 LIMIT 1   [ SQL RunTime:0.0000s ]
[2017-12-05T23:52:24+08:00] 
SHOW COLUMNS FROM `kw_news` [ SQL RunTime:0.0030s ]
[2017-12-05T23:52:24+08:00] 
SELECT * FROM `kw_news` WHERE ( pid=0 and ty=0 ) LIMIT 1   [ SQL RunTime:0.0010s ]
[2017-12-05T23:52:26+08:00] 
SHOW COLUMNS FROM `kw_config` [ SQL RunTime:0.0050s ]
[2017-12-05T23:52:26+08:00] 
SELECT * FROM `kw_config` LIMIT 1   [ SQL RunTime:0.0010s ]
[2017-12-05T23:52:26+08:00] 
SHOW COLUMNS FROM `kw_news_cats` [ SQL RunTime:0.0040s ]
[2017-12-05T23:52:26+08:00] 
SELECT * FROM `kw_news_cats` WHERE `id` = 0 LIMIT 1   [ SQL RunTime:0.0010s ]
[2017-12-05T23:52:26+08:00] 
SELECT * FROM `kw_news_cats` WHERE `id` = 0 LIMIT 1   [ SQL RunTime:0.0010s ]
[2017-12-05T23:52:26+08:00] 
SHOW COLUMNS FROM `kw_news` [ SQL RunTime:0.0040s ]
[2017-12-05T23:52:26+08:00] 
SELECT * FROM `kw_news` WHERE ( pid=0 and ty=0 ) LIMIT 1   [ SQL RunTime:0.0010s ]
[2017-12-05T23:52:26+08:00] 
SHOW COLUMNS FROM `kw_config` [ SQL RunTime:0.0030s ]
[2017-12-05T23:52:26+08:00] 
SELECT * FROM `kw_config` LIMIT 1   [ SQL RunTime:0.0020s ]
[2017-12-05T23:52:26+08:00] 
SHOW COLUMNS FROM `kw_news_cats` [ SQL RunTime:0.0070s ]
[2017-12-05T23:52:26+08:00] 
SELECT * FROM `kw_news_cats` WHERE `id` = 0 LIMIT 1   [ SQL RunTime:0.0000s ]
[2017-12-05T23:52:26+08:00] 
SELECT * FROM `kw_news_cats` WHERE `id` = 0 LIMIT 1   [ SQL RunTime:0.0000s ]
[2017-12-05T23:52:26+08:00] 
SHOW COLUMNS FROM `kw_news` [ SQL RunTime:0.0030s ]
[2017-12-05T23:52:26+08:00] 
SELECT * FROM `kw_news` WHERE ( pid=0 and ty=0 ) LIMIT 1   [ SQL RunTime:0.0010s ]
[2017-12-05T23:52:26+08:00] 
SHOW COLUMNS FROM `kw_config` [ SQL RunTime:0.0040s ]
[2017-12-05T23:52:26+08:00] 
SELECT * FROM `kw_config` LIMIT 1   [ SQL RunTime:0.0010s ]
[2017-12-05T23:52:26+08:00] 
SHOW COLUMNS FROM `kw_news_cats` [ SQL RunTime:0.0050s ]
[2017-12-05T23:52:26+08:00] 
SELECT * FROM `kw_news_cats` WHERE `id` = 0 LIMIT 1   [ SQL RunTime:0.0000s ]
[2017-12-05T23:52:26+08:00] 
SELECT * FROM `kw_news_cats` WHERE `id` = 0 LIMIT 1   [ SQL RunTime:0.0010s ]
[2017-12-05T23:52:26+08:00] 
SHOW COLUMNS FROM `kw_news` [ SQL RunTime:0.0030s ]
[2017-12-05T23:52:26+08:00] 
SELECT * FROM `kw_news` WHERE ( pid=0 and ty=0 ) LIMIT 1   [ SQL RunTime:0.0010s ]
[2017-12-05T23:57:05+08:00] 
SHOW COLUMNS FROM `kw_config` [ SQL RunTime:0.0040s ]
[2017-12-05T23:57:05+08:00] 
SELECT * FROM `kw_config` LIMIT 1   [ SQL RunTime:0.0010s ]
[2017-12-05T23:57:05+08:00] 
SHOW COLUMNS FROM `kw_news_cats` [ SQL RunTime:0.0030s ]
[2017-12-05T23:57:05+08:00] 
SELECT * FROM `kw_news_cats` WHERE `id` = 0 LIMIT 1   [ SQL RunTime:0.0010s ]
[2017-12-05T23:57:05+08:00] 
SELECT * FROM `kw_news_cats` WHERE `id` = 0 LIMIT 1   [ SQL RunTime:0.0000s ]
[2017-12-05T23:57:05+08:00] 
SHOW COLUMNS FROM `kw_news` [ SQL RunTime:0.0040s ]
[2017-12-05T23:57:05+08:00] 
SELECT * FROM `kw_news` WHERE ( pid=0 and ty=0 ) LIMIT 1   [ SQL RunTime:0.0000s ]
[2017-12-05T23:57:05+08:00] 
SELECT * FROM `kw_news` WHERE `pid` = 5 AND `ty` = -15 LIMIT 1   [ SQL RunTime:0.0010s ]
[2017-12-05T23:57:06+08:00] 
SHOW COLUMNS FROM `kw_config` [ SQL RunTime:0.0040s ]
[2017-12-05T23:57:06+08:00] 
SELECT * FROM `kw_config` LIMIT 1   [ SQL RunTime:0.0010s ]
[2017-12-05T23:57:06+08:00] 
SHOW COLUMNS FROM `kw_news_cats` [ SQL RunTime:0.0050s ]
[2017-12-05T23:57:06+08:00] 
SELECT * FROM `kw_news_cats` WHERE `id` = 0 LIMIT 1   [ SQL RunTime:0.0010s ]
[2017-12-05T23:57:06+08:00] 
SELECT * FROM `kw_news_cats` WHERE `id` = 0 LIMIT 1   [ SQL RunTime:0.0000s ]
[2017-12-05T23:57:06+08:00] 
SHOW COLUMNS FROM `kw_news` [ SQL RunTime:0.0040s ]
[2017-12-05T23:57:06+08:00] 
SELECT * FROM `kw_news` WHERE ( pid=0 and ty=0 ) LIMIT 1   [ SQL RunTime:0.0000s ]
[2017-12-05T23:57:06+08:00] 
SHOW COLUMNS FROM `kw_config` [ SQL RunTime:0.0040s ]
[2017-12-05T23:57:06+08:00] 
SELECT * FROM `kw_config` LIMIT 1   [ SQL RunTime:0.0000s ]
[2017-12-05T23:57:06+08:00] 
SHOW COLUMNS FROM `kw_news_cats` [ SQL RunTime:0.0040s ]
[2017-12-05T23:57:06+08:00] 
SELECT * FROM `kw_news_cats` WHERE `id` = 0 LIMIT 1   [ SQL RunTime:0.0010s ]
[2017-12-05T23:57:06+08:00] 
SELECT * FROM `kw_news_cats` WHERE `id` = 0 LIMIT 1   [ SQL RunTime:0.0000s ]
[2017-12-05T23:57:06+08:00] 
SHOW COLUMNS FROM `kw_news` [ SQL RunTime:0.0040s ]
[2017-12-05T23:57:06+08:00] 
SELECT * FROM `kw_news` WHERE ( pid=0 and ty=0 ) LIMIT 1   [ SQL RunTime:0.0000s ]
[2017-12-05T23:57:07+08:00] 
SHOW COLUMNS FROM `kw_config` [ SQL RunTime:0.0040s ]
[2017-12-05T23:57:07+08:00] 
SELECT * FROM `kw_config` LIMIT 1   [ SQL RunTime:0.0010s ]
[2017-12-05T23:57:07+08:00] 
SHOW COLUMNS FROM `kw_news_cats` [ SQL RunTime:0.0040s ]
[2017-12-05T23:57:07+08:00] 
SELECT * FROM `kw_news_cats` WHERE `id` = 0 LIMIT 1   [ SQL RunTime:0.0010s ]
[2017-12-05T23:57:07+08:00] 
SELECT * FROM `kw_news_cats` WHERE `id` = 0 LIMIT 1   [ SQL RunTime:0.0000s ]
[2017-12-05T23:57:07+08:00] 
SHOW COLUMNS FROM `kw_news` [ SQL RunTime:0.0020s ]
[2017-12-05T23:57:07+08:00] 
SELECT * FROM `kw_news` WHERE ( pid=0 and ty=0 ) LIMIT 1   [ SQL RunTime:0.0000s ]
[2017-12-05T23:57:07+08:00] 
SHOW COLUMNS FROM `kw_config` [ SQL RunTime:0.0060s ]
[2017-12-05T23:57:07+08:00] 
SELECT * FROM `kw_config` LIMIT 1   [ SQL RunTime:0.0010s ]
[2017-12-05T23:57:07+08:00] 
SHOW COLUMNS FROM `kw_news_cats` [ SQL RunTime:0.0040s ]
[2017-12-05T23:57:07+08:00] 
SELECT * FROM `kw_news_cats` WHERE `id` = 0 LIMIT 1   [ SQL RunTime:0.0010s ]
[2017-12-05T23:57:07+08:00] 
SELECT * FROM `kw_news_cats` WHERE `id` = 0 LIMIT 1   [ SQL RunTime:0.0010s ]
[2017-12-05T23:57:07+08:00] 
SHOW COLUMNS FROM `kw_news` [ SQL RunTime:0.0030s ]
[2017-12-05T23:57:07+08:00] 
SELECT * FROM `kw_news` WHERE ( pid=0 and ty=0 ) LIMIT 1   [ SQL RunTime:0.0000s ]
[2017-12-05T23:57:09+08:00] 
SHOW COLUMNS FROM `kw_config` [ SQL RunTime:0.0030s ]
[2017-12-05T23:57:09+08:00] 
SELECT * FROM `kw_config` LIMIT 1   [ SQL RunTime:0.0010s ]
[2017-12-05T23:57:09+08:00] 
SHOW COLUMNS FROM `kw_news_cats` [ SQL RunTime:0.0030s ]
[2017-12-05T23:57:09+08:00] 
SELECT * FROM `kw_news_cats` WHERE `id` = 0 LIMIT 1   [ SQL RunTime:0.0010s ]
[2017-12-05T23:57:09+08:00] 
SELECT * FROM `kw_news_cats` WHERE `id` = 0 LIMIT 1   [ SQL RunTime:0.0000s ]
[2017-12-05T23:57:09+08:00] 
SHOW COLUMNS FROM `kw_news` [ SQL RunTime:0.0030s ]
[2017-12-05T23:57:09+08:00] 
SELECT * FROM `kw_news` WHERE ( pid=0 and ty=0 ) LIMIT 1   [ SQL RunTime:0.0000s ]
[2017-12-05T23:57:09+08:00] 
SELECT * FROM `kw_news` WHERE `pid` = 5 AND `ty` = -15 LIMIT 1   [ SQL RunTime:0.0010s ]
[2017-12-05T23:57:09+08:00] 
SHOW COLUMNS FROM `kw_config` [ SQL RunTime:0.0030s ]
[2017-12-05T23:57:09+08:00] 
SELECT * FROM `kw_config` LIMIT 1   [ SQL RunTime:0.0000s ]
[2017-12-05T23:57:09+08:00] 
SHOW COLUMNS FROM `kw_news_cats` [ SQL RunTime:0.0030s ]
[2017-12-05T23:57:09+08:00] 
SELECT * FROM `kw_news_cats` WHERE `id` = 0 LIMIT 1   [ SQL RunTime:0.0000s ]
[2017-12-05T23:57:09+08:00] 
SELECT * FROM `kw_news_cats` WHERE `id` = 0 LIMIT 1   [ SQL RunTime:0.0000s ]
[2017-12-05T23:57:09+08:00] 
SHOW COLUMNS FROM `kw_news` [ SQL RunTime:0.0040s ]
[2017-12-05T23:57:09+08:00] 
SELECT * FROM `kw_news` WHERE ( pid=0 and ty=0 ) LIMIT 1   [ SQL RunTime:0.0000s ]
[2017-12-05T23:57:10+08:00] 
SHOW COLUMNS FROM `kw_config` [ SQL RunTime:0.0050s ]
[2017-12-05T23:57:10+08:00] 
SELECT * FROM `kw_config` LIMIT 1   [ SQL RunTime:0.0010s ]
[2017-12-05T23:57:10+08:00] 
SHOW COLUMNS FROM `kw_news_cats` [ SQL RunTime:0.0060s ]
[2017-12-05T23:57:10+08:00] 
SELECT * FROM `kw_news_cats` WHERE `id` = 0 LIMIT 1   [ SQL RunTime:0.0000s ]
[2017-12-05T23:57:10+08:00] 
SELECT * FROM `kw_news_cats` WHERE `id` = 0 LIMIT 1   [ SQL RunTime:0.0000s ]
[2017-12-05T23:57:10+08:00] 
SHOW COLUMNS FROM `kw_news` [ SQL RunTime:0.0040s ]
[2017-12-05T23:57:10+08:00] 
SELECT * FROM `kw_news` WHERE ( pid=0 and ty=0 ) LIMIT 1   [ SQL RunTime:0.0010s ]
[2017-12-05T23:57:10+08:00] 
SHOW COLUMNS FROM `kw_config` [ SQL RunTime:0.0040s ]
[2017-12-05T23:57:10+08:00] 
SELECT * FROM `kw_config` LIMIT 1   [ SQL RunTime:0.0000s ]
[2017-12-05T23:57:10+08:00] 
SHOW COLUMNS FROM `kw_news_cats` [ SQL RunTime:0.0030s ]
[2017-12-05T23:57:10+08:00] 
SELECT * FROM `kw_news_cats` WHERE `id` = 0 LIMIT 1   [ SQL RunTime:0.0000s ]
[2017-12-05T23:57:10+08:00] 
SELECT * FROM `kw_news_cats` WHERE `id` = 0 LIMIT 1   [ SQL RunTime:0.0010s ]
[2017-12-05T23:57:10+08:00] 
SHOW COLUMNS FROM `kw_news` [ SQL RunTime:0.0060s ]
[2017-12-05T23:57:10+08:00] 
SELECT * FROM `kw_news` WHERE ( pid=0 and ty=0 ) LIMIT 1   [ SQL RunTime:0.0010s ]
[2017-12-05T23:57:11+08:00] 
SHOW COLUMNS FROM `kw_config` [ SQL RunTime:0.0060s ]
[2017-12-05T23:57:11+08:00] 
SELECT * FROM `kw_config` LIMIT 1   [ SQL RunTime:0.0010s ]
[2017-12-05T23:57:11+08:00] 
SHOW COLUMNS FROM `kw_news_cats` [ SQL RunTime:0.0040s ]
[2017-12-05T23:57:11+08:00] 
SELECT * FROM `kw_news_cats` WHERE `id` = 0 LIMIT 1   [ SQL RunTime:0.0010s ]
[2017-12-05T23:57:11+08:00] 
SELECT * FROM `kw_news_cats` WHERE `id` = 0 LIMIT 1   [ SQL RunTime:0.0000s ]
[2017-12-05T23:57:11+08:00] 
SHOW COLUMNS FROM `kw_news` [ SQL RunTime:0.0070s ]
[2017-12-05T23:57:11+08:00] 
SELECT * FROM `kw_news` WHERE ( pid=0 and ty=0 ) LIMIT 1   [ SQL RunTime:0.0010s ]
[2017-12-05T23:57:32+08:00] 
SHOW COLUMNS FROM `kw_config` [ SQL RunTime:0.0040s ]
[2017-12-05T23:57:32+08:00] 
SELECT * FROM `kw_config` LIMIT 1   [ SQL RunTime:0.0010s ]
[2017-12-05T23:57:32+08:00] 
SHOW COLUMNS FROM `kw_news_cats` [ SQL RunTime:0.0030s ]
[2017-12-05T23:57:32+08:00] 
SELECT * FROM `kw_news_cats` WHERE `id` = 0 LIMIT 1   [ SQL RunTime:0.0000s ]
[2017-12-05T23:57:32+08:00] 
SELECT * FROM `kw_news_cats` WHERE `id` = 0 LIMIT 1   [ SQL RunTime:0.0010s ]
[2017-12-05T23:57:32+08:00] 
SHOW COLUMNS FROM `kw_news` [ SQL RunTime:0.0050s ]
[2017-12-05T23:57:32+08:00] 
SELECT * FROM `kw_news` WHERE ( pid=0 and ty=0 ) LIMIT 1   [ SQL RunTime:0.0010s ]
[2017-12-05T23:57:32+08:00] 
SELECT * FROM `kw_news` WHERE `pid` = 5 AND `ty` = -15 LIMIT 1   [ SQL RunTime:0.0010s ]
[2017-12-05T23:57:32+08:00] 
SHOW COLUMNS FROM `kw_config` [ SQL RunTime:0.0050s ]
[2017-12-05T23:57:32+08:00] 
SELECT * FROM `kw_config` LIMIT 1   [ SQL RunTime:0.0030s ]
[2017-12-05T23:57:33+08:00] 
SHOW COLUMNS FROM `kw_news_cats` [ SQL RunTime:0.0040s ]
[2017-12-05T23:57:33+08:00] 
SELECT * FROM `kw_news_cats` WHERE `id` = 0 LIMIT 1   [ SQL RunTime:0.0020s ]
[2017-12-05T23:57:33+08:00] 
SELECT * FROM `kw_news_cats` WHERE `id` = 0 LIMIT 1   [ SQL RunTime:0.0010s ]
[2017-12-05T23:57:33+08:00] 
SHOW COLUMNS FROM `kw_news` [ SQL RunTime:0.0080s ]
[2017-12-05T23:57:33+08:00] 
SELECT * FROM `kw_news` WHERE ( pid=0 and ty=0 ) LIMIT 1   [ SQL RunTime:0.0010s ]
[2017-12-05T23:57:33+08:00] 
SHOW COLUMNS FROM `kw_config` [ SQL RunTime:0.0040s ]
[2017-12-05T23:57:33+08:00] 
SELECT * FROM `kw_config` LIMIT 1   [ SQL RunTime:0.0010s ]
[2017-12-05T23:57:33+08:00] 
SHOW COLUMNS FROM `kw_news_cats` [ SQL RunTime:0.0090s ]
[2017-12-05T23:57:33+08:00] 
SELECT * FROM `kw_news_cats` WHERE `id` = 0 LIMIT 1   [ SQL RunTime:0.0000s ]
[2017-12-05T23:57:33+08:00] 
SELECT * FROM `kw_news_cats` WHERE `id` = 0 LIMIT 1   [ SQL RunTime:0.0000s ]
[2017-12-05T23:57:33+08:00] 
SHOW COLUMNS FROM `kw_news` [ SQL RunTime:0.0030s ]
[2017-12-05T23:57:33+08:00] 
SELECT * FROM `kw_news` WHERE ( pid=0 and ty=0 ) LIMIT 1   [ SQL RunTime:0.0010s ]
[2017-12-05T23:57:33+08:00] 
SHOW COLUMNS FROM `kw_config` [ SQL RunTime:0.0030s ]
[2017-12-05T23:57:33+08:00] 
SELECT * FROM `kw_config` LIMIT 1   [ SQL RunTime:0.0000s ]
[2017-12-05T23:57:33+08:00] 
SHOW COLUMNS FROM `kw_news_cats` [ SQL RunTime:0.0020s ]
[2017-12-05T23:57:33+08:00] 
SELECT * FROM `kw_news_cats` WHERE `id` = 0 LIMIT 1   [ SQL RunTime:0.0010s ]
[2017-12-05T23:57:33+08:00] 
SELECT * FROM `kw_news_cats` WHERE `id` = 0 LIMIT 1   [ SQL RunTime:0.0000s ]
[2017-12-05T23:57:33+08:00] 
SHOW COLUMNS FROM `kw_news` [ SQL RunTime:0.0030s ]
[2017-12-05T23:57:33+08:00] 
SELECT * FROM `kw_news` WHERE ( pid=0 and ty=0 ) LIMIT 1   [ SQL RunTime:0.0010s ]
[2017-12-05T23:57:34+08:00] 
SHOW COLUMNS FROM `kw_config` [ SQL RunTime:0.0030s ]
[2017-12-05T23:57:34+08:00] 
SELECT * FROM `kw_config` LIMIT 1   [ SQL RunTime:0.0010s ]
[2017-12-05T23:57:34+08:00] 
SHOW COLUMNS FROM `kw_news_cats` [ SQL RunTime:0.0030s ]
[2017-12-05T23:57:34+08:00] 
SELECT * FROM `kw_news_cats` WHERE `id` = 0 LIMIT 1   [ SQL RunTime:0.0010s ]
[2017-12-05T23:57:34+08:00] 
SELECT * FROM `kw_news_cats` WHERE `id` = 0 LIMIT 1   [ SQL RunTime:0.0010s ]
[2017-12-05T23:57:34+08:00] 
SHOW COLUMNS FROM `kw_news` [ SQL RunTime:0.0040s ]
[2017-12-05T23:57:34+08:00] 
SELECT * FROM `kw_news` WHERE ( pid=0 and ty=0 ) LIMIT 1   [ SQL RunTime:0.0000s ]
[2017-12-05T23:58:09+08:00] 
SHOW COLUMNS FROM `kw_config` [ SQL RunTime:0.0040s ]
[2017-12-05T23:58:09+08:00] 
SELECT * FROM `kw_config` LIMIT 1   [ SQL RunTime:0.0000s ]
[2017-12-05T23:58:09+08:00] 
SHOW COLUMNS FROM `kw_news_cats` [ SQL RunTime:0.0030s ]
[2017-12-05T23:58:09+08:00] 
SELECT * FROM `kw_news_cats` WHERE `id` = 0 LIMIT 1   [ SQL RunTime:0.0000s ]
[2017-12-05T23:58:09+08:00] 
SELECT * FROM `kw_news_cats` WHERE `id` = 0 LIMIT 1   [ SQL RunTime:0.0000s ]
[2017-12-05T23:58:09+08:00] 
SHOW COLUMNS FROM `kw_news` [ SQL RunTime:0.0030s ]
[2017-12-05T23:58:09+08:00] 
SELECT * FROM `kw_news` WHERE ( pid=0 and ty=0 ) LIMIT 1   [ SQL RunTime:0.0000s ]
[2017-12-05T23:58:09+08:00] 
SELECT * FROM `kw_news` WHERE `pid` = 5 AND `ty` = -15 LIMIT 1   [ SQL RunTime:0.0000s ]
[2017-12-05T23:58:09+08:00] 
SHOW COLUMNS FROM `kw_config` [ SQL RunTime:0.0090s ]
[2017-12-05T23:58:09+08:00] 
SELECT * FROM `kw_config` LIMIT 1   [ SQL RunTime:0.0010s ]
[2017-12-05T23:58:09+08:00] 
SHOW COLUMNS FROM `kw_news_cats` [ SQL RunTime:0.0030s ]
[2017-12-05T23:58:09+08:00] 
SELECT * FROM `kw_news_cats` WHERE `id` = 0 LIMIT 1   [ SQL RunTime:0.0000s ]
[2017-12-05T23:58:09+08:00] 
SELECT * FROM `kw_news_cats` WHERE `id` = 0 LIMIT 1   [ SQL RunTime:0.0000s ]
[2017-12-05T23:58:09+08:00] 
SHOW COLUMNS FROM `kw_news` [ SQL RunTime:0.0060s ]
[2017-12-05T23:58:09+08:00] 
SELECT * FROM `kw_news` WHERE ( pid=0 and ty=0 ) LIMIT 1   [ SQL RunTime:0.0010s ]
[2017-12-05T23:58:10+08:00] 
SHOW COLUMNS FROM `kw_config` [ SQL RunTime:0.0090s ]
[2017-12-05T23:58:10+08:00] 
SELECT * FROM `kw_config` LIMIT 1   [ SQL RunTime:0.0010s ]
[2017-12-05T23:58:10+08:00] 
SHOW COLUMNS FROM `kw_news_cats` [ SQL RunTime:0.0260s ]
[2017-12-05T23:58:10+08:00] 
SELECT * FROM `kw_news_cats` WHERE `id` = 0 LIMIT 1   [ SQL RunTime:0.0010s ]
[2017-12-05T23:58:10+08:00] 
SELECT * FROM `kw_news_cats` WHERE `id` = 0 LIMIT 1   [ SQL RunTime:0.0000s ]
[2017-12-05T23:58:10+08:00] 
SHOW COLUMNS FROM `kw_news` [ SQL RunTime:0.0020s ]
[2017-12-05T23:58:10+08:00] 
SELECT * FROM `kw_news` WHERE ( pid=0 and ty=0 ) LIMIT 1   [ SQL RunTime:0.0010s ]
[2017-12-05T23:58:11+08:00] 
SHOW COLUMNS FROM `kw_config` [ SQL RunTime:0.0050s ]
[2017-12-05T23:58:11+08:00] 
SELECT * FROM `kw_config` LIMIT 1   [ SQL RunTime:0.0010s ]
[2017-12-05T23:58:11+08:00] 
SHOW COLUMNS FROM `kw_news_cats` [ SQL RunTime:0.0090s ]
[2017-12-05T23:58:11+08:00] 
SELECT * FROM `kw_news_cats` WHERE `id` = 0 LIMIT 1   [ SQL RunTime:0.0000s ]
[2017-12-05T23:58:11+08:00] 
SELECT * FROM `kw_news_cats` WHERE `id` = 0 LIMIT 1   [ SQL RunTime:0.0010s ]
[2017-12-05T23:58:11+08:00] 
SHOW COLUMNS FROM `kw_news` [ SQL RunTime:0.0100s ]
[2017-12-05T23:58:11+08:00] 
SELECT * FROM `kw_news` WHERE ( pid=0 and ty=0 ) LIMIT 1   [ SQL RunTime:0.0010s ]
[2017-12-05T23:58:11+08:00] 
SHOW COLUMNS FROM `kw_config` [ SQL RunTime:0.0070s ]
[2017-12-05T23:58:11+08:00] 
SELECT * FROM `kw_config` LIMIT 1   [ SQL RunTime:0.0010s ]
[2017-12-05T23:58:11+08:00] 
SHOW COLUMNS FROM `kw_news_cats` [ SQL RunTime:0.0050s ]
[2017-12-05T23:58:11+08:00] 
SELECT * FROM `kw_news_cats` WHERE `id` = 0 LIMIT 1   [ SQL RunTime:0.0010s ]
[2017-12-05T23:58:11+08:00] 
SELECT * FROM `kw_news_cats` WHERE `id` = 0 LIMIT 1   [ SQL RunTime:0.0000s ]
[2017-12-05T23:58:11+08:00] 
SHOW COLUMNS FROM `kw_news` [ SQL RunTime:0.0040s ]
[2017-12-05T23:58:11+08:00] 
SELECT * FROM `kw_news` WHERE ( pid=0 and ty=0 ) LIMIT 1   [ SQL RunTime:0.0010s ]
[2017-12-05T23:58:27+08:00] 
SHOW COLUMNS FROM `kw_config` [ SQL RunTime:0.0030s ]
[2017-12-05T23:58:27+08:00] 
SELECT * FROM `kw_config` LIMIT 1   [ SQL RunTime:0.0010s ]
[2017-12-05T23:58:27+08:00] 
SHOW COLUMNS FROM `kw_news_cats` [ SQL RunTime:0.0030s ]
[2017-12-05T23:58:27+08:00] 
SELECT * FROM `kw_news_cats` WHERE `id` = 0 LIMIT 1   [ SQL RunTime:0.0000s ]
[2017-12-05T23:58:27+08:00] 
SELECT * FROM `kw_news_cats` WHERE `id` = 0 LIMIT 1   [ SQL RunTime:0.0000s ]
[2017-12-05T23:58:27+08:00] 
SHOW COLUMNS FROM `kw_news` [ SQL RunTime:0.0040s ]
[2017-12-05T23:58:27+08:00] 
SELECT * FROM `kw_news` WHERE ( pid=0 and ty=0 ) LIMIT 1   [ SQL RunTime:0.0010s ]
[2017-12-05T23:58:27+08:00] 
SELECT * FROM `kw_news` WHERE `pid` = 5 AND `ty` = -15 LIMIT 1   [ SQL RunTime:0.0000s ]
[2017-12-05T23:59:07+08:00] 
SHOW COLUMNS FROM `kw_config` [ SQL RunTime:0.0040s ]
[2017-12-05T23:59:07+08:00] 
SELECT * FROM `kw_config` LIMIT 1   [ SQL RunTime:0.0010s ]
[2017-12-05T23:59:07+08:00] 
SHOW COLUMNS FROM `kw_news_cats` [ SQL RunTime:0.0040s ]
[2017-12-05T23:59:07+08:00] 
SELECT * FROM `kw_news_cats` WHERE `id` = 0 LIMIT 1   [ SQL RunTime:0.0010s ]
[2017-12-05T23:59:07+08:00] 
SELECT * FROM `kw_news_cats` WHERE `id` = 0 LIMIT 1   [ SQL RunTime:0.0000s ]
[2017-12-05T23:59:07+08:00] 
SHOW COLUMNS FROM `kw_news` [ SQL RunTime:0.0040s ]
[2017-12-05T23:59:07+08:00] 
SELECT * FROM `kw_news` WHERE ( pid=0 and ty=0 ) LIMIT 1   [ SQL RunTime:0.0010s ]
[2017-12-05T23:59:07+08:00] 
SELECT * FROM `kw_news` WHERE `pid` = 5 AND `ty` = -15 LIMIT 1   [ SQL RunTime:0.0000s ]
[2017-12-05T23:59:26+08:00] 
SHOW COLUMNS FROM `kw_config` [ SQL RunTime:0.0040s ]
[2017-12-05T23:59:26+08:00] 
SELECT * FROM `kw_config` LIMIT 1   [ SQL RunTime:0.0010s ]
[2017-12-05T23:59:26+08:00] 
SHOW COLUMNS FROM `kw_news_cats` [ SQL RunTime:0.0030s ]
[2017-12-05T23:59:26+08:00] 
SELECT * FROM `kw_news_cats` WHERE `id` = 0 LIMIT 1   [ SQL RunTime:0.0000s ]
[2017-12-05T23:59:26+08:00] 
SELECT * FROM `kw_news_cats` WHERE `id` = 0 LIMIT 1   [ SQL RunTime:0.0000s ]
[2017-12-05T23:59:26+08:00] 
SHOW COLUMNS FROM `kw_news` [ SQL RunTime:0.0030s ]
[2017-12-05T23:59:26+08:00] 
SELECT * FROM `kw_news` WHERE ( pid=0 and ty=0 ) LIMIT 1   [ SQL RunTime:0.0010s ]
[2017-12-05T23:59:26+08:00] 
SELECT * FROM `kw_news` WHERE `pid` = 5 AND `ty` = -15 LIMIT 1   [ SQL RunTime:0.0010s ]
[2017-12-05T23:59:33+08:00] 
SHOW COLUMNS FROM `kw_config` [ SQL RunTime:0.0060s ]
[2017-12-05T23:59:33+08:00] 
SELECT * FROM `kw_config` LIMIT 1   [ SQL RunTime:0.0010s ]
[2017-12-05T23:59:33+08:00] 
SHOW COLUMNS FROM `kw_news_cats` [ SQL RunTime:0.0040s ]
[2017-12-05T23:59:33+08:00] 
SELECT * FROM `kw_news_cats` WHERE `id` = 0 LIMIT 1   [ SQL RunTime:0.0010s ]
[2017-12-05T23:59:33+08:00] 
SELECT * FROM `kw_news_cats` WHERE `id` = 0 LIMIT 1   [ SQL RunTime:0.0000s ]
[2017-12-05T23:59:33+08:00] 
SHOW COLUMNS FROM `kw_news` [ SQL RunTime:0.0020s ]
[2017-12-05T23:59:33+08:00] 
SELECT * FROM `kw_news` WHERE ( pid=0 and ty=0 ) LIMIT 1   [ SQL RunTime:0.0010s ]
[2017-12-05T23:59:33+08:00] 
SELECT * FROM `kw_news` WHERE `pid` = 5 AND `ty` = -15 LIMIT 1   [ SQL RunTime:0.0010s ]
[2017-12-05T23:59:38+08:00] 
SHOW COLUMNS FROM `kw_config` [ SQL RunTime:0.0050s ]
[2017-12-05T23:59:38+08:00] 
SELECT * FROM `kw_config` LIMIT 1   [ SQL RunTime:0.0010s ]
[2017-12-05T23:59:38+08:00] 
SHOW COLUMNS FROM `kw_news_cats` [ SQL RunTime:0.0070s ]
[2017-12-05T23:59:38+08:00] 
SELECT * FROM `kw_news_cats` WHERE `id` = 0 LIMIT 1   [ SQL RunTime:0.0010s ]
[2017-12-05T23:59:38+08:00] 
SELECT * FROM `kw_news_cats` WHERE `id` = 0 LIMIT 1   [ SQL RunTime:0.0010s ]
[2017-12-05T23:59:38+08:00] 
SHOW COLUMNS FROM `kw_news` [ SQL RunTime:0.0120s ]
[2017-12-05T23:59:38+08:00] 
SELECT * FROM `kw_news` WHERE ( pid=0 and ty=0 ) LIMIT 1   [ SQL RunTime:0.0010s ]
[2017-12-05T23:59:38+08:00] 
SELECT * FROM `kw_news` WHERE `pid` = 5 AND `ty` = -15 LIMIT 1   [ SQL RunTime:0.0010s ]
