[2017-11-24T08:38:34+08:00] 
SHOW COLUMNS FROM `kw_config` [ SQL RunTime:0.8000s ]
[2017-11-24T08:38:34+08:00] 
SELECT * FROM `kw_config` LIMIT 1   [ SQL RunTime:0.0940s ]
[2017-11-24T08:38:35+08:00] 
SHOW COLUMNS FROM `kw_news_cats` [ SQL RunTime:0.1030s ]
[2017-11-24T08:38:35+08:00] 
SELECT * FROM `kw_news_cats` WHERE `id` = 0 LIMIT 1   [ SQL RunTime:0.3770s ]
[2017-11-24T08:38:35+08:00] 
SELECT * FROM `kw_news_cats` WHERE `id` = 0 LIMIT 1   [ SQL RunTime:0.0010s ]
[2017-11-24T08:38:35+08:00] 
SHOW COLUMNS FROM `kw_news` [ SQL RunTime:0.2840s ]
[2017-11-24T08:38:36+08:00] 
SELECT * FROM `kw_news` WHERE ( pid=0 and ty=0 ) LIMIT 1   [ SQL RunTime:0.3800s ]
[2017-11-24T08:38:36+08:00] 
SELECT * FROM `kw_news` WHERE `pid` = 5 AND `ty` = -15 LIMIT 1   [ SQL RunTime:0.0490s ]
[2017-11-24T08:38:36+08:00] 
SELECT `content` FROM `kw_news` WHERE `pid` = 1 AND `ty` = -6 LIMIT 1   [ SQL RunTime:0.0820s ]
[2017-11-24T08:38:36+08:00] 
SELECT `id`,`title`,`content` FROM `kw_news` WHERE `pid` = 2 AND `ty` = 7 AND `isstate` = 1 ORDER BY isgood desc , disorder desc, sendtime desc LIMIT 4   [ SQL RunTime:0.1320s ]
[2017-11-24T08:38:36+08:00] 
SELECT `id`,`img1`,`img2`,`title` FROM `kw_news` WHERE `pid` = 3 AND `ty` = 8 AND `isstate` = 1 ORDER BY isgood desc , disorder desc, sendtime desc LIMIT 5   [ SQL RunTime:0.0010s ]
[2017-11-24T08:38:36+08:00] 
SELECT `id`,`img1`,`content`,`sendtime`,`title` FROM `kw_news` WHERE `pid` = 4 AND `ty` = 9 AND `isstate` = 1 ORDER BY isgood desc , disorder desc, sendtime desc LIMIT 6   [ SQL RunTime:0.0030s ]
[2017-11-24T08:38:36+08:00] 
SELECT `id`,`title` FROM `kw_news` WHERE `pid` = 5 AND `ty` = 10 AND `isstate` = 1 ORDER BY isgood desc , disorder desc, sendtime desc  [ SQL RunTime:0.0010s ]
[2017-11-24T08:38:37+08:00] 
SELECT `catname`,`id`,`pid` FROM `kw_news_cats` WHERE ( pid = 0 and id <=4 ) ORDER BY disorder desc,id asc  [ SQL RunTime:0.1090s ]
[2017-11-24T08:38:37+08:00] 
SELECT * FROM `kw_news` WHERE `pid` = 5 AND `ty` = 11 AND `isstate` = 1 ORDER BY isgood desc , disorder desc, sendtime desc  [ SQL RunTime:0.0010s ]
[2017-11-24T08:38:37+08:00] 
SELECT * FROM `kw_news` WHERE `pid` = 5 AND `ty` = 13 AND `isstate` = 1 ORDER BY isgood desc , disorder desc, sendtime desc  [ SQL RunTime:0.0010s ]
