[2017-12-07T09:35:17+08:00] 
SHOW COLUMNS FROM `kw_config` [ SQL RunTime:0.0930s ]
[2017-12-07T09:35:18+08:00] 
SELECT * FROM `kw_config` LIMIT 1   [ SQL RunTime:0.0520s ]
[2017-12-07T09:35:18+08:00] 
SHOW COLUMNS FROM `kw_news_cats` [ SQL RunTime:0.0440s ]
[2017-12-07T09:35:18+08:00] 
SELECT * FROM `kw_news_cats` WHERE `id` = 0 LIMIT 1   [ SQL RunTime:0.0000s ]
[2017-12-07T09:35:18+08:00] 
SELECT * FROM `kw_news_cats` WHERE `id` = 0 LIMIT 1   [ SQL RunTime:0.0000s ]
[2017-12-07T09:35:18+08:00] 
SHOW COLUMNS FROM `kw_news` [ SQL RunTime:0.0810s ]
[2017-12-07T09:35:18+08:00] 
SELECT * FROM `kw_news` WHERE ( pid=0 and ty=0 ) LIMIT 1   [ SQL RunTime:0.0000s ]
[2017-12-07T09:35:18+08:00] 
SHOW COLUMNS FROM `kw_person` [ SQL RunTime:0.1350s ]
[2017-12-07T09:35:18+08:00] 
SELECT * FROM `kw_person` WHERE `id` = 1 LIMIT 1   [ SQL RunTime:0.0000s ]
[2017-12-07T09:35:19+08:00] 
SHOW COLUMNS FROM `kw_config` [ SQL RunTime:0.0030s ]
[2017-12-07T09:35:19+08:00] 
SELECT * FROM `kw_config` LIMIT 1   [ SQL RunTime:0.0000s ]
[2017-12-07T09:35:19+08:00] 
SHOW COLUMNS FROM `kw_news_cats` [ SQL RunTime:0.0040s ]
[2017-12-07T09:35:19+08:00] 
SELECT * FROM `kw_news_cats` WHERE `id` = 0 LIMIT 1   [ SQL RunTime:0.0010s ]
[2017-12-07T09:35:19+08:00] 
SELECT * FROM `kw_news_cats` WHERE `id` = 0 LIMIT 1   [ SQL RunTime:0.0000s ]
[2017-12-07T09:35:19+08:00] 
SHOW COLUMNS FROM `kw_news` [ SQL RunTime:0.0030s ]
[2017-12-07T09:35:19+08:00] 
SELECT * FROM `kw_news` WHERE ( pid=0 and ty=0 ) LIMIT 1   [ SQL RunTime:0.0010s ]
[2017-12-07T09:43:07+08:00] 
SHOW COLUMNS FROM `kw_config` [ SQL RunTime:0.0100s ]
[2017-12-07T09:43:07+08:00] 
SELECT * FROM `kw_config` LIMIT 1   [ SQL RunTime:0.0010s ]
[2017-12-07T09:43:08+08:00] 
SHOW COLUMNS FROM `kw_news_cats` [ SQL RunTime:0.0140s ]
[2017-12-07T09:43:08+08:00] 
SELECT * FROM `kw_news_cats` WHERE `id` = 0 LIMIT 1   [ SQL RunTime:0.0010s ]
[2017-12-07T09:43:08+08:00] 
SELECT * FROM `kw_news_cats` WHERE `id` = 0 LIMIT 1   [ SQL RunTime:0.0000s ]
[2017-12-07T09:43:08+08:00] 
SHOW COLUMNS FROM `kw_news` [ SQL RunTime:0.0160s ]
[2017-12-07T09:43:08+08:00] 
SELECT * FROM `kw_news` WHERE ( pid=0 and ty=0 ) LIMIT 1   [ SQL RunTime:0.0010s ]
[2017-12-07T09:43:08+08:00] 
SHOW COLUMNS FROM `kw_person` [ SQL RunTime:0.0050s ]
[2017-12-07T09:43:08+08:00] 
SELECT * FROM `kw_person` WHERE `id` = 1 LIMIT 1   [ SQL RunTime:0.0000s ]
[2017-12-07T09:43:09+08:00] 
SHOW COLUMNS FROM `kw_config` [ SQL RunTime:0.0090s ]
[2017-12-07T09:43:09+08:00] 
SELECT * FROM `kw_config` LIMIT 1   [ SQL RunTime:0.0010s ]
[2017-12-07T09:43:09+08:00] 
SHOW COLUMNS FROM `kw_news_cats` [ SQL RunTime:0.0090s ]
[2017-12-07T09:43:09+08:00] 
SELECT * FROM `kw_news_cats` WHERE `id` = 0 LIMIT 1   [ SQL RunTime:0.0010s ]
[2017-12-07T09:43:09+08:00] 
SELECT * FROM `kw_news_cats` WHERE `id` = 0 LIMIT 1   [ SQL RunTime:0.0000s ]
[2017-12-07T09:43:09+08:00] 
SHOW COLUMNS FROM `kw_news` [ SQL RunTime:0.0090s ]
[2017-12-07T09:43:09+08:00] 
SELECT * FROM `kw_news` WHERE ( pid=0 and ty=0 ) LIMIT 1   [ SQL RunTime:0.0010s ]
[2017-12-07T09:45:15+08:00] 
SHOW COLUMNS FROM `kw_config` [ SQL RunTime:0.0080s ]
[2017-12-07T09:45:15+08:00] 
SELECT * FROM `kw_config` LIMIT 1   [ SQL RunTime:0.0010s ]
[2017-12-07T09:45:15+08:00] 
SHOW COLUMNS FROM `kw_news_cats` [ SQL RunTime:0.0070s ]
[2017-12-07T09:45:15+08:00] 
SELECT * FROM `kw_news_cats` WHERE `id` = 0 LIMIT 1   [ SQL RunTime:0.0010s ]
[2017-12-07T09:45:15+08:00] 
SELECT * FROM `kw_news_cats` WHERE `id` = 0 LIMIT 1   [ SQL RunTime:0.0010s ]
[2017-12-07T09:45:15+08:00] 
SHOW COLUMNS FROM `kw_news` [ SQL RunTime:0.0150s ]
[2017-12-07T09:45:15+08:00] 
SELECT * FROM `kw_news` WHERE ( pid=0 and ty=0 ) LIMIT 1   [ SQL RunTime:0.0000s ]
[2017-12-07T09:45:15+08:00] 
SHOW COLUMNS FROM `kw_person` [ SQL RunTime:0.0080s ]
[2017-12-07T09:45:15+08:00] 
SELECT * FROM `kw_person` WHERE `id` = 1 LIMIT 1   [ SQL RunTime:0.0000s ]
[2017-12-07T09:45:16+08:00] 
SHOW COLUMNS FROM `kw_config` [ SQL RunTime:0.0060s ]
[2017-12-07T09:45:16+08:00] 
SELECT * FROM `kw_config` LIMIT 1   [ SQL RunTime:0.0000s ]
[2017-12-07T09:45:16+08:00] 
SHOW COLUMNS FROM `kw_news_cats` [ SQL RunTime:0.0060s ]
[2017-12-07T09:45:16+08:00] 
SELECT * FROM `kw_news_cats` WHERE `id` = 0 LIMIT 1   [ SQL RunTime:0.0010s ]
[2017-12-07T09:45:16+08:00] 
SELECT * FROM `kw_news_cats` WHERE `id` = 0 LIMIT 1   [ SQL RunTime:0.0010s ]
[2017-12-07T09:45:16+08:00] 
SHOW COLUMNS FROM `kw_news` [ SQL RunTime:0.0330s ]
[2017-12-07T09:45:16+08:00] 
SELECT * FROM `kw_news` WHERE ( pid=0 and ty=0 ) LIMIT 1   [ SQL RunTime:0.0010s ]
[2017-12-07T09:58:58+08:00] 
SHOW COLUMNS FROM `kw_config` [ SQL RunTime:0.0070s ]
[2017-12-07T09:58:58+08:00] 
SELECT * FROM `kw_config` LIMIT 1   [ SQL RunTime:0.0000s ]
[2017-12-07T09:58:58+08:00] 
SHOW COLUMNS FROM `kw_news_cats` [ SQL RunTime:0.0080s ]
[2017-12-07T09:58:58+08:00] 
SELECT * FROM `kw_news_cats` WHERE `id` = 0 LIMIT 1   [ SQL RunTime:0.0000s ]
[2017-12-07T09:58:58+08:00] 
SELECT * FROM `kw_news_cats` WHERE `id` = 0 LIMIT 1   [ SQL RunTime:0.0000s ]
[2017-12-07T09:58:58+08:00] 
SHOW COLUMNS FROM `kw_news` [ SQL RunTime:0.0090s ]
[2017-12-07T09:58:58+08:00] 
SELECT * FROM `kw_news` WHERE ( pid=0 and ty=0 ) LIMIT 1   [ SQL RunTime:0.0000s ]
[2017-12-07T09:58:58+08:00] 
SHOW COLUMNS FROM `kw_person` [ SQL RunTime:0.0070s ]
[2017-12-07T09:58:58+08:00] 
SELECT * FROM `kw_person` WHERE `id` = 1 LIMIT 1   [ SQL RunTime:0.0010s ]
[2017-12-07T09:58:59+08:00] 
SHOW COLUMNS FROM `kw_config` [ SQL RunTime:0.0040s ]
[2017-12-07T09:58:59+08:00] 
SELECT * FROM `kw_config` LIMIT 1   [ SQL RunTime:0.0010s ]
[2017-12-07T09:58:59+08:00] 
SHOW COLUMNS FROM `kw_news_cats` [ SQL RunTime:0.0030s ]
[2017-12-07T09:58:59+08:00] 
SELECT * FROM `kw_news_cats` WHERE `id` = 0 LIMIT 1   [ SQL RunTime:0.0010s ]
[2017-12-07T09:58:59+08:00] 
SELECT * FROM `kw_news_cats` WHERE `id` = 0 LIMIT 1   [ SQL RunTime:0.0000s ]
[2017-12-07T09:58:59+08:00] 
SHOW COLUMNS FROM `kw_news` [ SQL RunTime:0.0030s ]
[2017-12-07T09:58:59+08:00] 
SELECT * FROM `kw_news` WHERE ( pid=0 and ty=0 ) LIMIT 1   [ SQL RunTime:0.0000s ]
[2017-12-07T09:58:59+08:00] 
SHOW COLUMNS FROM `kw_person` [ SQL RunTime:0.0030s ]
[2017-12-07T09:58:59+08:00] 
SELECT * FROM `kw_person` WHERE `id` = 1 LIMIT 1   [ SQL RunTime:0.0000s ]
[2017-12-07T09:59:00+08:00] 
SHOW COLUMNS FROM `kw_config` [ SQL RunTime:0.0080s ]
[2017-12-07T09:59:00+08:00] 
SELECT * FROM `kw_config` LIMIT 1   [ SQL RunTime:0.0010s ]
[2017-12-07T09:59:00+08:00] 
SHOW COLUMNS FROM `kw_news_cats` [ SQL RunTime:0.0050s ]
[2017-12-07T09:59:00+08:00] 
SELECT * FROM `kw_news_cats` WHERE `id` = 0 LIMIT 1   [ SQL RunTime:0.0000s ]
[2017-12-07T09:59:00+08:00] 
SELECT * FROM `kw_news_cats` WHERE `id` = 0 LIMIT 1   [ SQL RunTime:0.0000s ]
[2017-12-07T09:59:00+08:00] 
SHOW COLUMNS FROM `kw_news` [ SQL RunTime:0.0050s ]
[2017-12-07T09:59:00+08:00] 
SELECT * FROM `kw_news` WHERE ( pid=0 and ty=0 ) LIMIT 1   [ SQL RunTime:0.0010s ]
[2017-12-07T09:59:00+08:00] 
SHOW COLUMNS FROM `kw_person` [ SQL RunTime:0.0030s ]
[2017-12-07T09:59:00+08:00] 
SELECT * FROM `kw_person` WHERE `id` = 1 LIMIT 1   [ SQL RunTime:0.0000s ]
[2017-12-07T09:59:01+08:00] 
SHOW COLUMNS FROM `kw_config` [ SQL RunTime:0.0060s ]
[2017-12-07T09:59:01+08:00] 
SELECT * FROM `kw_config` LIMIT 1   [ SQL RunTime:0.0020s ]
[2017-12-07T09:59:01+08:00] 
SHOW COLUMNS FROM `kw_news_cats` [ SQL RunTime:0.0050s ]
[2017-12-07T09:59:01+08:00] 
SELECT * FROM `kw_news_cats` WHERE `id` = 0 LIMIT 1   [ SQL RunTime:0.0010s ]
[2017-12-07T09:59:01+08:00] 
SELECT * FROM `kw_news_cats` WHERE `id` = 0 LIMIT 1   [ SQL RunTime:0.0000s ]
[2017-12-07T09:59:01+08:00] 
SHOW COLUMNS FROM `kw_news` [ SQL RunTime:0.0040s ]
[2017-12-07T09:59:01+08:00] 
SELECT * FROM `kw_news` WHERE ( pid=0 and ty=0 ) LIMIT 1   [ SQL RunTime:0.0000s ]
[2017-12-07T09:59:01+08:00] 
SHOW COLUMNS FROM `kw_person` [ SQL RunTime:0.0030s ]
[2017-12-07T09:59:01+08:00] 
SELECT * FROM `kw_person` WHERE `id` = 1 LIMIT 1   [ SQL RunTime:0.0000s ]
[2017-12-07T09:59:03+08:00] 
SHOW COLUMNS FROM `kw_config` [ SQL RunTime:0.0050s ]
[2017-12-07T09:59:03+08:00] 
SELECT * FROM `kw_config` LIMIT 1   [ SQL RunTime:0.0000s ]
[2017-12-07T09:59:03+08:00] 
SHOW COLUMNS FROM `kw_news_cats` [ SQL RunTime:0.0400s ]
[2017-12-07T09:59:03+08:00] 
SELECT * FROM `kw_news_cats` WHERE `id` = 0 LIMIT 1   [ SQL RunTime:0.0010s ]
[2017-12-07T09:59:03+08:00] 
SELECT * FROM `kw_news_cats` WHERE `id` = 0 LIMIT 1   [ SQL RunTime:0.0010s ]
[2017-12-07T09:59:03+08:00] 
SHOW COLUMNS FROM `kw_news` [ SQL RunTime:0.0040s ]
[2017-12-07T09:59:03+08:00] 
SELECT * FROM `kw_news` WHERE ( pid=0 and ty=0 ) LIMIT 1   [ SQL RunTime:0.0000s ]
[2017-12-07T09:59:04+08:00] 
SHOW COLUMNS FROM `kw_config` [ SQL RunTime:0.0050s ]
[2017-12-07T09:59:04+08:00] 
SELECT * FROM `kw_config` LIMIT 1   [ SQL RunTime:0.0010s ]
[2017-12-07T09:59:04+08:00] 
SHOW COLUMNS FROM `kw_news_cats` [ SQL RunTime:0.0070s ]
[2017-12-07T09:59:04+08:00] 
SELECT * FROM `kw_news_cats` WHERE `id` = 0 LIMIT 1   [ SQL RunTime:0.0000s ]
[2017-12-07T09:59:04+08:00] 
SELECT * FROM `kw_news_cats` WHERE `id` = 0 LIMIT 1   [ SQL RunTime:0.0000s ]
[2017-12-07T09:59:04+08:00] 
SHOW COLUMNS FROM `kw_news` [ SQL RunTime:0.0050s ]
[2017-12-07T09:59:04+08:00] 
SELECT * FROM `kw_news` WHERE ( pid=0 and ty=0 ) LIMIT 1   [ SQL RunTime:0.0000s ]
[2017-12-07T09:59:04+08:00] 
SHOW COLUMNS FROM `kw_config` [ SQL RunTime:0.0090s ]
[2017-12-07T09:59:04+08:00] 
SELECT * FROM `kw_config` LIMIT 1   [ SQL RunTime:0.0010s ]
[2017-12-07T09:59:04+08:00] 
SHOW COLUMNS FROM `kw_news_cats` [ SQL RunTime:0.0350s ]
[2017-12-07T09:59:04+08:00] 
SELECT * FROM `kw_news_cats` WHERE `id` = 0 LIMIT 1   [ SQL RunTime:0.0000s ]
[2017-12-07T09:59:04+08:00] 
SELECT * FROM `kw_news_cats` WHERE `id` = 0 LIMIT 1   [ SQL RunTime:0.0000s ]
[2017-12-07T09:59:04+08:00] 
SHOW COLUMNS FROM `kw_news` [ SQL RunTime:0.0070s ]
[2017-12-07T09:59:04+08:00] 
SELECT * FROM `kw_news` WHERE ( pid=0 and ty=0 ) LIMIT 1   [ SQL RunTime:0.0010s ]
[2017-12-07T09:59:05+08:00] 
SHOW COLUMNS FROM `kw_config` [ SQL RunTime:0.0090s ]
[2017-12-07T09:59:05+08:00] 
SELECT * FROM `kw_config` LIMIT 1   [ SQL RunTime:0.0010s ]
[2017-12-07T09:59:05+08:00] 
SHOW COLUMNS FROM `kw_news_cats` [ SQL RunTime:0.0430s ]
[2017-12-07T09:59:05+08:00] 
SELECT * FROM `kw_news_cats` WHERE `id` = 0 LIMIT 1   [ SQL RunTime:0.0010s ]
[2017-12-07T09:59:05+08:00] 
SELECT * FROM `kw_news_cats` WHERE `id` = 0 LIMIT 1   [ SQL RunTime:0.0010s ]
[2017-12-07T09:59:05+08:00] 
SHOW COLUMNS FROM `kw_news` [ SQL RunTime:0.0050s ]
[2017-12-07T09:59:05+08:00] 
SELECT * FROM `kw_news` WHERE ( pid=0 and ty=0 ) LIMIT 1   [ SQL RunTime:0.0010s ]
[2017-12-07T09:59:06+08:00] 
SHOW COLUMNS FROM `kw_config` [ SQL RunTime:0.0050s ]
[2017-12-07T09:59:06+08:00] 
SELECT * FROM `kw_config` LIMIT 1   [ SQL RunTime:0.0010s ]
[2017-12-07T09:59:06+08:00] 
SHOW COLUMNS FROM `kw_news_cats` [ SQL RunTime:0.0040s ]
[2017-12-07T09:59:06+08:00] 
SELECT * FROM `kw_news_cats` WHERE `id` = 0 LIMIT 1   [ SQL RunTime:0.0010s ]
[2017-12-07T09:59:06+08:00] 
SELECT * FROM `kw_news_cats` WHERE `id` = 0 LIMIT 1   [ SQL RunTime:0.0000s ]
[2017-12-07T09:59:06+08:00] 
SHOW COLUMNS FROM `kw_news` [ SQL RunTime:0.0030s ]
[2017-12-07T09:59:06+08:00] 
SELECT * FROM `kw_news` WHERE ( pid=0 and ty=0 ) LIMIT 1   [ SQL RunTime:0.0000s ]
[2017-12-07T16:39:37+08:00] 
SHOW COLUMNS FROM `kw_config` [ SQL RunTime:1.0101s ]
[2017-12-07T16:39:37+08:00] 
SELECT * FROM `kw_config` LIMIT 1   [ SQL RunTime:0.1880s ]
[2017-12-07T16:39:38+08:00] 
SHOW COLUMNS FROM `kw_news_cats` [ SQL RunTime:0.3860s ]
[2017-12-07T16:39:38+08:00] 
SELECT * FROM `kw_news_cats` WHERE `id` = 0 LIMIT 1   [ SQL RunTime:0.2650s ]
[2017-12-07T16:39:38+08:00] 
SELECT * FROM `kw_news_cats` WHERE `id` = 0 LIMIT 1   [ SQL RunTime:0.0000s ]
[2017-12-07T16:39:38+08:00] 
SHOW COLUMNS FROM `kw_news` [ SQL RunTime:0.2370s ]
[2017-12-07T16:39:38+08:00] 
SELECT * FROM `kw_news` WHERE ( pid=0 and ty=0 ) LIMIT 1   [ SQL RunTime:0.0000s ]
[2017-12-07T16:39:39+08:00] 
SHOW COLUMNS FROM `kw_person` [ SQL RunTime:0.2000s ]
[2017-12-07T16:39:39+08:00] 
SELECT * FROM `kw_person` WHERE `id` = 1 LIMIT 1   [ SQL RunTime:0.0000s ]
[2017-12-07T16:40:17+08:00] 
SHOW COLUMNS FROM `kw_config` [ SQL RunTime:0.0040s ]
[2017-12-07T16:40:17+08:00] 
SELECT * FROM `kw_config` LIMIT 1   [ SQL RunTime:0.0010s ]
[2017-12-07T16:40:17+08:00] 
SHOW COLUMNS FROM `kw_news_cats` [ SQL RunTime:0.0030s ]
[2017-12-07T16:40:17+08:00] 
SELECT * FROM `kw_news_cats` WHERE `id` = 0 LIMIT 1   [ SQL RunTime:0.0000s ]
[2017-12-07T16:40:17+08:00] 
SELECT * FROM `kw_news_cats` WHERE `id` = 0 LIMIT 1   [ SQL RunTime:0.0010s ]
[2017-12-07T16:40:17+08:00] 
SHOW COLUMNS FROM `kw_news` [ SQL RunTime:0.0030s ]
[2017-12-07T16:40:17+08:00] 
SELECT * FROM `kw_news` WHERE ( pid=0 and ty=0 ) LIMIT 1   [ SQL RunTime:0.0000s ]
[2017-12-07T16:40:17+08:00] 
SHOW COLUMNS FROM `kw_person` [ SQL RunTime:0.0030s ]
[2017-12-07T16:40:17+08:00] 
SELECT * FROM `kw_person` WHERE `id` = 1 LIMIT 1   [ SQL RunTime:0.0000s ]
[2017-12-07T16:40:18+08:00] 
SHOW COLUMNS FROM `kw_config` [ SQL RunTime:0.0080s ]
[2017-12-07T16:40:18+08:00] 
SELECT * FROM `kw_config` LIMIT 1   [ SQL RunTime:0.0010s ]
[2017-12-07T16:40:18+08:00] 
SHOW COLUMNS FROM `kw_news_cats` [ SQL RunTime:0.0130s ]
[2017-12-07T16:40:18+08:00] 
SELECT * FROM `kw_news_cats` WHERE `id` = 0 LIMIT 1   [ SQL RunTime:0.0000s ]
[2017-12-07T16:40:18+08:00] 
SELECT * FROM `kw_news_cats` WHERE `id` = 0 LIMIT 1   [ SQL RunTime:0.0000s ]
[2017-12-07T16:40:18+08:00] 
SHOW COLUMNS FROM `kw_news` [ SQL RunTime:0.0070s ]
[2017-12-07T16:40:18+08:00] 
SELECT * FROM `kw_news` WHERE ( pid=0 and ty=0 ) LIMIT 1   [ SQL RunTime:0.0000s ]
[2017-12-07T16:40:19+08:00] 
SHOW COLUMNS FROM `kw_person` [ SQL RunTime:0.1190s ]
[2017-12-07T16:40:19+08:00] 
SELECT * FROM `kw_person` WHERE `id` = 1 LIMIT 1   [ SQL RunTime:0.0000s ]
[2017-12-07T16:40:19+08:00] 
SHOW COLUMNS FROM `kw_config` [ SQL RunTime:0.0040s ]
[2017-12-07T16:40:19+08:00] 
SELECT * FROM `kw_config` LIMIT 1   [ SQL RunTime:0.0000s ]
[2017-12-07T16:40:19+08:00] 
SHOW COLUMNS FROM `kw_news_cats` [ SQL RunTime:0.0070s ]
[2017-12-07T16:40:19+08:00] 
SELECT * FROM `kw_news_cats` WHERE `id` = 0 LIMIT 1   [ SQL RunTime:0.0000s ]
[2017-12-07T16:40:19+08:00] 
SELECT * FROM `kw_news_cats` WHERE `id` = 0 LIMIT 1   [ SQL RunTime:0.0000s ]
[2017-12-07T16:40:19+08:00] 
SHOW COLUMNS FROM `kw_news` [ SQL RunTime:0.0070s ]
[2017-12-07T16:40:19+08:00] 
SELECT * FROM `kw_news` WHERE ( pid=0 and ty=0 ) LIMIT 1   [ SQL RunTime:0.0010s ]
[2017-12-07T16:40:19+08:00] 
SHOW COLUMNS FROM `kw_person` [ SQL RunTime:0.0070s ]
[2017-12-07T16:40:19+08:00] 
SELECT * FROM `kw_person` WHERE `id` = 1 LIMIT 1   [ SQL RunTime:0.0000s ]
[2017-12-07T16:40:20+08:00] 
SHOW COLUMNS FROM `kw_config` [ SQL RunTime:0.0740s ]
[2017-12-07T16:40:20+08:00] 
SELECT * FROM `kw_config` LIMIT 1   [ SQL RunTime:0.0010s ]
[2017-12-07T16:40:20+08:00] 
SHOW COLUMNS FROM `kw_news_cats` [ SQL RunTime:0.0090s ]
[2017-12-07T16:40:20+08:00] 
SELECT * FROM `kw_news_cats` WHERE `id` = 0 LIMIT 1   [ SQL RunTime:0.0010s ]
[2017-12-07T16:40:20+08:00] 
SELECT * FROM `kw_news_cats` WHERE `id` = 0 LIMIT 1   [ SQL RunTime:0.0000s ]
[2017-12-07T16:40:20+08:00] 
SHOW COLUMNS FROM `kw_news` [ SQL RunTime:0.0090s ]
[2017-12-07T16:40:20+08:00] 
SELECT * FROM `kw_news` WHERE ( pid=0 and ty=0 ) LIMIT 1   [ SQL RunTime:0.0000s ]
[2017-12-07T16:40:20+08:00] 
SHOW COLUMNS FROM `kw_config` [ SQL RunTime:0.0080s ]
[2017-12-07T16:40:20+08:00] 
SELECT * FROM `kw_config` LIMIT 1   [ SQL RunTime:0.0010s ]
[2017-12-07T16:40:20+08:00] 
SHOW COLUMNS FROM `kw_news_cats` [ SQL RunTime:0.0080s ]
[2017-12-07T16:40:20+08:00] 
SELECT * FROM `kw_news_cats` WHERE `id` = 0 LIMIT 1   [ SQL RunTime:0.0000s ]
[2017-12-07T16:40:20+08:00] 
SELECT * FROM `kw_news_cats` WHERE `id` = 0 LIMIT 1   [ SQL RunTime:0.0000s ]
[2017-12-07T16:40:20+08:00] 
SHOW COLUMNS FROM `kw_news` [ SQL RunTime:0.0080s ]
[2017-12-07T16:40:20+08:00] 
SELECT * FROM `kw_news` WHERE ( pid=0 and ty=0 ) LIMIT 1   [ SQL RunTime:0.0010s ]
[2017-12-07T16:40:21+08:00] 
SHOW COLUMNS FROM `kw_config` [ SQL RunTime:0.0050s ]
[2017-12-07T16:40:21+08:00] 
SELECT * FROM `kw_config` LIMIT 1   [ SQL RunTime:0.0000s ]
[2017-12-07T16:40:21+08:00] 
SHOW COLUMNS FROM `kw_news_cats` [ SQL RunTime:0.0040s ]
[2017-12-07T16:40:21+08:00] 
SELECT * FROM `kw_news_cats` WHERE `id` = 0 LIMIT 1   [ SQL RunTime:0.0000s ]
[2017-12-07T16:40:21+08:00] 
SELECT * FROM `kw_news_cats` WHERE `id` = 0 LIMIT 1   [ SQL RunTime:0.0010s ]
[2017-12-07T16:40:21+08:00] 
SHOW COLUMNS FROM `kw_news` [ SQL RunTime:0.0360s ]
[2017-12-07T16:40:21+08:00] 
SELECT * FROM `kw_news` WHERE ( pid=0 and ty=0 ) LIMIT 1   [ SQL RunTime:0.0020s ]
[2017-12-07T16:40:21+08:00] 
SHOW COLUMNS FROM `kw_config` [ SQL RunTime:0.0100s ]
[2017-12-07T16:40:21+08:00] 
SELECT * FROM `kw_config` LIMIT 1   [ SQL RunTime:0.0000s ]
[2017-12-07T16:40:21+08:00] 
SHOW COLUMNS FROM `kw_news_cats` [ SQL RunTime:0.0070s ]
[2017-12-07T16:40:21+08:00] 
SELECT * FROM `kw_news_cats` WHERE `id` = 0 LIMIT 1   [ SQL RunTime:0.0010s ]
[2017-12-07T16:40:21+08:00] 
SELECT * FROM `kw_news_cats` WHERE `id` = 0 LIMIT 1   [ SQL RunTime:0.0000s ]
[2017-12-07T16:40:21+08:00] 
SHOW COLUMNS FROM `kw_news` [ SQL RunTime:0.0040s ]
[2017-12-07T16:40:21+08:00] 
SELECT * FROM `kw_news` WHERE ( pid=0 and ty=0 ) LIMIT 1   [ SQL RunTime:0.0000s ]
[2017-12-07T16:40:24+08:00] 
SHOW COLUMNS FROM `kw_config` [ SQL RunTime:0.0480s ]
[2017-12-07T16:40:24+08:00] 
SELECT * FROM `kw_config` LIMIT 1   [ SQL RunTime:0.0010s ]
[2017-12-07T16:40:24+08:00] 
SHOW COLUMNS FROM `kw_news_cats` [ SQL RunTime:0.0040s ]
[2017-12-07T16:40:24+08:00] 
SELECT * FROM `kw_news_cats` WHERE `id` = 0 LIMIT 1   [ SQL RunTime:0.0010s ]
[2017-12-07T16:40:24+08:00] 
SELECT * FROM `kw_news_cats` WHERE `id` = 0 LIMIT 1   [ SQL RunTime:0.0010s ]
[2017-12-07T16:40:24+08:00] 
SHOW COLUMNS FROM `kw_news` [ SQL RunTime:0.0050s ]
[2017-12-07T16:40:24+08:00] 
SELECT * FROM `kw_news` WHERE ( pid=0 and ty=0 ) LIMIT 1   [ SQL RunTime:0.0000s ]
[2017-12-07T17:17:25+08:00] 
SHOW COLUMNS FROM `kw_config` [ SQL RunTime:0.1300s ]
[2017-12-07T17:17:25+08:00] 
SELECT * FROM `kw_config` LIMIT 1   [ SQL RunTime:0.0230s ]
[2017-12-07T17:17:25+08:00] 
SHOW COLUMNS FROM `kw_news_cats` [ SQL RunTime:0.0470s ]
[2017-12-07T17:17:25+08:00] 
SELECT * FROM `kw_news_cats` WHERE `id` = 0 LIMIT 1   [ SQL RunTime:0.0010s ]
[2017-12-07T17:17:25+08:00] 
SELECT * FROM `kw_news_cats` WHERE `id` = 0 LIMIT 1   [ SQL RunTime:0.0010s ]
[2017-12-07T17:17:25+08:00] 
SHOW COLUMNS FROM `kw_news` [ SQL RunTime:0.0600s ]
[2017-12-07T17:17:25+08:00] 
SELECT * FROM `kw_news` WHERE ( pid=0 and ty=0 ) LIMIT 1   [ SQL RunTime:0.0010s ]
[2017-12-07T17:17:26+08:00] 
SHOW COLUMNS FROM `kw_person` [ SQL RunTime:0.0400s ]
[2017-12-07T17:17:26+08:00] 
SELECT * FROM `kw_person` WHERE `id` = 1 LIMIT 1   [ SQL RunTime:0.0010s ]
[2017-12-07T17:17:28+08:00] 
SHOW COLUMNS FROM `kw_config` [ SQL RunTime:0.0050s ]
[2017-12-07T17:17:28+08:00] 
SELECT * FROM `kw_config` LIMIT 1   [ SQL RunTime:0.0000s ]
[2017-12-07T17:17:28+08:00] 
SHOW COLUMNS FROM `kw_news_cats` [ SQL RunTime:0.0040s ]
[2017-12-07T17:17:28+08:00] 
SELECT * FROM `kw_news_cats` WHERE `id` = 0 LIMIT 1   [ SQL RunTime:0.0000s ]
[2017-12-07T17:17:28+08:00] 
SELECT * FROM `kw_news_cats` WHERE `id` = 0 LIMIT 1   [ SQL RunTime:0.0000s ]
[2017-12-07T17:17:28+08:00] 
SHOW COLUMNS FROM `kw_news` [ SQL RunTime:0.0060s ]
[2017-12-07T17:17:28+08:00] 
SELECT * FROM `kw_news` WHERE ( pid=0 and ty=0 ) LIMIT 1   [ SQL RunTime:0.0000s ]
[2017-12-07T17:17:28+08:00] 
SHOW COLUMNS FROM `kw_person` [ SQL RunTime:0.0050s ]
[2017-12-07T17:17:28+08:00] 
SELECT * FROM `kw_person` WHERE `id` = 1 LIMIT 1   [ SQL RunTime:0.0010s ]
[2017-12-07T17:17:29+08:00] 
SHOW COLUMNS FROM `kw_config` [ SQL RunTime:0.0080s ]
[2017-12-07T17:17:29+08:00] 
SELECT * FROM `kw_config` LIMIT 1   [ SQL RunTime:0.0000s ]
[2017-12-07T17:17:29+08:00] 
SHOW COLUMNS FROM `kw_news_cats` [ SQL RunTime:0.0060s ]
[2017-12-07T17:17:29+08:00] 
SELECT * FROM `kw_news_cats` WHERE `id` = 0 LIMIT 1   [ SQL RunTime:0.0000s ]
[2017-12-07T17:17:29+08:00] 
SELECT * FROM `kw_news_cats` WHERE `id` = 0 LIMIT 1   [ SQL RunTime:0.0000s ]
[2017-12-07T17:17:29+08:00] 
SHOW COLUMNS FROM `kw_news` [ SQL RunTime:0.0040s ]
[2017-12-07T17:17:29+08:00] 
SELECT * FROM `kw_news` WHERE ( pid=0 and ty=0 ) LIMIT 1   [ SQL RunTime:0.0000s ]
[2017-12-07T17:17:29+08:00] 
SHOW COLUMNS FROM `kw_person` [ SQL RunTime:0.0060s ]
[2017-12-07T17:17:29+08:00] 
SELECT * FROM `kw_person` WHERE `id` = 1 LIMIT 1   [ SQL RunTime:0.0000s ]
[2017-12-07T17:17:29+08:00] 
SHOW COLUMNS FROM `kw_config` [ SQL RunTime:0.0100s ]
[2017-12-07T17:17:29+08:00] 
SELECT * FROM `kw_config` LIMIT 1   [ SQL RunTime:0.0050s ]
[2017-12-07T17:17:29+08:00] 
SHOW COLUMNS FROM `kw_news_cats` [ SQL RunTime:0.0060s ]
[2017-12-07T17:17:29+08:00] 
SELECT * FROM `kw_news_cats` WHERE `id` = 0 LIMIT 1   [ SQL RunTime:0.0010s ]
[2017-12-07T17:17:29+08:00] 
SELECT * FROM `kw_news_cats` WHERE `id` = 0 LIMIT 1   [ SQL RunTime:0.0010s ]
[2017-12-07T17:17:29+08:00] 
SHOW COLUMNS FROM `kw_news` [ SQL RunTime:0.0050s ]
[2017-12-07T17:17:29+08:00] 
SELECT * FROM `kw_news` WHERE ( pid=0 and ty=0 ) LIMIT 1   [ SQL RunTime:0.0010s ]
[2017-12-07T17:17:29+08:00] 
SHOW COLUMNS FROM `kw_person` [ SQL RunTime:0.0050s ]
[2017-12-07T17:17:29+08:00] 
SELECT * FROM `kw_person` WHERE `id` = 1 LIMIT 1   [ SQL RunTime:0.0000s ]
[2017-12-07T17:17:30+08:00] 
SHOW COLUMNS FROM `kw_config` [ SQL RunTime:0.0050s ]
[2017-12-07T17:17:30+08:00] 
SELECT * FROM `kw_config` LIMIT 1   [ SQL RunTime:0.0000s ]
[2017-12-07T17:17:30+08:00] 
SHOW COLUMNS FROM `kw_news_cats` [ SQL RunTime:0.0050s ]
[2017-12-07T17:17:30+08:00] 
SELECT * FROM `kw_news_cats` WHERE `id` = 0 LIMIT 1   [ SQL RunTime:0.0000s ]
[2017-12-07T17:17:30+08:00] 
SELECT * FROM `kw_news_cats` WHERE `id` = 0 LIMIT 1   [ SQL RunTime:0.0010s ]
[2017-12-07T17:17:30+08:00] 
SHOW COLUMNS FROM `kw_news` [ SQL RunTime:0.0040s ]
[2017-12-07T17:17:30+08:00] 
SELECT * FROM `kw_news` WHERE ( pid=0 and ty=0 ) LIMIT 1   [ SQL RunTime:0.0030s ]
[2017-12-07T17:17:30+08:00] 
SHOW COLUMNS FROM `kw_config` [ SQL RunTime:0.0070s ]
[2017-12-07T17:17:30+08:00] 
SELECT * FROM `kw_config` LIMIT 1   [ SQL RunTime:0.0010s ]
[2017-12-07T17:17:30+08:00] 
SHOW COLUMNS FROM `kw_news_cats` [ SQL RunTime:0.0050s ]
[2017-12-07T17:17:30+08:00] 
SELECT * FROM `kw_news_cats` WHERE `id` = 0 LIMIT 1   [ SQL RunTime:0.0000s ]
[2017-12-07T17:17:30+08:00] 
SELECT * FROM `kw_news_cats` WHERE `id` = 0 LIMIT 1   [ SQL RunTime:0.0000s ]
[2017-12-07T17:17:30+08:00] 
SHOW COLUMNS FROM `kw_news` [ SQL RunTime:0.0040s ]
[2017-12-07T17:17:30+08:00] 
SELECT * FROM `kw_news` WHERE ( pid=0 and ty=0 ) LIMIT 1   [ SQL RunTime:0.0000s ]
[2017-12-07T17:17:31+08:00] 
SHOW COLUMNS FROM `kw_config` [ SQL RunTime:0.0630s ]
[2017-12-07T17:17:31+08:00] 
SELECT * FROM `kw_config` LIMIT 1   [ SQL RunTime:0.0010s ]
[2017-12-07T17:17:31+08:00] 
SHOW COLUMNS FROM `kw_news_cats` [ SQL RunTime:0.0060s ]
[2017-12-07T17:17:31+08:00] 
SELECT * FROM `kw_news_cats` WHERE `id` = 0 LIMIT 1   [ SQL RunTime:0.0000s ]
[2017-12-07T17:17:31+08:00] 
SELECT * FROM `kw_news_cats` WHERE `id` = 0 LIMIT 1   [ SQL RunTime:0.0010s ]
[2017-12-07T17:17:31+08:00] 
SHOW COLUMNS FROM `kw_news` [ SQL RunTime:0.0050s ]
[2017-12-07T17:17:31+08:00] 
SELECT * FROM `kw_news` WHERE ( pid=0 and ty=0 ) LIMIT 1   [ SQL RunTime:0.0010s ]
[2017-12-07T17:17:31+08:00] 
SHOW COLUMNS FROM `kw_config` [ SQL RunTime:0.0050s ]
[2017-12-07T17:17:31+08:00] 
SELECT * FROM `kw_config` LIMIT 1   [ SQL RunTime:0.0000s ]
[2017-12-07T17:17:31+08:00] 
SHOW COLUMNS FROM `kw_news_cats` [ SQL RunTime:0.0050s ]
[2017-12-07T17:17:31+08:00] 
SELECT * FROM `kw_news_cats` WHERE `id` = 0 LIMIT 1   [ SQL RunTime:0.0000s ]
[2017-12-07T17:17:31+08:00] 
SELECT * FROM `kw_news_cats` WHERE `id` = 0 LIMIT 1   [ SQL RunTime:0.0000s ]
[2017-12-07T17:17:31+08:00] 
SHOW COLUMNS FROM `kw_news` [ SQL RunTime:0.0150s ]
[2017-12-07T17:17:31+08:00] 
SELECT * FROM `kw_news` WHERE ( pid=0 and ty=0 ) LIMIT 1   [ SQL RunTime:0.0020s ]
[2017-12-07T17:17:33+08:00] 
SHOW COLUMNS FROM `kw_config` [ SQL RunTime:0.9881s ]
[2017-12-07T17:17:33+08:00] 
SELECT * FROM `kw_config` LIMIT 1   [ SQL RunTime:0.0010s ]
[2017-12-07T17:17:33+08:00] 
SHOW COLUMNS FROM `kw_news_cats` [ SQL RunTime:0.0210s ]
[2017-12-07T17:17:33+08:00] 
SELECT * FROM `kw_news_cats` WHERE `id` = 0 LIMIT 1   [ SQL RunTime:0.0010s ]
[2017-12-07T17:17:33+08:00] 
SELECT * FROM `kw_news_cats` WHERE `id` = 0 LIMIT 1   [ SQL RunTime:0.0010s ]
[2017-12-07T17:17:33+08:00] 
SHOW COLUMNS FROM `kw_news` [ SQL RunTime:0.0070s ]
[2017-12-07T17:17:33+08:00] 
SELECT * FROM `kw_news` WHERE ( pid=0 and ty=0 ) LIMIT 1   [ SQL RunTime:0.0010s ]
[2017-12-07T17:17:57+08:00] 
SHOW COLUMNS FROM `kw_config` [ SQL RunTime:0.0070s ]
[2017-12-07T17:17:57+08:00] 
SELECT * FROM `kw_config` LIMIT 1   [ SQL RunTime:0.0000s ]
[2017-12-07T17:17:57+08:00] 
SHOW COLUMNS FROM `kw_news_cats` [ SQL RunTime:0.0090s ]
[2017-12-07T17:17:57+08:00] 
SELECT * FROM `kw_news_cats` WHERE `id` = 0 LIMIT 1   [ SQL RunTime:0.0000s ]
[2017-12-07T17:17:57+08:00] 
SELECT * FROM `kw_news_cats` WHERE `id` = 0 LIMIT 1   [ SQL RunTime:0.0010s ]
[2017-12-07T17:17:57+08:00] 
SHOW COLUMNS FROM `kw_news` [ SQL RunTime:0.0060s ]
[2017-12-07T17:17:57+08:00] 
SELECT * FROM `kw_news` WHERE ( pid=0 and ty=0 ) LIMIT 1   [ SQL RunTime:0.0010s ]
[2017-12-07T17:17:57+08:00] 
SHOW COLUMNS FROM `kw_person` [ SQL RunTime:0.0050s ]
[2017-12-07T17:17:57+08:00] 
SELECT * FROM `kw_person` WHERE `id` = 1 LIMIT 1   [ SQL RunTime:0.0000s ]
[2017-12-07T17:17:58+08:00] 
SHOW COLUMNS FROM `kw_config` [ SQL RunTime:0.0040s ]
[2017-12-07T17:17:58+08:00] 
SELECT * FROM `kw_config` LIMIT 1   [ SQL RunTime:0.0010s ]
[2017-12-07T17:17:58+08:00] 
SHOW COLUMNS FROM `kw_news_cats` [ SQL RunTime:0.0050s ]
[2017-12-07T17:17:58+08:00] 
SELECT * FROM `kw_news_cats` WHERE `id` = 0 LIMIT 1   [ SQL RunTime:0.0010s ]
[2017-12-07T17:17:58+08:00] 
SELECT * FROM `kw_news_cats` WHERE `id` = 0 LIMIT 1   [ SQL RunTime:0.0000s ]
[2017-12-07T17:17:58+08:00] 
SHOW COLUMNS FROM `kw_news` [ SQL RunTime:0.0050s ]
[2017-12-07T17:17:58+08:00] 
SELECT * FROM `kw_news` WHERE ( pid=0 and ty=0 ) LIMIT 1   [ SQL RunTime:0.0010s ]
[2017-12-07T17:17:58+08:00] 
SHOW COLUMNS FROM `kw_person` [ SQL RunTime:0.0040s ]
[2017-12-07T17:17:58+08:00] 
SELECT * FROM `kw_person` WHERE `id` = 1 LIMIT 1   [ SQL RunTime:0.0000s ]
[2017-12-07T17:17:59+08:00] 
SHOW COLUMNS FROM `kw_config` [ SQL RunTime:0.0060s ]
[2017-12-07T17:17:59+08:00] 
SELECT * FROM `kw_config` LIMIT 1   [ SQL RunTime:0.0000s ]
[2017-12-07T17:17:59+08:00] 
SHOW COLUMNS FROM `kw_news_cats` [ SQL RunTime:0.0030s ]
[2017-12-07T17:17:59+08:00] 
SELECT * FROM `kw_news_cats` WHERE `id` = 0 LIMIT 1   [ SQL RunTime:0.0000s ]
[2017-12-07T17:17:59+08:00] 
SELECT * FROM `kw_news_cats` WHERE `id` = 0 LIMIT 1   [ SQL RunTime:0.0000s ]
[2017-12-07T17:17:59+08:00] 
SHOW COLUMNS FROM `kw_news` [ SQL RunTime:0.0030s ]
[2017-12-07T17:17:59+08:00] 
SELECT * FROM `kw_news` WHERE ( pid=0 and ty=0 ) LIMIT 1   [ SQL RunTime:0.0000s ]
[2017-12-07T17:17:59+08:00] 
SHOW COLUMNS FROM `kw_person` [ SQL RunTime:0.0030s ]
[2017-12-07T17:17:59+08:00] 
SELECT * FROM `kw_person` WHERE `id` = 1 LIMIT 1   [ SQL RunTime:0.0010s ]
[2017-12-07T17:17:59+08:00] 
SHOW COLUMNS FROM `kw_config` [ SQL RunTime:0.0050s ]
[2017-12-07T17:17:59+08:00] 
SELECT * FROM `kw_config` LIMIT 1   [ SQL RunTime:0.0010s ]
[2017-12-07T17:17:59+08:00] 
SHOW COLUMNS FROM `kw_news_cats` [ SQL RunTime:0.0050s ]
[2017-12-07T17:17:59+08:00] 
SELECT * FROM `kw_news_cats` WHERE `id` = 0 LIMIT 1   [ SQL RunTime:0.0000s ]
[2017-12-07T17:17:59+08:00] 
SELECT * FROM `kw_news_cats` WHERE `id` = 0 LIMIT 1   [ SQL RunTime:0.0000s ]
[2017-12-07T17:17:59+08:00] 
SHOW COLUMNS FROM `kw_news` [ SQL RunTime:0.0050s ]
[2017-12-07T17:17:59+08:00] 
SELECT * FROM `kw_news` WHERE ( pid=0 and ty=0 ) LIMIT 1   [ SQL RunTime:0.0000s ]
[2017-12-07T17:17:59+08:00] 
SHOW COLUMNS FROM `kw_config` [ SQL RunTime:0.0050s ]
[2017-12-07T17:17:59+08:00] 
SELECT * FROM `kw_config` LIMIT 1   [ SQL RunTime:0.0010s ]
[2017-12-07T17:17:59+08:00] 
SHOW COLUMNS FROM `kw_news_cats` [ SQL RunTime:0.0050s ]
[2017-12-07T17:17:59+08:00] 
SELECT * FROM `kw_news_cats` WHERE `id` = 0 LIMIT 1   [ SQL RunTime:0.0000s ]
[2017-12-07T17:17:59+08:00] 
SELECT * FROM `kw_news_cats` WHERE `id` = 0 LIMIT 1   [ SQL RunTime:0.0000s ]
[2017-12-07T17:17:59+08:00] 
SHOW COLUMNS FROM `kw_news` [ SQL RunTime:0.0040s ]
[2017-12-07T17:17:59+08:00] 
SELECT * FROM `kw_news` WHERE ( pid=0 and ty=0 ) LIMIT 1   [ SQL RunTime:0.0010s ]
[2017-12-07T17:17:59+08:00] 
SHOW COLUMNS FROM `kw_config` [ SQL RunTime:0.0140s ]
[2017-12-07T17:17:59+08:00] 
SELECT * FROM `kw_config` LIMIT 1   [ SQL RunTime:0.0030s ]
[2017-12-07T17:17:59+08:00] 
SHOW COLUMNS FROM `kw_news_cats` [ SQL RunTime:0.0040s ]
[2017-12-07T17:17:59+08:00] 
SELECT * FROM `kw_news_cats` WHERE `id` = 0 LIMIT 1   [ SQL RunTime:0.0000s ]
[2017-12-07T17:17:59+08:00] 
SELECT * FROM `kw_news_cats` WHERE `id` = 0 LIMIT 1   [ SQL RunTime:0.0000s ]
[2017-12-07T17:17:59+08:00] 
SHOW COLUMNS FROM `kw_news` [ SQL RunTime:0.0150s ]
[2017-12-07T17:17:59+08:00] 
SELECT * FROM `kw_news` WHERE ( pid=0 and ty=0 ) LIMIT 1   [ SQL RunTime:0.0010s ]
[2017-12-07T17:17:59+08:00] 
SHOW COLUMNS FROM `kw_config` [ SQL RunTime:0.0050s ]
[2017-12-07T17:17:59+08:00] 
SELECT * FROM `kw_config` LIMIT 1   [ SQL RunTime:0.0010s ]
[2017-12-07T17:17:59+08:00] 
SHOW COLUMNS FROM `kw_news_cats` [ SQL RunTime:0.0020s ]
[2017-12-07T17:17:59+08:00] 
SELECT * FROM `kw_news_cats` WHERE `id` = 0 LIMIT 1   [ SQL RunTime:0.0010s ]
[2017-12-07T17:17:59+08:00] 
SELECT * FROM `kw_news_cats` WHERE `id` = 0 LIMIT 1   [ SQL RunTime:0.0010s ]
[2017-12-07T17:17:59+08:00] 
SHOW COLUMNS FROM `kw_news` [ SQL RunTime:0.0050s ]
[2017-12-07T17:17:59+08:00] 
SELECT * FROM `kw_news` WHERE ( pid=0 and ty=0 ) LIMIT 1   [ SQL RunTime:0.0000s ]
[2017-12-07T17:17:59+08:00] 
SHOW COLUMNS FROM `kw_person` [ SQL RunTime:0.0040s ]
[2017-12-07T17:17:59+08:00] 
SELECT * FROM `kw_person` WHERE `id` = 1 LIMIT 1   [ SQL RunTime:0.0000s ]
[2017-12-07T17:18:00+08:00] 
SHOW COLUMNS FROM `kw_config` [ SQL RunTime:0.0050s ]
[2017-12-07T17:18:00+08:00] 
SELECT * FROM `kw_config` LIMIT 1   [ SQL RunTime:0.0010s ]
[2017-12-07T17:18:00+08:00] 
SHOW COLUMNS FROM `kw_news_cats` [ SQL RunTime:0.0050s ]
[2017-12-07T17:18:00+08:00] 
SELECT * FROM `kw_news_cats` WHERE `id` = 0 LIMIT 1   [ SQL RunTime:0.0000s ]
[2017-12-07T17:18:00+08:00] 
SELECT * FROM `kw_news_cats` WHERE `id` = 0 LIMIT 1   [ SQL RunTime:0.0000s ]
[2017-12-07T17:18:00+08:00] 
SHOW COLUMNS FROM `kw_news` [ SQL RunTime:0.0040s ]
[2017-12-07T17:18:00+08:00] 
SELECT * FROM `kw_news` WHERE ( pid=0 and ty=0 ) LIMIT 1   [ SQL RunTime:0.0010s ]
[2017-12-07T17:18:00+08:00] 
SHOW COLUMNS FROM `kw_config` [ SQL RunTime:0.0060s ]
[2017-12-07T17:18:00+08:00] 
SELECT * FROM `kw_config` LIMIT 1   [ SQL RunTime:0.0010s ]
[2017-12-07T17:18:00+08:00] 
SHOW COLUMNS FROM `kw_news_cats` [ SQL RunTime:0.0050s ]
[2017-12-07T17:18:00+08:00] 
SELECT * FROM `kw_news_cats` WHERE `id` = 0 LIMIT 1   [ SQL RunTime:0.0010s ]
[2017-12-07T17:18:00+08:00] 
SELECT * FROM `kw_news_cats` WHERE `id` = 0 LIMIT 1   [ SQL RunTime:0.0000s ]
[2017-12-07T17:18:00+08:00] 
SHOW COLUMNS FROM `kw_news` [ SQL RunTime:0.0070s ]
[2017-12-07T17:18:00+08:00] 
SELECT * FROM `kw_news` WHERE ( pid=0 and ty=0 ) LIMIT 1   [ SQL RunTime:0.0010s ]
[2017-12-07T17:19:25+08:00] 
SHOW COLUMNS FROM `kw_config` [ SQL RunTime:0.0060s ]
[2017-12-07T17:19:25+08:00] 
SELECT * FROM `kw_config` LIMIT 1   [ SQL RunTime:0.0000s ]
[2017-12-07T17:19:25+08:00] 
SHOW COLUMNS FROM `kw_news_cats` [ SQL RunTime:0.0050s ]
[2017-12-07T17:19:25+08:00] 
SELECT * FROM `kw_news_cats` WHERE `id` = 0 LIMIT 1   [ SQL RunTime:0.0010s ]
[2017-12-07T17:19:25+08:00] 
SELECT * FROM `kw_news_cats` WHERE `id` = 0 LIMIT 1   [ SQL RunTime:0.0010s ]
[2017-12-07T17:19:25+08:00] 
SHOW COLUMNS FROM `kw_news` [ SQL RunTime:0.0050s ]
[2017-12-07T17:19:25+08:00] 
SELECT * FROM `kw_news` WHERE ( pid=0 and ty=0 ) LIMIT 1   [ SQL RunTime:0.0000s ]
[2017-12-07T17:19:25+08:00] 
SHOW COLUMNS FROM `kw_person` [ SQL RunTime:0.0050s ]
[2017-12-07T17:19:25+08:00] 
SELECT * FROM `kw_person` WHERE `id` = 1 LIMIT 1   [ SQL RunTime:0.0000s ]
[2017-12-07T17:19:25+08:00] 
SHOW COLUMNS FROM `kw_config` [ SQL RunTime:0.0040s ]
[2017-12-07T17:19:25+08:00] 
SELECT * FROM `kw_config` LIMIT 1   [ SQL RunTime:0.0010s ]
[2017-12-07T17:19:25+08:00] 
SHOW COLUMNS FROM `kw_news_cats` [ SQL RunTime:0.0050s ]
[2017-12-07T17:19:25+08:00] 
SELECT * FROM `kw_news_cats` WHERE `id` = 0 LIMIT 1   [ SQL RunTime:0.0020s ]
[2017-12-07T17:19:25+08:00] 
SELECT * FROM `kw_news_cats` WHERE `id` = 0 LIMIT 1   [ SQL RunTime:0.0000s ]
[2017-12-07T17:19:25+08:00] 
SHOW COLUMNS FROM `kw_news` [ SQL RunTime:0.0080s ]
[2017-12-07T17:19:25+08:00] 
SELECT * FROM `kw_news` WHERE ( pid=0 and ty=0 ) LIMIT 1   [ SQL RunTime:0.0010s ]
[2017-12-07T17:19:25+08:00] 
SHOW COLUMNS FROM `kw_person` [ SQL RunTime:0.0050s ]
[2017-12-07T17:19:25+08:00] 
SELECT * FROM `kw_person` WHERE `id` = 1 LIMIT 1   [ SQL RunTime:0.0000s ]
[2017-12-07T17:19:25+08:00] 
SHOW COLUMNS FROM `kw_config` [ SQL RunTime:0.0080s ]
[2017-12-07T17:19:25+08:00] 
SELECT * FROM `kw_config` LIMIT 1   [ SQL RunTime:0.0000s ]
[2017-12-07T17:19:25+08:00] 
SHOW COLUMNS FROM `kw_news_cats` [ SQL RunTime:0.0540s ]
[2017-12-07T17:19:25+08:00] 
SELECT * FROM `kw_news_cats` WHERE `id` = 0 LIMIT 1   [ SQL RunTime:0.0000s ]
[2017-12-07T17:19:25+08:00] 
SELECT * FROM `kw_news_cats` WHERE `id` = 0 LIMIT 1   [ SQL RunTime:0.0000s ]
[2017-12-07T17:19:25+08:00] 
SHOW COLUMNS FROM `kw_news` [ SQL RunTime:0.0090s ]
[2017-12-07T17:19:25+08:00] 
SELECT * FROM `kw_news` WHERE ( pid=0 and ty=0 ) LIMIT 1   [ SQL RunTime:0.0000s ]
[2017-12-07T17:19:25+08:00] 
SHOW COLUMNS FROM `kw_person` [ SQL RunTime:0.0140s ]
[2017-12-07T17:19:25+08:00] 
SELECT * FROM `kw_person` WHERE `id` = 1 LIMIT 1   [ SQL RunTime:0.0030s ]
[2017-12-07T17:19:26+08:00] 
SHOW COLUMNS FROM `kw_config` [ SQL RunTime:0.0050s ]
[2017-12-07T17:19:26+08:00] 
SELECT * FROM `kw_config` LIMIT 1   [ SQL RunTime:0.0020s ]
[2017-12-07T17:19:26+08:00] 
SHOW COLUMNS FROM `kw_news_cats` [ SQL RunTime:0.0050s ]
[2017-12-07T17:19:26+08:00] 
SELECT * FROM `kw_news_cats` WHERE `id` = 0 LIMIT 1   [ SQL RunTime:0.0000s ]
[2017-12-07T17:19:26+08:00] 
SELECT * FROM `kw_news_cats` WHERE `id` = 0 LIMIT 1   [ SQL RunTime:0.0010s ]
[2017-12-07T17:19:26+08:00] 
SHOW COLUMNS FROM `kw_news` [ SQL RunTime:0.0060s ]
[2017-12-07T17:19:26+08:00] 
SELECT * FROM `kw_news` WHERE ( pid=0 and ty=0 ) LIMIT 1   [ SQL RunTime:0.0010s ]
[2017-12-07T17:19:26+08:00] 
SHOW COLUMNS FROM `kw_person` [ SQL RunTime:0.0040s ]
[2017-12-07T17:19:26+08:00] 
SELECT * FROM `kw_person` WHERE `id` = 1 LIMIT 1   [ SQL RunTime:0.0010s ]
[2017-12-07T17:19:26+08:00] 
SHOW COLUMNS FROM `kw_config` [ SQL RunTime:0.0070s ]
[2017-12-07T17:19:26+08:00] 
SELECT * FROM `kw_config` LIMIT 1   [ SQL RunTime:0.0000s ]
[2017-12-07T17:19:26+08:00] 
SHOW COLUMNS FROM `kw_news_cats` [ SQL RunTime:0.0050s ]
[2017-12-07T17:19:26+08:00] 
SELECT * FROM `kw_news_cats` WHERE `id` = 0 LIMIT 1   [ SQL RunTime:0.0000s ]
[2017-12-07T17:19:26+08:00] 
SELECT * FROM `kw_news_cats` WHERE `id` = 0 LIMIT 1   [ SQL RunTime:0.0000s ]
[2017-12-07T17:19:26+08:00] 
SHOW COLUMNS FROM `kw_news` [ SQL RunTime:0.0030s ]
[2017-12-07T17:19:26+08:00] 
SELECT * FROM `kw_news` WHERE ( pid=0 and ty=0 ) LIMIT 1   [ SQL RunTime:0.0000s ]
[2017-12-07T17:19:26+08:00] 
SHOW COLUMNS FROM `kw_config` [ SQL RunTime:0.0050s ]
[2017-12-07T17:19:26+08:00] 
SELECT * FROM `kw_config` LIMIT 1   [ SQL RunTime:0.0010s ]
[2017-12-07T17:19:26+08:00] 
SHOW COLUMNS FROM `kw_news_cats` [ SQL RunTime:0.0040s ]
[2017-12-07T17:19:26+08:00] 
SELECT * FROM `kw_news_cats` WHERE `id` = 0 LIMIT 1   [ SQL RunTime:0.0000s ]
[2017-12-07T17:19:26+08:00] 
SELECT * FROM `kw_news_cats` WHERE `id` = 0 LIMIT 1   [ SQL RunTime:0.0000s ]
[2017-12-07T17:19:26+08:00] 
SHOW COLUMNS FROM `kw_news` [ SQL RunTime:0.0050s ]
[2017-12-07T17:19:26+08:00] 
SELECT * FROM `kw_news` WHERE ( pid=0 and ty=0 ) LIMIT 1   [ SQL RunTime:0.0000s ]
[2017-12-07T17:19:27+08:00] 
SHOW COLUMNS FROM `kw_config` [ SQL RunTime:0.0060s ]
[2017-12-07T17:19:27+08:00] 
SELECT * FROM `kw_config` LIMIT 1   [ SQL RunTime:0.0000s ]
[2017-12-07T17:19:27+08:00] 
SHOW COLUMNS FROM `kw_news_cats` [ SQL RunTime:0.0050s ]
[2017-12-07T17:19:27+08:00] 
SELECT * FROM `kw_news_cats` WHERE `id` = 0 LIMIT 1   [ SQL RunTime:0.0000s ]
[2017-12-07T17:19:27+08:00] 
SELECT * FROM `kw_news_cats` WHERE `id` = 0 LIMIT 1   [ SQL RunTime:0.0000s ]
[2017-12-07T17:19:27+08:00] 
SHOW COLUMNS FROM `kw_news` [ SQL RunTime:0.0070s ]
[2017-12-07T17:19:27+08:00] 
SELECT * FROM `kw_news` WHERE ( pid=0 and ty=0 ) LIMIT 1   [ SQL RunTime:0.0020s ]
[2017-12-07T17:19:27+08:00] 
SHOW COLUMNS FROM `kw_config` [ SQL RunTime:0.0070s ]
[2017-12-07T17:19:27+08:00] 
SELECT * FROM `kw_config` LIMIT 1   [ SQL RunTime:0.0010s ]
[2017-12-07T17:19:27+08:00] 
SHOW COLUMNS FROM `kw_news_cats` [ SQL RunTime:0.0050s ]
[2017-12-07T17:19:27+08:00] 
SELECT * FROM `kw_news_cats` WHERE `id` = 0 LIMIT 1   [ SQL RunTime:0.0010s ]
[2017-12-07T17:19:27+08:00] 
SELECT * FROM `kw_news_cats` WHERE `id` = 0 LIMIT 1   [ SQL RunTime:0.0010s ]
[2017-12-07T17:19:27+08:00] 
SHOW COLUMNS FROM `kw_news` [ SQL RunTime:0.0080s ]
[2017-12-07T17:19:27+08:00] 
SELECT * FROM `kw_news` WHERE ( pid=0 and ty=0 ) LIMIT 1   [ SQL RunTime:0.0000s ]
[2017-12-07T17:19:27+08:00] 
SHOW COLUMNS FROM `kw_config` [ SQL RunTime:0.0050s ]
[2017-12-07T17:19:27+08:00] 
SELECT * FROM `kw_config` LIMIT 1   [ SQL RunTime:0.0010s ]
[2017-12-07T17:19:27+08:00] 
SHOW COLUMNS FROM `kw_news_cats` [ SQL RunTime:0.0050s ]
[2017-12-07T17:19:27+08:00] 
SELECT * FROM `kw_news_cats` WHERE `id` = 0 LIMIT 1   [ SQL RunTime:0.0010s ]
[2017-12-07T17:19:28+08:00] 
SELECT * FROM `kw_news_cats` WHERE `id` = 0 LIMIT 1   [ SQL RunTime:0.0010s ]
[2017-12-07T17:19:28+08:00] 
SHOW COLUMNS FROM `kw_news` [ SQL RunTime:0.0040s ]
[2017-12-07T17:19:28+08:00] 
SELECT * FROM `kw_news` WHERE ( pid=0 and ty=0 ) LIMIT 1   [ SQL RunTime:0.0000s ]
