[2018-02-28T00:14:12+08:00] 
SHOW COLUMNS FROM `kw_config` [ SQL RunTime:0.0070s ]
[2018-02-28T00:14:12+08:00] 
SELECT * FROM `kw_config` LIMIT 1   [ SQL RunTime:0.0010s ]
[2018-02-28T00:14:12+08:00] 
SHOW COLUMNS FROM `kw_news_cats` [ SQL RunTime:0.0040s ]
[2018-02-28T00:14:12+08:00] 
SELECT * FROM `kw_news_cats` WHERE `id` = 0 LIMIT 1   [ SQL RunTime:0.0010s ]
[2018-02-28T00:14:12+08:00] 
SELECT * FROM `kw_news_cats` WHERE `id` = 0 LIMIT 1   [ SQL RunTime:0.0010s ]
[2018-02-28T00:14:12+08:00] 
SHOW COLUMNS FROM `kw_news` [ SQL RunTime:0.0040s ]
[2018-02-28T00:14:12+08:00] 
SELECT * FROM `kw_news` WHERE ( pid=0 and ty=0 ) LIMIT 1   [ SQL RunTime:0.0000s ]
[2018-02-28T00:36:50+08:00] 
SHOW COLUMNS FROM `kw_config` [ SQL RunTime:0.0370s ]
[2018-02-28T00:36:50+08:00] 
SELECT * FROM `kw_config` LIMIT 1   [ SQL RunTime:0.0020s ]
[2018-02-28T00:36:50+08:00] 
SHOW COLUMNS FROM `kw_news_cats` [ SQL RunTime:0.0050s ]
[2018-02-28T00:36:50+08:00] 
SELECT * FROM `kw_news_cats` WHERE `id` = 0 LIMIT 1   [ SQL RunTime:0.0000s ]
[2018-02-28T00:36:50+08:00] 
SELECT * FROM `kw_news_cats` WHERE `id` = 0 LIMIT 1   [ SQL RunTime:0.0010s ]
[2018-02-28T00:36:50+08:00] 
SHOW COLUMNS FROM `kw_news` [ SQL RunTime:0.0050s ]
[2018-02-28T00:36:50+08:00] 
SELECT * FROM `kw_news` WHERE ( pid=0 and ty=0 ) LIMIT 1   [ SQL RunTime:0.0010s ]
[2018-02-28T00:44:30+08:00] 
SHOW COLUMNS FROM `kw_config` [ SQL RunTime:0.0650s ]
[2018-02-28T00:44:30+08:00] 
SELECT * FROM `kw_config` LIMIT 1   [ SQL RunTime:0.0050s ]
[2018-02-28T00:44:30+08:00] 
SHOW COLUMNS FROM `kw_news_cats` [ SQL RunTime:0.0040s ]
[2018-02-28T00:44:30+08:00] 
SELECT * FROM `kw_news_cats` WHERE `id` = 0 LIMIT 1   [ SQL RunTime:0.0010s ]
[2018-02-28T00:44:30+08:00] 
SELECT * FROM `kw_news_cats` WHERE `id` = 0 LIMIT 1   [ SQL RunTime:0.0020s ]
[2018-02-28T00:44:30+08:00] 
SHOW COLUMNS FROM `kw_news` [ SQL RunTime:0.0060s ]
[2018-02-28T00:44:30+08:00] 
SELECT * FROM `kw_news` WHERE ( pid=0 and ty=0 ) LIMIT 1   [ SQL RunTime:0.0010s ]
[2018-02-28T02:24:31+08:00] 
SHOW COLUMNS FROM `kw_config` [ SQL RunTime:1.7841s ]
[2018-02-28T02:24:31+08:00] 
SELECT * FROM `kw_config` LIMIT 1   [ SQL RunTime:0.0210s ]
[2018-02-28T02:24:32+08:00] 
SHOW COLUMNS FROM `kw_news_cats` [ SQL RunTime:0.0970s ]
[2018-02-28T02:24:32+08:00] 
SELECT * FROM `kw_news_cats` WHERE `id` = 0 LIMIT 1   [ SQL RunTime:0.1390s ]
[2018-02-28T02:24:32+08:00] 
SELECT * FROM `kw_news_cats` WHERE `id` = 0 LIMIT 1   [ SQL RunTime:0.0010s ]
[2018-02-28T02:24:32+08:00] 
SHOW COLUMNS FROM `kw_news` [ SQL RunTime:0.1330s ]
[2018-02-28T02:24:32+08:00] 
SELECT * FROM `kw_news` WHERE ( pid=0 and ty=0 ) LIMIT 1   [ SQL RunTime:0.0010s ]
[2018-02-28T02:25:35+08:00] 
SHOW COLUMNS FROM `kw_config` [ SQL RunTime:0.0060s ]
[2018-02-28T02:25:35+08:00] 
SELECT * FROM `kw_config` LIMIT 1   [ SQL RunTime:0.0000s ]
[2018-02-28T02:25:36+08:00] 
SHOW COLUMNS FROM `kw_news_cats` [ SQL RunTime:0.0040s ]
[2018-02-28T02:25:36+08:00] 
SELECT * FROM `kw_news_cats` WHERE `id` = 0 LIMIT 1   [ SQL RunTime:0.0000s ]
[2018-02-28T02:25:36+08:00] 
SELECT * FROM `kw_news_cats` WHERE `id` = 0 LIMIT 1   [ SQL RunTime:0.0010s ]
[2018-02-28T02:25:36+08:00] 
SHOW COLUMNS FROM `kw_news` [ SQL RunTime:0.0040s ]
[2018-02-28T02:25:36+08:00] 
SELECT * FROM `kw_news` WHERE ( pid=0 and ty=0 ) LIMIT 1   [ SQL RunTime:0.0000s ]
[2018-02-28T02:25:38+08:00] 
SHOW COLUMNS FROM `kw_config` [ SQL RunTime:0.0160s ]
[2018-02-28T02:25:38+08:00] 
SELECT * FROM `kw_config` LIMIT 1   [ SQL RunTime:0.0000s ]
[2018-02-28T02:25:38+08:00] 
SHOW COLUMNS FROM `kw_news_cats` [ SQL RunTime:0.0030s ]
[2018-02-28T02:25:38+08:00] 
SELECT * FROM `kw_news_cats` WHERE `id` = 0 LIMIT 1   [ SQL RunTime:0.0000s ]
[2018-02-28T02:25:38+08:00] 
SELECT * FROM `kw_news_cats` WHERE `id` = 0 LIMIT 1   [ SQL RunTime:0.0000s ]
[2018-02-28T02:25:38+08:00] 
SHOW COLUMNS FROM `kw_news` [ SQL RunTime:0.0030s ]
[2018-02-28T02:25:38+08:00] 
SELECT * FROM `kw_news` WHERE ( pid=0 and ty=0 ) LIMIT 1   [ SQL RunTime:0.0000s ]
[2018-02-28T02:41:05+08:00] 
SHOW COLUMNS FROM `kw_config` [ SQL RunTime:0.0300s ]
[2018-02-28T02:41:05+08:00] 
SELECT * FROM `kw_config` LIMIT 1   [ SQL RunTime:0.0010s ]
[2018-02-28T02:41:05+08:00] 
SHOW COLUMNS FROM `kw_news_cats` [ SQL RunTime:0.0130s ]
[2018-02-28T02:41:05+08:00] 
SELECT * FROM `kw_news_cats` WHERE `id` = 0 LIMIT 1   [ SQL RunTime:0.0000s ]
[2018-02-28T02:41:05+08:00] 
SELECT * FROM `kw_news_cats` WHERE `id` = 0 LIMIT 1   [ SQL RunTime:0.0000s ]
[2018-02-28T02:41:05+08:00] 
SHOW COLUMNS FROM `kw_news` [ SQL RunTime:0.0050s ]
[2018-02-28T02:41:05+08:00] 
SELECT * FROM `kw_news` WHERE ( pid=0 and ty=0 ) LIMIT 1   [ SQL RunTime:0.0000s ]
[2018-02-28T02:44:12+08:00] 
SHOW COLUMNS FROM `kw_config` [ SQL RunTime:0.0040s ]
[2018-02-28T02:44:12+08:00] 
SELECT * FROM `kw_config` LIMIT 1   [ SQL RunTime:0.0020s ]
[2018-02-28T02:44:12+08:00] 
SHOW COLUMNS FROM `kw_news_cats` [ SQL RunTime:0.1020s ]
[2018-02-28T02:44:12+08:00] 
SELECT * FROM `kw_news_cats` WHERE `id` = 0 LIMIT 1   [ SQL RunTime:0.0000s ]
[2018-02-28T02:44:12+08:00] 
SELECT * FROM `kw_news_cats` WHERE `id` = 0 LIMIT 1   [ SQL RunTime:0.0000s ]
[2018-02-28T02:44:12+08:00] 
SHOW COLUMNS FROM `kw_news` [ SQL RunTime:0.0050s ]
[2018-02-28T02:44:12+08:00] 
SELECT * FROM `kw_news` WHERE ( pid=0 and ty=0 ) LIMIT 1   [ SQL RunTime:0.0040s ]
[2018-02-28T03:37:27+08:00] 
SHOW COLUMNS FROM `kw_config` [ SQL RunTime:0.0040s ]
[2018-02-28T03:37:27+08:00] 
SELECT * FROM `kw_config` LIMIT 1   [ SQL RunTime:0.0010s ]
[2018-02-28T03:37:27+08:00] 
SHOW COLUMNS FROM `kw_news_cats` [ SQL RunTime:0.0030s ]
[2018-02-28T03:37:27+08:00] 
SELECT * FROM `kw_news_cats` WHERE `id` = 0 LIMIT 1   [ SQL RunTime:0.0010s ]
[2018-02-28T03:37:27+08:00] 
SELECT * FROM `kw_news_cats` WHERE `id` = 0 LIMIT 1   [ SQL RunTime:0.0030s ]
[2018-02-28T03:37:27+08:00] 
SHOW COLUMNS FROM `kw_news` [ SQL RunTime:0.0040s ]
[2018-02-28T03:37:27+08:00] 
SELECT * FROM `kw_news` WHERE ( pid=0 and ty=0 ) LIMIT 1   [ SQL RunTime:0.0000s ]
[2018-02-28T03:37:51+08:00] 
SHOW COLUMNS FROM `kw_config` [ SQL RunTime:0.0040s ]
[2018-02-28T03:37:51+08:00] 
SELECT * FROM `kw_config` LIMIT 1   [ SQL RunTime:0.0000s ]
[2018-02-28T03:37:51+08:00] 
SHOW COLUMNS FROM `kw_news_cats` [ SQL RunTime:0.0030s ]
[2018-02-28T03:37:51+08:00] 
SELECT * FROM `kw_news_cats` WHERE `id` = 0 LIMIT 1   [ SQL RunTime:0.0010s ]
[2018-02-28T03:37:51+08:00] 
SELECT * FROM `kw_news_cats` WHERE `id` = 0 LIMIT 1   [ SQL RunTime:0.0000s ]
[2018-02-28T03:37:51+08:00] 
SHOW COLUMNS FROM `kw_news` [ SQL RunTime:0.0030s ]
[2018-02-28T03:37:51+08:00] 
SELECT * FROM `kw_news` WHERE ( pid=0 and ty=0 ) LIMIT 1   [ SQL RunTime:0.0010s ]
[2018-02-28T03:38:28+08:00] 
SHOW COLUMNS FROM `kw_config` [ SQL RunTime:0.0040s ]
[2018-02-28T03:38:28+08:00] 
SELECT * FROM `kw_config` LIMIT 1   [ SQL RunTime:0.0010s ]
[2018-02-28T03:38:28+08:00] 
SHOW COLUMNS FROM `kw_news_cats` [ SQL RunTime:0.0150s ]
[2018-02-28T03:38:28+08:00] 
SELECT * FROM `kw_news_cats` WHERE `id` = 0 LIMIT 1   [ SQL RunTime:0.0000s ]
[2018-02-28T03:38:28+08:00] 
SELECT * FROM `kw_news_cats` WHERE `id` = 0 LIMIT 1   [ SQL RunTime:0.0000s ]
[2018-02-28T03:38:28+08:00] 
SHOW COLUMNS FROM `kw_news` [ SQL RunTime:0.0040s ]
[2018-02-28T03:38:28+08:00] 
SELECT * FROM `kw_news` WHERE ( pid=0 and ty=0 ) LIMIT 1   [ SQL RunTime:0.0010s ]
[2018-02-28T03:38:31+08:00] 
SHOW COLUMNS FROM `kw_config` [ SQL RunTime:0.0040s ]
[2018-02-28T03:38:31+08:00] 
SELECT * FROM `kw_config` LIMIT 1   [ SQL RunTime:0.0010s ]
[2018-02-28T03:38:31+08:00] 
SHOW COLUMNS FROM `kw_news_cats` [ SQL RunTime:0.0030s ]
[2018-02-28T03:38:31+08:00] 
SELECT * FROM `kw_news_cats` WHERE `id` = 0 LIMIT 1   [ SQL RunTime:0.0000s ]
[2018-02-28T03:38:31+08:00] 
SELECT * FROM `kw_news_cats` WHERE `id` = 0 LIMIT 1   [ SQL RunTime:0.0010s ]
[2018-02-28T03:38:31+08:00] 
SHOW COLUMNS FROM `kw_news` [ SQL RunTime:0.0040s ]
[2018-02-28T03:38:31+08:00] 
SELECT * FROM `kw_news` WHERE ( pid=0 and ty=0 ) LIMIT 1   [ SQL RunTime:0.0000s ]
[2018-02-28T03:40:02+08:00] 
SHOW COLUMNS FROM `kw_config` [ SQL RunTime:0.0030s ]
[2018-02-28T03:40:02+08:00] 
SELECT * FROM `kw_config` LIMIT 1   [ SQL RunTime:0.0010s ]
[2018-02-28T03:40:02+08:00] 
SHOW COLUMNS FROM `kw_news_cats` [ SQL RunTime:0.0040s ]
[2018-02-28T03:40:02+08:00] 
SELECT * FROM `kw_news_cats` WHERE `id` = 0 LIMIT 1   [ SQL RunTime:0.0010s ]
[2018-02-28T03:40:02+08:00] 
SELECT * FROM `kw_news_cats` WHERE `id` = 0 LIMIT 1   [ SQL RunTime:0.0010s ]
[2018-02-28T03:40:02+08:00] 
SHOW COLUMNS FROM `kw_news` [ SQL RunTime:0.0060s ]
[2018-02-28T03:40:02+08:00] 
SELECT * FROM `kw_news` WHERE ( pid=0 and ty=0 ) LIMIT 1   [ SQL RunTime:0.0010s ]
[2018-02-28T09:01:11+08:00] 
SHOW COLUMNS FROM `kw_config` [ SQL RunTime:0.0040s ]
[2018-02-28T09:01:11+08:00] 
SELECT * FROM `kw_config` LIMIT 1   [ SQL RunTime:0.0010s ]
[2018-02-28T09:01:11+08:00] 
SHOW COLUMNS FROM `kw_news_cats` [ SQL RunTime:0.0050s ]
[2018-02-28T09:01:11+08:00] 
SELECT * FROM `kw_news_cats` WHERE `id` = 0 LIMIT 1   [ SQL RunTime:0.0000s ]
[2018-02-28T09:01:11+08:00] 
SELECT * FROM `kw_news_cats` WHERE `id` = 0 LIMIT 1   [ SQL RunTime:0.0000s ]
[2018-02-28T09:01:11+08:00] 
SHOW COLUMNS FROM `kw_news` [ SQL RunTime:0.0030s ]
[2018-02-28T09:01:11+08:00] 
SELECT * FROM `kw_news` WHERE ( pid=0 and ty=0 ) LIMIT 1   [ SQL RunTime:0.0010s ]
[2018-02-28T09:01:16+08:00] 
SHOW COLUMNS FROM `kw_config` [ SQL RunTime:0.0040s ]
[2018-02-28T09:01:16+08:00] 
SELECT * FROM `kw_config` LIMIT 1   [ SQL RunTime:0.0000s ]
[2018-02-28T09:01:16+08:00] 
SHOW COLUMNS FROM `kw_news_cats` [ SQL RunTime:0.0030s ]
[2018-02-28T09:01:16+08:00] 
SELECT * FROM `kw_news_cats` WHERE `id` = 0 LIMIT 1   [ SQL RunTime:0.0010s ]
[2018-02-28T09:01:16+08:00] 
SELECT * FROM `kw_news_cats` WHERE `id` = 0 LIMIT 1   [ SQL RunTime:0.0000s ]
[2018-02-28T09:01:16+08:00] 
SHOW COLUMNS FROM `kw_news` [ SQL RunTime:0.0020s ]
[2018-02-28T09:01:16+08:00] 
SELECT * FROM `kw_news` WHERE ( pid=0 and ty=0 ) LIMIT 1   [ SQL RunTime:0.0000s ]
[2018-02-28T09:01:43+08:00] 
SHOW COLUMNS FROM `kw_config` [ SQL RunTime:0.0040s ]
[2018-02-28T09:01:43+08:00] 
SELECT * FROM `kw_config` LIMIT 1   [ SQL RunTime:0.0010s ]
[2018-02-28T09:01:43+08:00] 
SHOW COLUMNS FROM `kw_news_cats` [ SQL RunTime:0.0040s ]
[2018-02-28T09:01:43+08:00] 
SELECT * FROM `kw_news_cats` WHERE `id` = 0 LIMIT 1   [ SQL RunTime:0.0010s ]
[2018-02-28T09:01:43+08:00] 
SELECT * FROM `kw_news_cats` WHERE `id` = 0 LIMIT 1   [ SQL RunTime:0.0000s ]
[2018-02-28T09:01:43+08:00] 
SHOW COLUMNS FROM `kw_news` [ SQL RunTime:0.0030s ]
[2018-02-28T09:01:43+08:00] 
SELECT * FROM `kw_news` WHERE ( pid=0 and ty=0 ) LIMIT 1   [ SQL RunTime:0.0000s ]
[2018-02-28T15:00:50+08:00] 
SHOW COLUMNS FROM `kw_config` [ SQL RunTime:0.6550s ]
[2018-02-28T15:00:50+08:00] 
SELECT * FROM `kw_config` LIMIT 1   [ SQL RunTime:0.0310s ]
[2018-02-28T15:00:50+08:00] 
SHOW COLUMNS FROM `kw_news_cats` [ SQL RunTime:0.0800s ]
[2018-02-28T15:00:51+08:00] 
SELECT * FROM `kw_news_cats` WHERE `id` = 0 LIMIT 1   [ SQL RunTime:0.0800s ]
[2018-02-28T15:00:51+08:00] 
SELECT * FROM `kw_news_cats` WHERE `id` = 0 LIMIT 1   [ SQL RunTime:0.0010s ]
[2018-02-28T15:00:51+08:00] 
SHOW COLUMNS FROM `kw_news` [ SQL RunTime:0.0700s ]
[2018-02-28T15:00:51+08:00] 
SELECT * FROM `kw_news` WHERE ( pid=0 and ty=0 ) LIMIT 1   [ SQL RunTime:0.0000s ]
[2018-02-28T15:01:45+08:00] 
SHOW COLUMNS FROM `kw_config` [ SQL RunTime:0.0710s ]
[2018-02-28T15:01:45+08:00] 
SELECT * FROM `kw_config` LIMIT 1   [ SQL RunTime:0.0000s ]
[2018-02-28T15:01:45+08:00] 
SHOW COLUMNS FROM `kw_news_cats` [ SQL RunTime:0.0040s ]
[2018-02-28T15:01:45+08:00] 
SELECT * FROM `kw_news_cats` WHERE `id` = 0 LIMIT 1   [ SQL RunTime:0.0010s ]
[2018-02-28T15:01:45+08:00] 
SELECT * FROM `kw_news_cats` WHERE `id` = 0 LIMIT 1   [ SQL RunTime:0.0030s ]
[2018-02-28T15:01:45+08:00] 
SHOW COLUMNS FROM `kw_news` [ SQL RunTime:0.0040s ]
[2018-02-28T15:01:45+08:00] 
SELECT * FROM `kw_news` WHERE ( pid=0 and ty=0 ) LIMIT 1   [ SQL RunTime:0.0010s ]
[2018-02-28T15:18:09+08:00] 
SHOW COLUMNS FROM `kw_config` [ SQL RunTime:0.0030s ]
[2018-02-28T15:18:09+08:00] 
SELECT * FROM `kw_config` LIMIT 1   [ SQL RunTime:0.0020s ]
[2018-02-28T15:18:09+08:00] 
SHOW COLUMNS FROM `kw_news_cats` [ SQL RunTime:0.0040s ]
[2018-02-28T15:18:09+08:00] 
SELECT * FROM `kw_news_cats` WHERE `id` = 0 LIMIT 1   [ SQL RunTime:0.0010s ]
[2018-02-28T15:18:09+08:00] 
SELECT * FROM `kw_news_cats` WHERE `id` = 0 LIMIT 1   [ SQL RunTime:0.0000s ]
[2018-02-28T15:18:09+08:00] 
SHOW COLUMNS FROM `kw_news` [ SQL RunTime:0.0030s ]
[2018-02-28T15:18:09+08:00] 
SELECT * FROM `kw_news` WHERE ( pid=0 and ty=0 ) LIMIT 1   [ SQL RunTime:0.0010s ]
[2018-02-28T15:22:58+08:00] 
SHOW COLUMNS FROM `kw_config` [ SQL RunTime:0.0040s ]
[2018-02-28T15:22:58+08:00] 
SELECT * FROM `kw_config` LIMIT 1   [ SQL RunTime:0.0000s ]
[2018-02-28T15:22:58+08:00] 
SHOW COLUMNS FROM `kw_news_cats` [ SQL RunTime:0.0040s ]
[2018-02-28T15:22:58+08:00] 
SELECT * FROM `kw_news_cats` WHERE `id` = 0 LIMIT 1   [ SQL RunTime:0.0000s ]
[2018-02-28T15:22:58+08:00] 
SELECT * FROM `kw_news_cats` WHERE `id` = 0 LIMIT 1   [ SQL RunTime:0.0010s ]
[2018-02-28T15:22:58+08:00] 
SHOW COLUMNS FROM `kw_news` [ SQL RunTime:0.0040s ]
[2018-02-28T15:22:58+08:00] 
SELECT * FROM `kw_news` WHERE ( pid=0 and ty=0 ) LIMIT 1   [ SQL RunTime:0.0010s ]
[2018-02-28T15:23:41+08:00] 
SHOW COLUMNS FROM `kw_config` [ SQL RunTime:0.0040s ]
[2018-02-28T15:23:41+08:00] 
SELECT * FROM `kw_config` LIMIT 1   [ SQL RunTime:0.0000s ]
[2018-02-28T15:23:41+08:00] 
SHOW COLUMNS FROM `kw_news_cats` [ SQL RunTime:0.0040s ]
[2018-02-28T15:23:41+08:00] 
SELECT * FROM `kw_news_cats` WHERE `id` = 0 LIMIT 1   [ SQL RunTime:0.0000s ]
[2018-02-28T15:23:41+08:00] 
SELECT * FROM `kw_news_cats` WHERE `id` = 0 LIMIT 1   [ SQL RunTime:0.0000s ]
[2018-02-28T15:23:41+08:00] 
SHOW COLUMNS FROM `kw_news` [ SQL RunTime:0.0030s ]
[2018-02-28T15:23:41+08:00] 
SELECT * FROM `kw_news` WHERE ( pid=0 and ty=0 ) LIMIT 1   [ SQL RunTime:0.0000s ]
[2018-02-28T15:24:17+08:00] 
SHOW COLUMNS FROM `kw_config` [ SQL RunTime:0.0120s ]
[2018-02-28T15:24:17+08:00] 
SELECT * FROM `kw_config` LIMIT 1   [ SQL RunTime:0.0010s ]
[2018-02-28T15:24:17+08:00] 
SHOW COLUMNS FROM `kw_news_cats` [ SQL RunTime:0.0030s ]
[2018-02-28T15:24:17+08:00] 
SELECT * FROM `kw_news_cats` WHERE `id` = 0 LIMIT 1   [ SQL RunTime:0.0010s ]
[2018-02-28T15:24:17+08:00] 
SELECT * FROM `kw_news_cats` WHERE `id` = 0 LIMIT 1   [ SQL RunTime:0.0000s ]
[2018-02-28T15:24:17+08:00] 
SHOW COLUMNS FROM `kw_news` [ SQL RunTime:0.0040s ]
[2018-02-28T15:24:17+08:00] 
SELECT * FROM `kw_news` WHERE ( pid=0 and ty=0 ) LIMIT 1   [ SQL RunTime:0.0010s ]
[2018-02-28T15:24:21+08:00] 
SHOW COLUMNS FROM `kw_config` [ SQL RunTime:0.0040s ]
[2018-02-28T15:24:21+08:00] 
SELECT * FROM `kw_config` LIMIT 1   [ SQL RunTime:0.0000s ]
[2018-02-28T15:24:21+08:00] 
SHOW COLUMNS FROM `kw_news_cats` [ SQL RunTime:0.0030s ]
[2018-02-28T15:24:21+08:00] 
SELECT * FROM `kw_news_cats` WHERE `id` = 0 LIMIT 1   [ SQL RunTime:0.0000s ]
[2018-02-28T15:24:21+08:00] 
SELECT * FROM `kw_news_cats` WHERE `id` = 0 LIMIT 1   [ SQL RunTime:0.0010s ]
[2018-02-28T15:24:21+08:00] 
SHOW COLUMNS FROM `kw_news` [ SQL RunTime:0.0040s ]
[2018-02-28T15:24:21+08:00] 
SELECT * FROM `kw_news` WHERE ( pid=0 and ty=0 ) LIMIT 1   [ SQL RunTime:0.0010s ]
