[2018-03-02T15:02:58+08:00] 
SHOW COLUMNS FROM `kw_config` [ SQL RunTime:0.0940s ]
[2018-03-02T15:02:58+08:00] 
SELECT * FROM `kw_config` LIMIT 1   [ SQL RunTime:0.0140s ]
[2018-03-02T15:02:58+08:00] 
SHOW COLUMNS FROM `kw_news_cats` [ SQL RunTime:0.0700s ]
[2018-03-02T15:02:58+08:00] 
SELECT * FROM `kw_news_cats` WHERE `id` = 0 LIMIT 1   [ SQL RunTime:0.0030s ]
[2018-03-02T15:02:58+08:00] 
SELECT * FROM `kw_news_cats` WHERE `id` = 0 LIMIT 1   [ SQL RunTime:0.0010s ]
[2018-03-02T15:02:58+08:00] 
SHOW COLUMNS FROM `kw_news` [ SQL RunTime:0.1600s ]
[2018-03-02T15:02:58+08:00] 
SELECT * FROM `kw_news` WHERE ( pid=0 and ty=0 ) LIMIT 1   [ SQL RunTime:0.0000s ]
[2018-03-02T16:17:55+08:00] 
SHOW COLUMNS FROM `kw_config` [ SQL RunTime:0.0040s ]
[2018-03-02T16:17:55+08:00] 
SELECT * FROM `kw_config` LIMIT 1   [ SQL RunTime:0.0010s ]
[2018-03-02T16:17:55+08:00] 
SHOW COLUMNS FROM `kw_news_cats` [ SQL RunTime:0.0030s ]
[2018-03-02T16:17:55+08:00] 
SELECT * FROM `kw_news_cats` WHERE `id` = 0 LIMIT 1   [ SQL RunTime:0.0000s ]
[2018-03-02T16:17:55+08:00] 
SELECT * FROM `kw_news_cats` WHERE `id` = 0 LIMIT 1   [ SQL RunTime:0.0010s ]
[2018-03-02T16:17:55+08:00] 
SHOW COLUMNS FROM `kw_news` [ SQL RunTime:0.0040s ]
[2018-03-02T16:17:55+08:00] 
SELECT * FROM `kw_news` WHERE ( pid=0 and ty=0 ) LIMIT 1   [ SQL RunTime:0.0010s ]
[2018-03-02T17:36:51+08:00] 
SHOW COLUMNS FROM `kw_config` [ SQL RunTime:0.0060s ]
[2018-03-02T17:36:51+08:00] 
SELECT * FROM `kw_config` LIMIT 1   [ SQL RunTime:0.0000s ]
[2018-03-02T17:36:51+08:00] 
SHOW COLUMNS FROM `kw_news_cats` [ SQL RunTime:0.0030s ]
[2018-03-02T17:36:51+08:00] 
SELECT * FROM `kw_news_cats` WHERE `id` = 0 LIMIT 1   [ SQL RunTime:0.0000s ]
[2018-03-02T17:36:51+08:00] 
SELECT * FROM `kw_news_cats` WHERE `id` = 0 LIMIT 1   [ SQL RunTime:0.0010s ]
[2018-03-02T17:36:51+08:00] 
SHOW COLUMNS FROM `kw_news` [ SQL RunTime:0.0050s ]
[2018-03-02T17:36:51+08:00] 
SELECT * FROM `kw_news` WHERE ( pid=0 and ty=0 ) LIMIT 1   [ SQL RunTime:0.0010s ]
[2018-03-02T17:36:52+08:00] 
SHOW COLUMNS FROM `kw_config` [ SQL RunTime:0.0030s ]
[2018-03-02T17:36:52+08:00] 
SELECT * FROM `kw_config` LIMIT 1   [ SQL RunTime:0.0000s ]
[2018-03-02T17:36:52+08:00] 
SHOW COLUMNS FROM `kw_news_cats` [ SQL RunTime:0.0030s ]
[2018-03-02T17:36:52+08:00] 
SELECT * FROM `kw_news_cats` WHERE `id` = 0 LIMIT 1   [ SQL RunTime:0.0010s ]
[2018-03-02T17:36:52+08:00] 
SELECT * FROM `kw_news_cats` WHERE `id` = 0 LIMIT 1   [ SQL RunTime:0.0000s ]
[2018-03-02T17:36:52+08:00] 
SHOW COLUMNS FROM `kw_news` [ SQL RunTime:0.0040s ]
[2018-03-02T17:36:52+08:00] 
SELECT * FROM `kw_news` WHERE ( pid=0 and ty=0 ) LIMIT 1   [ SQL RunTime:0.0000s ]
[2018-03-02T19:53:09+08:00] 
SHOW COLUMNS FROM `kw_config` [ SQL RunTime:0.0040s ]
[2018-03-02T19:53:09+08:00] 
SELECT * FROM `kw_config` LIMIT 1   [ SQL RunTime:0.0010s ]
[2018-03-02T19:53:09+08:00] 
SHOW COLUMNS FROM `kw_news_cats` [ SQL RunTime:0.0050s ]
[2018-03-02T19:53:09+08:00] 
SELECT * FROM `kw_news_cats` WHERE `id` = 0 LIMIT 1   [ SQL RunTime:0.0010s ]
[2018-03-02T19:53:09+08:00] 
SELECT * FROM `kw_news_cats` WHERE `id` = 0 LIMIT 1   [ SQL RunTime:0.0010s ]
[2018-03-02T19:53:09+08:00] 
SHOW COLUMNS FROM `kw_news` [ SQL RunTime:0.0050s ]
[2018-03-02T19:53:09+08:00] 
SELECT * FROM `kw_news` WHERE ( pid=0 and ty=0 ) LIMIT 1   [ SQL RunTime:0.0030s ]
