[2018-03-06T17:57:54+08:00] 
SHOW COLUMNS FROM `kw_config` [ SQL RunTime:0.0025s ]
[2018-03-06T17:57:54+08:00] 
SELECT * FROM `kw_config` WHERE `id` = 1 LIMIT 1   [ SQL RunTime:0.0004s ]
[2018-03-06T17:58:00+08:00] 
SHOW COLUMNS FROM `kw_config` [ SQL RunTime:0.0024s ]
[2018-03-06T17:58:00+08:00] 
SELECT * FROM `kw_config` WHERE `id` = 1 LIMIT 1   [ SQL RunTime:0.0005s ]
[2018-03-06T17:58:01+08:00] 
SHOW COLUMNS FROM `kw_manager` [ SQL RunTime:0.0020s ]
[2018-03-06T17:58:01+08:00] 
SELECT * FROM `kw_manager` WHERE `username` = 'admin' AND `password` = '0192023a7bbd73250516f069df18b500' AND `isstate` = 1 LIMIT 1   [ SQL RunTime:0.0003s ]
[2018-03-06T17:58:01+08:00] 
UPDATE `kw_manager` SET `login_num`=login_num+1 WHERE `username` = 'admin' [ SQL RunTime:0.0003s ]
[2018-03-06T17:58:01+08:00] 
SHOW COLUMNS FROM `kw_login` [ SQL RunTime:0.0014s ]
[2018-03-06T17:58:01+08:00] 
INSERT INTO `kw_login` (`username`,`sendtime`,`ip`) VALUES (admin,1520330279,114.102.131.248) [ SQL RunTime:0.0002s ]
[2018-03-06T17:58:01+08:00] 
SHOW COLUMNS FROM `kw_logs` [ SQL RunTime:0.0014s ]
[2018-03-06T17:58:01+08:00] 
INSERT INTO `kw_logs` (`username`,`content`,`ip`,`sendtime`) VALUES (admin,登录管理后台,114.102.131.248,1520330279) [ SQL RunTime:0.0002s ]
[2018-03-06T17:58:02+08:00] 
SHOW COLUMNS FROM `kw_config` [ SQL RunTime:0.0021s ]
[2018-03-06T17:58:02+08:00] 
SELECT * FROM `kw_config` WHERE `id` = 1 LIMIT 1   [ SQL RunTime:0.0005s ]
[2018-03-06T17:58:04+08:00] 
SHOW COLUMNS FROM `kw_config` [ SQL RunTime:0.0022s ]
[2018-03-06T17:58:04+08:00] 
SELECT * FROM `kw_config` WHERE `id` = 1 LIMIT 1   [ SQL RunTime:0.0003s ]
[2018-03-06T17:58:05+08:00] 
SHOW COLUMNS FROM `kw_config` [ SQL RunTime:0.0023s ]
[2018-03-06T17:58:05+08:00] 
SELECT * FROM `kw_config` WHERE `id` = 1 LIMIT 1   [ SQL RunTime:0.0003s ]
[2018-03-06T17:58:05+08:00] 
SHOW COLUMNS FROM `kw_news_cats` [ SQL RunTime:0.0018s ]
[2018-03-06T17:58:05+08:00] 
SELECT * FROM `kw_news_cats` WHERE ( pid=0 AND isstate=1 ) ORDER BY disorder desc,id asc  [ SQL RunTime:0.0006s ]
[2018-03-06T17:58:05+08:00] 
SELECT * FROM `kw_news_cats` WHERE `pid` = 1 AND `isstate` = 1 ORDER BY disorder desc,id asc  [ SQL RunTime:0.0003s ]
[2018-03-06T17:58:05+08:00] 
SELECT COUNT(*) AS tp_count FROM `kw_news_cats` WHERE ( pid=2 and isstate=1 ) LIMIT 1   [ SQL RunTime:0.0002s ]
[2018-03-06T17:58:05+08:00] 
SELECT * FROM `kw_news_cats` WHERE `pid` = 2 AND `isstate` = 1 ORDER BY disorder desc,id asc  [ SQL RunTime:0.0003s ]
[2018-03-06T17:58:06+08:00] 
SHOW COLUMNS FROM `kw_config` [ SQL RunTime:0.0022s ]
[2018-03-06T17:58:06+08:00] 
SELECT * FROM `kw_config` WHERE `id` = 1 LIMIT 1   [ SQL RunTime:0.0003s ]
[2018-03-06T18:02:31+08:00] 
SHOW COLUMNS FROM `kw_config` [ SQL RunTime:0.0022s ]
[2018-03-06T18:02:31+08:00] 
SELECT * FROM `kw_config` LIMIT 1   [ SQL RunTime:0.0004s ]
[2018-03-06T18:02:31+08:00] 
SHOW COLUMNS FROM `kw_news_cats` [ SQL RunTime:0.0018s ]
[2018-03-06T18:02:31+08:00] 
SELECT * FROM `kw_news_cats` WHERE `id` = 0 LIMIT 1   [ SQL RunTime:0.0003s ]
[2018-03-06T18:02:31+08:00] 
SELECT * FROM `kw_news_cats` WHERE `id` = 0 LIMIT 1   [ SQL RunTime:0.0001s ]
[2018-03-06T18:02:31+08:00] 
SHOW COLUMNS FROM `kw_news` [ SQL RunTime:0.0177s ]
[2018-03-06T18:02:31+08:00] 
SELECT * FROM `kw_news` WHERE ( pid=0 and ty=0 ) LIMIT 1   [ SQL RunTime:0.0003s ]
[2018-03-06T18:02:46+08:00] 
SHOW COLUMNS FROM `kw_config` [ SQL RunTime:0.0022s ]
[2018-03-06T18:02:46+08:00] 
SELECT * FROM `kw_config` LIMIT 1   [ SQL RunTime:0.0003s ]
[2018-03-06T18:02:46+08:00] 
SHOW COLUMNS FROM `kw_news_cats` [ SQL RunTime:0.0017s ]
[2018-03-06T18:02:46+08:00] 
SELECT * FROM `kw_news_cats` WHERE `id` = 0 LIMIT 1   [ SQL RunTime:0.0002s ]
[2018-03-06T18:02:46+08:00] 
SELECT * FROM `kw_news_cats` WHERE `id` = 0 LIMIT 1   [ SQL RunTime:0.0002s ]
[2018-03-06T18:02:46+08:00] 
SHOW COLUMNS FROM `kw_news` [ SQL RunTime:0.0018s ]
[2018-03-06T18:02:46+08:00] 
SELECT * FROM `kw_news` WHERE ( pid=0 and ty=0 ) LIMIT 1   [ SQL RunTime:0.0002s ]
[2018-03-06T18:02:46+08:00] 
SELECT * FROM `kw_news` WHERE `pid` = 8 AND `ty` = -16 LIMIT 1   [ SQL RunTime:0.0003s ]
[2018-03-06T18:02:47+08:00] 
SHOW COLUMNS FROM `kw_config` [ SQL RunTime:0.0023s ]
[2018-03-06T18:02:47+08:00] 
SELECT * FROM `kw_config` LIMIT 1   [ SQL RunTime:0.0003s ]
[2018-03-06T18:02:47+08:00] 
SHOW COLUMNS FROM `kw_news_cats` [ SQL RunTime:0.0017s ]
[2018-03-06T18:02:47+08:00] 
SELECT * FROM `kw_news_cats` WHERE `id` = 0 LIMIT 1   [ SQL RunTime:0.0002s ]
[2018-03-06T18:02:47+08:00] 
SELECT * FROM `kw_news_cats` WHERE `id` = 0 LIMIT 1   [ SQL RunTime:0.0003s ]
[2018-03-06T18:02:47+08:00] 
SHOW COLUMNS FROM `kw_news` [ SQL RunTime:0.0018s ]
[2018-03-06T18:02:47+08:00] 
SELECT * FROM `kw_news` WHERE ( pid=0 and ty=0 ) LIMIT 1   [ SQL RunTime:0.0004s ]
[2018-03-06T18:03:01+08:00] 
SHOW COLUMNS FROM `kw_config` [ SQL RunTime:0.0022s ]
[2018-03-06T18:03:01+08:00] 
SELECT * FROM `kw_config` LIMIT 1   [ SQL RunTime:0.0005s ]
[2018-03-06T18:03:01+08:00] 
SHOW COLUMNS FROM `kw_news_cats` [ SQL RunTime:0.0017s ]
[2018-03-06T18:03:01+08:00] 
SELECT * FROM `kw_news_cats` WHERE `id` = 0 LIMIT 1   [ SQL RunTime:0.0002s ]
[2018-03-06T18:03:01+08:00] 
SELECT * FROM `kw_news_cats` WHERE `id` = 0 LIMIT 1   [ SQL RunTime:0.0002s ]
[2018-03-06T18:03:01+08:00] 
SHOW COLUMNS FROM `kw_news` [ SQL RunTime:0.0017s ]
[2018-03-06T18:03:01+08:00] 
SELECT * FROM `kw_news` WHERE ( pid=0 and ty=0 ) LIMIT 1   [ SQL RunTime:0.0002s ]
[2018-03-06T18:03:01+08:00] 
SELECT * FROM `kw_news` WHERE `pid` = 8 AND `ty` = -16 LIMIT 1   [ SQL RunTime:0.0002s ]
[2018-03-06T18:03:03+08:00] 
SHOW COLUMNS FROM `kw_config` [ SQL RunTime:0.0020s ]
[2018-03-06T18:03:03+08:00] 
SELECT * FROM `kw_config` LIMIT 1   [ SQL RunTime:0.0003s ]
[2018-03-06T18:03:03+08:00] 
SHOW COLUMNS FROM `kw_news_cats` [ SQL RunTime:0.0018s ]
[2018-03-06T18:03:03+08:00] 
SELECT * FROM `kw_news_cats` WHERE `id` = 0 LIMIT 1   [ SQL RunTime:0.0002s ]
[2018-03-06T18:03:03+08:00] 
SELECT * FROM `kw_news_cats` WHERE `id` = 0 LIMIT 1   [ SQL RunTime:0.0001s ]
[2018-03-06T18:03:03+08:00] 
SHOW COLUMNS FROM `kw_news` [ SQL RunTime:0.0017s ]
[2018-03-06T18:03:03+08:00] 
SELECT * FROM `kw_news` WHERE ( pid=0 and ty=0 ) LIMIT 1   [ SQL RunTime:0.0002s ]
[2018-03-06T18:03:18+08:00] 
SHOW COLUMNS FROM `kw_config` [ SQL RunTime:0.0022s ]
[2018-03-06T18:03:18+08:00] 
SELECT * FROM `kw_config` LIMIT 1   [ SQL RunTime:0.0005s ]
[2018-03-06T18:03:18+08:00] 
SHOW COLUMNS FROM `kw_news_cats` [ SQL RunTime:0.0016s ]
[2018-03-06T18:03:18+08:00] 
SELECT * FROM `kw_news_cats` WHERE `id` = 0 LIMIT 1   [ SQL RunTime:0.0002s ]
[2018-03-06T18:03:18+08:00] 
SELECT * FROM `kw_news_cats` WHERE `id` = 0 LIMIT 1   [ SQL RunTime:0.0002s ]
[2018-03-06T18:03:18+08:00] 
SHOW COLUMNS FROM `kw_news` [ SQL RunTime:0.0017s ]
[2018-03-06T18:03:18+08:00] 
SELECT * FROM `kw_news` WHERE ( pid=0 and ty=0 ) LIMIT 1   [ SQL RunTime:0.0002s ]
[2018-03-06T18:03:18+08:00] 
SELECT * FROM `kw_news` WHERE `pid` = 8 AND `ty` = -16 LIMIT 1   [ SQL RunTime:0.0002s ]
[2018-03-06T18:03:20+08:00] 
SHOW COLUMNS FROM `kw_config` [ SQL RunTime:0.0022s ]
[2018-03-06T18:03:20+08:00] 
SELECT * FROM `kw_config` LIMIT 1   [ SQL RunTime:0.0003s ]
[2018-03-06T18:03:20+08:00] 
SHOW COLUMNS FROM `kw_news_cats` [ SQL RunTime:0.0018s ]
[2018-03-06T18:03:20+08:00] 
SELECT * FROM `kw_news_cats` WHERE `id` = 0 LIMIT 1   [ SQL RunTime:0.0002s ]
[2018-03-06T18:03:20+08:00] 
SELECT * FROM `kw_news_cats` WHERE `id` = 0 LIMIT 1   [ SQL RunTime:0.0001s ]
[2018-03-06T18:03:20+08:00] 
SHOW COLUMNS FROM `kw_news` [ SQL RunTime:0.0016s ]
[2018-03-06T18:03:20+08:00] 
SELECT * FROM `kw_news` WHERE ( pid=0 and ty=0 ) LIMIT 1   [ SQL RunTime:0.0002s ]
[2018-03-06T18:03:40+08:00] 
SHOW COLUMNS FROM `kw_config` [ SQL RunTime:0.0026s ]
[2018-03-06T18:03:40+08:00] 
SELECT * FROM `kw_config` LIMIT 1   [ SQL RunTime:0.0003s ]
[2018-03-06T18:03:40+08:00] 
SHOW COLUMNS FROM `kw_news_cats` [ SQL RunTime:0.0017s ]
[2018-03-06T18:03:40+08:00] 
SELECT * FROM `kw_news_cats` WHERE `id` = 0 LIMIT 1   [ SQL RunTime:0.0003s ]
[2018-03-06T18:03:40+08:00] 
SELECT * FROM `kw_news_cats` WHERE `id` = 0 LIMIT 1   [ SQL RunTime:0.0002s ]
[2018-03-06T18:03:40+08:00] 
SHOW COLUMNS FROM `kw_news` [ SQL RunTime:0.0018s ]
[2018-03-06T18:03:40+08:00] 
SELECT * FROM `kw_news` WHERE ( pid=0 and ty=0 ) LIMIT 1   [ SQL RunTime:0.0002s ]
[2018-03-06T18:03:40+08:00] 
SELECT * FROM `kw_news` WHERE `pid` = 8 AND `ty` = -16 LIMIT 1   [ SQL RunTime:0.0002s ]
[2018-03-06T18:03:45+08:00] 
SHOW COLUMNS FROM `kw_config` [ SQL RunTime:0.0020s ]
[2018-03-06T18:03:45+08:00] 
SELECT * FROM `kw_config` LIMIT 1   [ SQL RunTime:0.0003s ]
[2018-03-06T18:03:45+08:00] 
SHOW COLUMNS FROM `kw_news_cats` [ SQL RunTime:0.0016s ]
[2018-03-06T18:03:45+08:00] 
SELECT * FROM `kw_news_cats` WHERE `id` = 0 LIMIT 1   [ SQL RunTime:0.0002s ]
[2018-03-06T18:03:45+08:00] 
SELECT * FROM `kw_news_cats` WHERE `id` = 0 LIMIT 1   [ SQL RunTime:0.0002s ]
[2018-03-06T18:03:45+08:00] 
SHOW COLUMNS FROM `kw_news` [ SQL RunTime:0.0019s ]
[2018-03-06T18:03:45+08:00] 
SELECT * FROM `kw_news` WHERE ( pid=0 and ty=0 ) LIMIT 1   [ SQL RunTime:0.0002s ]
[2018-03-06T18:03:45+08:00] 
SELECT * FROM `kw_news` WHERE `pid` = 8 AND `ty` = -16 LIMIT 1   [ SQL RunTime:0.0003s ]
[2018-03-06T18:03:51+08:00] 
SHOW COLUMNS FROM `kw_config` [ SQL RunTime:0.0022s ]
[2018-03-06T18:03:51+08:00] 
SELECT * FROM `kw_config` LIMIT 1   [ SQL RunTime:0.0003s ]
[2018-03-06T18:03:51+08:00] 
SHOW COLUMNS FROM `kw_news_cats` [ SQL RunTime:0.0016s ]
[2018-03-06T18:03:51+08:00] 
SELECT * FROM `kw_news_cats` WHERE `id` = 0 LIMIT 1   [ SQL RunTime:0.0002s ]
[2018-03-06T18:03:51+08:00] 
SELECT * FROM `kw_news_cats` WHERE `id` = 0 LIMIT 1   [ SQL RunTime:0.0002s ]
[2018-03-06T18:03:51+08:00] 
SHOW COLUMNS FROM `kw_news` [ SQL RunTime:0.0018s ]
[2018-03-06T18:03:51+08:00] 
SELECT * FROM `kw_news` WHERE ( pid=0 and ty=0 ) LIMIT 1   [ SQL RunTime:0.0002s ]
[2018-03-06T18:03:51+08:00] 
SELECT * FROM `kw_news` WHERE `pid` = 8 AND `ty` = -16 LIMIT 1   [ SQL RunTime:0.0002s ]
[2018-03-06T18:03:53+08:00] 
SHOW COLUMNS FROM `kw_config` [ SQL RunTime:0.0022s ]
[2018-03-06T18:03:53+08:00] 
SELECT * FROM `kw_config` LIMIT 1   [ SQL RunTime:0.0004s ]
[2018-03-06T18:03:53+08:00] 
SHOW COLUMNS FROM `kw_news_cats` [ SQL RunTime:0.0017s ]
[2018-03-06T18:03:53+08:00] 
SELECT * FROM `kw_news_cats` WHERE `id` = 0 LIMIT 1   [ SQL RunTime:0.0002s ]
[2018-03-06T18:03:53+08:00] 
SELECT * FROM `kw_news_cats` WHERE `id` = 0 LIMIT 1   [ SQL RunTime:0.0002s ]
[2018-03-06T18:03:53+08:00] 
SHOW COLUMNS FROM `kw_news` [ SQL RunTime:0.0021s ]
[2018-03-06T18:03:53+08:00] 
SELECT * FROM `kw_news` WHERE ( pid=0 and ty=0 ) LIMIT 1   [ SQL RunTime:0.0002s ]
[2018-03-06T18:03:53+08:00] 
SELECT * FROM `kw_news` WHERE `pid` = 8 AND `ty` = -16 LIMIT 1   [ SQL RunTime:0.0002s ]
[2018-03-06T18:03:54+08:00] 
SHOW COLUMNS FROM `kw_config` [ SQL RunTime:0.0021s ]
[2018-03-06T18:03:54+08:00] 
SELECT * FROM `kw_config` LIMIT 1   [ SQL RunTime:0.0003s ]
[2018-03-06T18:03:54+08:00] 
SHOW COLUMNS FROM `kw_news_cats` [ SQL RunTime:0.0015s ]
[2018-03-06T18:03:54+08:00] 
SELECT * FROM `kw_news_cats` WHERE `id` = 0 LIMIT 1   [ SQL RunTime:0.0002s ]
[2018-03-06T18:03:54+08:00] 
SELECT * FROM `kw_news_cats` WHERE `id` = 0 LIMIT 1   [ SQL RunTime:0.0001s ]
[2018-03-06T18:03:54+08:00] 
SHOW COLUMNS FROM `kw_news` [ SQL RunTime:0.0016s ]
[2018-03-06T18:03:54+08:00] 
SELECT * FROM `kw_news` WHERE ( pid=0 and ty=0 ) LIMIT 1   [ SQL RunTime:0.0002s ]
[2018-03-06T18:04:12+08:00] 
SHOW COLUMNS FROM `kw_config` [ SQL RunTime:0.0022s ]
[2018-03-06T18:04:12+08:00] 
SELECT * FROM `kw_config` LIMIT 1   [ SQL RunTime:0.0003s ]
[2018-03-06T18:04:12+08:00] 
SHOW COLUMNS FROM `kw_news_cats` [ SQL RunTime:0.0015s ]
[2018-03-06T18:04:12+08:00] 
SELECT * FROM `kw_news_cats` WHERE `id` = 0 LIMIT 1   [ SQL RunTime:0.0002s ]
[2018-03-06T18:04:12+08:00] 
SELECT * FROM `kw_news_cats` WHERE `id` = 0 LIMIT 1   [ SQL RunTime:0.0002s ]
[2018-03-06T18:04:12+08:00] 
SHOW COLUMNS FROM `kw_news` [ SQL RunTime:0.0017s ]
[2018-03-06T18:04:12+08:00] 
SELECT * FROM `kw_news` WHERE ( pid=0 and ty=0 ) LIMIT 1   [ SQL RunTime:0.0002s ]
[2018-03-06T18:04:12+08:00] 
SELECT * FROM `kw_news` WHERE `pid` = 8 AND `ty` = -16 LIMIT 1   [ SQL RunTime:0.0002s ]
[2018-03-06T18:04:14+08:00] 
SHOW COLUMNS FROM `kw_config` [ SQL RunTime:0.0021s ]
[2018-03-06T18:04:14+08:00] 
SELECT * FROM `kw_config` LIMIT 1   [ SQL RunTime:0.0003s ]
[2018-03-06T18:04:14+08:00] 
SHOW COLUMNS FROM `kw_news_cats` [ SQL RunTime:0.0016s ]
[2018-03-06T18:04:14+08:00] 
SELECT * FROM `kw_news_cats` WHERE `id` = 0 LIMIT 1   [ SQL RunTime:0.0003s ]
[2018-03-06T18:04:14+08:00] 
SELECT * FROM `kw_news_cats` WHERE `id` = 0 LIMIT 1   [ SQL RunTime:0.0002s ]
[2018-03-06T18:04:14+08:00] 
SHOW COLUMNS FROM `kw_news` [ SQL RunTime:0.0017s ]
[2018-03-06T18:04:14+08:00] 
SELECT * FROM `kw_news` WHERE ( pid=0 and ty=0 ) LIMIT 1   [ SQL RunTime:0.0002s ]
[2018-03-06T18:07:14+08:00] 
SHOW COLUMNS FROM `kw_config` [ SQL RunTime:0.0021s ]
[2018-03-06T18:07:14+08:00] 
SELECT * FROM `kw_config` LIMIT 1   [ SQL RunTime:0.0003s ]
[2018-03-06T18:07:14+08:00] 
SHOW COLUMNS FROM `kw_news_cats` [ SQL RunTime:0.0016s ]
[2018-03-06T18:07:14+08:00] 
SELECT * FROM `kw_news_cats` WHERE `id` = 0 LIMIT 1   [ SQL RunTime:0.0003s ]
[2018-03-06T18:07:14+08:00] 
SELECT * FROM `kw_news_cats` WHERE `id` = 0 LIMIT 1   [ SQL RunTime:0.0002s ]
[2018-03-06T18:07:14+08:00] 
SHOW COLUMNS FROM `kw_news` [ SQL RunTime:0.0020s ]
[2018-03-06T18:07:14+08:00] 
SELECT * FROM `kw_news` WHERE ( pid=0 and ty=0 ) LIMIT 1   [ SQL RunTime:0.0002s ]
[2018-03-06T18:07:27+08:00] 
SHOW COLUMNS FROM `kw_config` [ SQL RunTime:0.0024s ]
[2018-03-06T18:07:27+08:00] 
SELECT * FROM `kw_config` LIMIT 1   [ SQL RunTime:0.0003s ]
[2018-03-06T18:07:27+08:00] 
SHOW COLUMNS FROM `kw_news_cats` [ SQL RunTime:0.0018s ]
[2018-03-06T18:07:27+08:00] 
SELECT * FROM `kw_news_cats` WHERE `id` = 0 LIMIT 1   [ SQL RunTime:0.0002s ]
[2018-03-06T18:07:27+08:00] 
SELECT * FROM `kw_news_cats` WHERE `id` = 0 LIMIT 1   [ SQL RunTime:0.0002s ]
[2018-03-06T18:07:27+08:00] 
SHOW COLUMNS FROM `kw_news` [ SQL RunTime:0.0017s ]
[2018-03-06T18:07:27+08:00] 
SELECT * FROM `kw_news` WHERE ( pid=0 and ty=0 ) LIMIT 1   [ SQL RunTime:0.0002s ]
[2018-03-06T18:07:28+08:00] 
SHOW COLUMNS FROM `kw_config` [ SQL RunTime:0.0023s ]
[2018-03-06T18:07:28+08:00] 
SELECT * FROM `kw_config` LIMIT 1   [ SQL RunTime:0.0004s ]
[2018-03-06T18:07:28+08:00] 
SHOW COLUMNS FROM `kw_news_cats` [ SQL RunTime:0.0016s ]
[2018-03-06T18:07:28+08:00] 
SELECT * FROM `kw_news_cats` WHERE `id` = 0 LIMIT 1   [ SQL RunTime:0.0002s ]
[2018-03-06T18:07:28+08:00] 
SELECT * FROM `kw_news_cats` WHERE `id` = 0 LIMIT 1   [ SQL RunTime:0.0001s ]
[2018-03-06T18:07:28+08:00] 
SHOW COLUMNS FROM `kw_news` [ SQL RunTime:0.0023s ]
[2018-03-06T18:07:28+08:00] 
SELECT * FROM `kw_news` WHERE ( pid=0 and ty=0 ) LIMIT 1   [ SQL RunTime:0.0002s ]
[2018-03-06T18:07:41+08:00] 
SHOW COLUMNS FROM `kw_config` [ SQL RunTime:0.0023s ]
[2018-03-06T18:07:41+08:00] 
SELECT * FROM `kw_config` WHERE `id` = 1 LIMIT 1   [ SQL RunTime:0.0003s ]
[2018-03-06T18:07:41+08:00] 
SHOW COLUMNS FROM `kw_news_cats` [ SQL RunTime:0.0016s ]
[2018-03-06T18:07:41+08:00] 
SELECT `catname` FROM `kw_news_cats` WHERE `id` = 1 LIMIT 1   [ SQL RunTime:0.0004s ]
[2018-03-06T18:07:41+08:00] 
SELECT `catname` FROM `kw_news_cats` WHERE `id` = 2 LIMIT 1   [ SQL RunTime:0.0002s ]
[2018-03-06T18:07:41+08:00] 
SELECT `showtype` FROM `kw_news_cats` WHERE `id` = 2 LIMIT 1   [ SQL RunTime:0.0002s ]
[2018-03-06T18:07:41+08:00] 
SHOW COLUMNS FROM `kw_message` [ SQL RunTime:0.0016s ]
[2018-03-06T18:07:41+08:00] 
SELECT COUNT(*) AS tp_count FROM `kw_message` LIMIT 1   [ SQL RunTime:0.0002s ]
[2018-03-06T18:07:41+08:00] 
SELECT * FROM `kw_message` ORDER BY sendtime desc LIMIT 0,30   [ SQL RunTime:0.0003s ]
[2018-03-06T18:07:41+08:00] 
SHOW COLUMNS FROM `kw_news` [ SQL RunTime:0.0018s ]
[2018-03-06T18:07:41+08:00] 
SELECT `id`,`title` FROM `kw_news` WHERE ( pid=5 and ty=10 and tty=16 and isstate=1 )  [ SQL RunTime:0.0002s ]
[2018-03-06T18:07:45+08:00] 
SHOW COLUMNS FROM `kw_config` [ SQL RunTime:0.0023s ]
[2018-03-06T18:07:45+08:00] 
SELECT * FROM `kw_config` WHERE `id` = 1 LIMIT 1   [ SQL RunTime:0.0003s ]
[2018-03-06T18:07:45+08:00] 
SHOW COLUMNS FROM `kw_news_cats` [ SQL RunTime:0.0024s ]
[2018-03-06T18:07:45+08:00] 
SELECT `catname` FROM `kw_news_cats` WHERE `id` = 1 LIMIT 1   [ SQL RunTime:0.0002s ]
[2018-03-06T18:07:45+08:00] 
SELECT `catname` FROM `kw_news_cats` WHERE `id` = 2 LIMIT 1   [ SQL RunTime:0.0002s ]
[2018-03-06T18:07:45+08:00] 
SELECT `showtype` FROM `kw_news_cats` WHERE `id` = 2 LIMIT 1   [ SQL RunTime:0.0003s ]
[2018-03-06T18:07:45+08:00] 
SHOW COLUMNS FROM `kw_message` [ SQL RunTime:0.0014s ]
[2018-03-06T18:07:45+08:00] 
SELECT COUNT(*) AS tp_count FROM `kw_message` LIMIT 1   [ SQL RunTime:0.0002s ]
[2018-03-06T18:07:45+08:00] 
SELECT * FROM `kw_message` ORDER BY sendtime desc LIMIT 0,30   [ SQL RunTime:0.0002s ]
[2018-03-06T18:07:45+08:00] 
SHOW COLUMNS FROM `kw_news` [ SQL RunTime:0.0018s ]
[2018-03-06T18:07:45+08:00] 
SELECT `id`,`title` FROM `kw_news` WHERE ( pid=5 and ty=10 and tty=16 and isstate=1 )  [ SQL RunTime:0.0002s ]
[2018-03-06T18:07:49+08:00] 
SHOW COLUMNS FROM `kw_config` [ SQL RunTime:0.0022s ]
[2018-03-06T18:07:49+08:00] 
SELECT * FROM `kw_config` WHERE `id` = 1 LIMIT 1   [ SQL RunTime:0.0003s ]
[2018-03-06T18:07:49+08:00] 
SHOW COLUMNS FROM `kw_message` [ SQL RunTime:0.0017s ]
[2018-03-06T18:07:49+08:00] 
DELETE FROM `kw_message` WHERE `id` IN ('8','5','4','3','2','1') [ SQL RunTime:0.0004s ]
[2018-03-06T18:07:49+08:00] 
SHOW COLUMNS FROM `kw_logs` [ SQL RunTime:0.0015s ]
[2018-03-06T18:07:49+08:00] 
INSERT INTO `kw_logs` (`username`,`content`,`ip`,`sendtime`) VALUES (admin,删除message内容,114.102.131.248,1520330868) [ SQL RunTime:0.0002s ]
[2018-03-06T18:08:38+08:00] 
SHOW COLUMNS FROM `kw_config` [ SQL RunTime:0.0020s ]
[2018-03-06T18:08:38+08:00] 
SELECT * FROM `kw_config` LIMIT 1   [ SQL RunTime:0.0003s ]
[2018-03-06T18:08:38+08:00] 
SHOW COLUMNS FROM `kw_news_cats` [ SQL RunTime:0.0015s ]
[2018-03-06T18:08:38+08:00] 
SELECT * FROM `kw_news_cats` WHERE `id` = 0 LIMIT 1   [ SQL RunTime:0.0001s ]
[2018-03-06T18:08:38+08:00] 
SELECT * FROM `kw_news_cats` WHERE `id` = 0 LIMIT 1   [ SQL RunTime:0.0001s ]
[2018-03-06T18:08:38+08:00] 
SHOW COLUMNS FROM `kw_news` [ SQL RunTime:0.0015s ]
[2018-03-06T18:08:38+08:00] 
SELECT * FROM `kw_news` WHERE ( pid=0 and ty=0 ) LIMIT 1   [ SQL RunTime:0.0002s ]
[2018-03-06T18:08:40+08:00] 
SHOW COLUMNS FROM `kw_config` [ SQL RunTime:0.0021s ]
[2018-03-06T18:08:40+08:00] 
SELECT * FROM `kw_config` LIMIT 1   [ SQL RunTime:0.0003s ]
[2018-03-06T18:08:40+08:00] 
SHOW COLUMNS FROM `kw_news_cats` [ SQL RunTime:0.0017s ]
[2018-03-06T18:08:40+08:00] 
SELECT * FROM `kw_news_cats` WHERE `id` = 0 LIMIT 1   [ SQL RunTime:0.0002s ]
[2018-03-06T18:08:40+08:00] 
SELECT * FROM `kw_news_cats` WHERE `id` = 0 LIMIT 1   [ SQL RunTime:0.0002s ]
[2018-03-06T18:08:40+08:00] 
SHOW COLUMNS FROM `kw_news` [ SQL RunTime:0.0016s ]
[2018-03-06T18:08:40+08:00] 
SELECT * FROM `kw_news` WHERE ( pid=0 and ty=0 ) LIMIT 1   [ SQL RunTime:0.0002s ]
[2018-03-06T18:08:41+08:00] 
SHOW COLUMNS FROM `kw_config` [ SQL RunTime:0.0024s ]
[2018-03-06T18:08:41+08:00] 
SELECT * FROM `kw_config` LIMIT 1   [ SQL RunTime:0.0003s ]
[2018-03-06T18:08:41+08:00] 
SHOW COLUMNS FROM `kw_news_cats` [ SQL RunTime:0.0016s ]
[2018-03-06T18:08:41+08:00] 
SELECT * FROM `kw_news_cats` WHERE `id` = 0 LIMIT 1   [ SQL RunTime:0.0002s ]
[2018-03-06T18:08:41+08:00] 
SELECT * FROM `kw_news_cats` WHERE `id` = 0 LIMIT 1   [ SQL RunTime:0.0001s ]
[2018-03-06T18:08:41+08:00] 
SHOW COLUMNS FROM `kw_news` [ SQL RunTime:0.0017s ]
[2018-03-06T18:08:41+08:00] 
SELECT * FROM `kw_news` WHERE ( pid=0 and ty=0 ) LIMIT 1   [ SQL RunTime:0.0002s ]
[2018-03-06T18:08:42+08:00] 
SHOW COLUMNS FROM `kw_config` [ SQL RunTime:0.0024s ]
[2018-03-06T18:08:42+08:00] 
SELECT * FROM `kw_config` LIMIT 1   [ SQL RunTime:0.0003s ]
[2018-03-06T18:08:42+08:00] 
SHOW COLUMNS FROM `kw_news_cats` [ SQL RunTime:0.0017s ]
[2018-03-06T18:08:42+08:00] 
SELECT * FROM `kw_news_cats` WHERE `id` = 0 LIMIT 1   [ SQL RunTime:0.0002s ]
[2018-03-06T18:08:42+08:00] 
SELECT * FROM `kw_news_cats` WHERE `id` = 0 LIMIT 1   [ SQL RunTime:0.0002s ]
[2018-03-06T18:08:42+08:00] 
SHOW COLUMNS FROM `kw_news` [ SQL RunTime:0.0016s ]
[2018-03-06T18:08:42+08:00] 
SELECT * FROM `kw_news` WHERE ( pid=0 and ty=0 ) LIMIT 1   [ SQL RunTime:0.0002s ]
[2018-03-06T18:08:52+08:00] 
SHOW COLUMNS FROM `kw_config` [ SQL RunTime:0.0022s ]
[2018-03-06T18:08:52+08:00] 
SELECT * FROM `kw_config` WHERE `id` = 1 LIMIT 1   [ SQL RunTime:0.0003s ]
[2018-03-06T18:08:52+08:00] 
SHOW COLUMNS FROM `kw_news_cats` [ SQL RunTime:0.0016s ]
[2018-03-06T18:08:52+08:00] 
SELECT `catname` FROM `kw_news_cats` WHERE `id` = 1 LIMIT 1   [ SQL RunTime:0.0002s ]
[2018-03-06T18:08:52+08:00] 
SELECT `catname` FROM `kw_news_cats` WHERE `id` = 2 LIMIT 1   [ SQL RunTime:0.0001s ]
[2018-03-06T18:08:52+08:00] 
SELECT `showtype` FROM `kw_news_cats` WHERE `id` = 2 LIMIT 1   [ SQL RunTime:0.0001s ]
[2018-03-06T18:08:52+08:00] 
SHOW COLUMNS FROM `kw_message` [ SQL RunTime:0.0013s ]
[2018-03-06T18:08:52+08:00] 
SELECT COUNT(*) AS tp_count FROM `kw_message` LIMIT 1   [ SQL RunTime:0.0002s ]
[2018-03-06T18:08:52+08:00] 
SELECT * FROM `kw_message` ORDER BY sendtime desc LIMIT 0,30   [ SQL RunTime:0.0002s ]
[2018-03-06T18:08:52+08:00] 
SHOW COLUMNS FROM `kw_news` [ SQL RunTime:0.0017s ]
[2018-03-06T18:08:52+08:00] 
SELECT `id`,`title` FROM `kw_news` WHERE ( pid=5 and ty=10 and tty=16 and isstate=1 )  [ SQL RunTime:0.0001s ]
[2018-03-06T18:09:50+08:00] 
SHOW COLUMNS FROM `kw_config` [ SQL RunTime:0.0021s ]
[2018-03-06T18:09:50+08:00] 
SELECT * FROM `kw_config` LIMIT 1   [ SQL RunTime:0.0003s ]
[2018-03-06T18:09:50+08:00] 
SHOW COLUMNS FROM `kw_news_cats` [ SQL RunTime:0.0017s ]
[2018-03-06T18:09:50+08:00] 
SELECT * FROM `kw_news_cats` WHERE `id` = 0 LIMIT 1   [ SQL RunTime:0.0002s ]
[2018-03-06T18:09:50+08:00] 
SELECT * FROM `kw_news_cats` WHERE `id` = 0 LIMIT 1   [ SQL RunTime:0.0002s ]
[2018-03-06T18:09:50+08:00] 
SHOW COLUMNS FROM `kw_news` [ SQL RunTime:0.0017s ]
[2018-03-06T18:09:50+08:00] 
SELECT * FROM `kw_news` WHERE ( pid=0 and ty=0 ) LIMIT 1   [ SQL RunTime:0.0002s ]
[2018-03-06T18:09:54+08:00] 
SHOW COLUMNS FROM `kw_config` [ SQL RunTime:0.0022s ]
[2018-03-06T18:09:54+08:00] 
SELECT * FROM `kw_config` LIMIT 1   [ SQL RunTime:0.0003s ]
[2018-03-06T18:09:54+08:00] 
SHOW COLUMNS FROM `kw_news_cats` [ SQL RunTime:0.0016s ]
[2018-03-06T18:09:54+08:00] 
SELECT * FROM `kw_news_cats` WHERE `id` = 0 LIMIT 1   [ SQL RunTime:0.0002s ]
[2018-03-06T18:09:54+08:00] 
SELECT * FROM `kw_news_cats` WHERE `id` = 0 LIMIT 1   [ SQL RunTime:0.0002s ]
[2018-03-06T18:09:54+08:00] 
SHOW COLUMNS FROM `kw_news` [ SQL RunTime:0.0016s ]
[2018-03-06T18:09:54+08:00] 
SELECT * FROM `kw_news` WHERE ( pid=0 and ty=0 ) LIMIT 1   [ SQL RunTime:0.0002s ]
[2018-03-06T18:09:56+08:00] 
SHOW COLUMNS FROM `kw_config` [ SQL RunTime:0.0020s ]
[2018-03-06T18:09:56+08:00] 
SELECT * FROM `kw_config` LIMIT 1   [ SQL RunTime:0.0004s ]
[2018-03-06T18:09:56+08:00] 
SHOW COLUMNS FROM `kw_news_cats` [ SQL RunTime:0.0018s ]
[2018-03-06T18:09:56+08:00] 
SELECT * FROM `kw_news_cats` WHERE `id` = 0 LIMIT 1   [ SQL RunTime:0.0002s ]
[2018-03-06T18:09:56+08:00] 
SELECT * FROM `kw_news_cats` WHERE `id` = 0 LIMIT 1   [ SQL RunTime:0.0002s ]
[2018-03-06T18:09:56+08:00] 
SHOW COLUMNS FROM `kw_news` [ SQL RunTime:0.0016s ]
[2018-03-06T18:09:56+08:00] 
SELECT * FROM `kw_news` WHERE ( pid=0 and ty=0 ) LIMIT 1   [ SQL RunTime:0.0002s ]
[2018-03-06T18:10:06+08:00] 
SHOW COLUMNS FROM `kw_config` [ SQL RunTime:0.0021s ]
[2018-03-06T18:10:06+08:00] 
SELECT * FROM `kw_config` WHERE `id` = 1 LIMIT 1   [ SQL RunTime:0.0003s ]
[2018-03-06T18:10:06+08:00] 
SHOW COLUMNS FROM `kw_news_cats` [ SQL RunTime:0.0016s ]
[2018-03-06T18:10:06+08:00] 
SELECT `catname` FROM `kw_news_cats` WHERE `id` = 1 LIMIT 1   [ SQL RunTime:0.0002s ]
[2018-03-06T18:10:06+08:00] 
SELECT `catname` FROM `kw_news_cats` WHERE `id` = 2 LIMIT 1   [ SQL RunTime:0.0001s ]
[2018-03-06T18:10:06+08:00] 
SELECT `showtype` FROM `kw_news_cats` WHERE `id` = 2 LIMIT 1   [ SQL RunTime:0.0001s ]
[2018-03-06T18:10:06+08:00] 
SHOW COLUMNS FROM `kw_message` [ SQL RunTime:0.0013s ]
[2018-03-06T18:10:06+08:00] 
SELECT COUNT(*) AS tp_count FROM `kw_message` LIMIT 1   [ SQL RunTime:0.0001s ]
[2018-03-06T18:10:06+08:00] 
SELECT * FROM `kw_message` ORDER BY sendtime desc LIMIT 0,30   [ SQL RunTime:0.0001s ]
[2018-03-06T18:10:06+08:00] 
SHOW COLUMNS FROM `kw_news` [ SQL RunTime:0.0017s ]
[2018-03-06T18:10:06+08:00] 
SELECT `id`,`title` FROM `kw_news` WHERE ( pid=5 and ty=10 and tty=16 and isstate=1 )  [ SQL RunTime:0.0001s ]
[2018-03-06T18:11:45+08:00] 
SHOW COLUMNS FROM `kw_config` [ SQL RunTime:0.0022s ]
[2018-03-06T18:11:45+08:00] 
SELECT * FROM `kw_config` LIMIT 1   [ SQL RunTime:0.0003s ]
[2018-03-06T18:11:45+08:00] 
SHOW COLUMNS FROM `kw_news_cats` [ SQL RunTime:0.0016s ]
[2018-03-06T18:11:45+08:00] 
SELECT * FROM `kw_news_cats` WHERE `id` = 0 LIMIT 1   [ SQL RunTime:0.0002s ]
[2018-03-06T18:11:45+08:00] 
SELECT * FROM `kw_news_cats` WHERE `id` = 0 LIMIT 1   [ SQL RunTime:0.0001s ]
[2018-03-06T18:11:45+08:00] 
SHOW COLUMNS FROM `kw_news` [ SQL RunTime:0.0017s ]
[2018-03-06T18:11:45+08:00] 
SELECT * FROM `kw_news` WHERE ( pid=0 and ty=0 ) LIMIT 1   [ SQL RunTime:0.0002s ]
[2018-03-06T18:11:45+08:00] 
SHOW COLUMNS FROM `kw_message` [ SQL RunTime:0.0014s ]
[2018-03-06T18:11:45+08:00] 
INSERT INTO `kw_message` (`realname`,`phone`,`province`,`city`,`ip`,`sendtime`) VALUES (时间,18354645756,山西省,太原市,183.192.201.97,1520331105) [ SQL RunTime:0.0002s ]
[2018-03-06T18:12:15+08:00] 
SHOW COLUMNS FROM `kw_config` [ SQL RunTime:0.0022s ]
[2018-03-06T18:12:15+08:00] 
SELECT * FROM `kw_config` WHERE `id` = 1 LIMIT 1   [ SQL RunTime:0.0003s ]
[2018-03-06T18:12:15+08:00] 
SHOW COLUMNS FROM `kw_news_cats` [ SQL RunTime:0.0015s ]
[2018-03-06T18:12:15+08:00] 
SELECT `catname` FROM `kw_news_cats` WHERE `id` = 1 LIMIT 1   [ SQL RunTime:0.0001s ]
[2018-03-06T18:12:15+08:00] 
SELECT `catname` FROM `kw_news_cats` WHERE `id` = 2 LIMIT 1   [ SQL RunTime:0.0001s ]
[2018-03-06T18:12:15+08:00] 
SELECT `showtype` FROM `kw_news_cats` WHERE `id` = 2 LIMIT 1   [ SQL RunTime:0.0002s ]
[2018-03-06T18:12:15+08:00] 
SHOW COLUMNS FROM `kw_message` [ SQL RunTime:0.0012s ]
[2018-03-06T18:12:15+08:00] 
SELECT COUNT(*) AS tp_count FROM `kw_message` LIMIT 1   [ SQL RunTime:0.0002s ]
[2018-03-06T18:12:15+08:00] 
SELECT * FROM `kw_message` ORDER BY sendtime desc LIMIT 0,30   [ SQL RunTime:0.0003s ]
[2018-03-06T18:12:15+08:00] 
SHOW COLUMNS FROM `kw_news` [ SQL RunTime:0.0016s ]
[2018-03-06T18:12:15+08:00] 
SELECT `id`,`title` FROM `kw_news` WHERE ( pid=5 and ty=10 and tty=16 and isstate=1 )  [ SQL RunTime:0.0001s ]
[2018-03-06T18:12:16+08:00] 
SHOW COLUMNS FROM `kw_config` [ SQL RunTime:0.0021s ]
[2018-03-06T18:12:16+08:00] 
SELECT * FROM `kw_config` WHERE `id` = 1 LIMIT 1   [ SQL RunTime:0.0003s ]
[2018-03-06T18:12:16+08:00] 
SHOW COLUMNS FROM `kw_news_cats` [ SQL RunTime:0.0016s ]
[2018-03-06T18:12:16+08:00] 
SELECT `catname` FROM `kw_news_cats` WHERE `id` = 1 LIMIT 1   [ SQL RunTime:0.0001s ]
[2018-03-06T18:12:16+08:00] 
SELECT `catname` FROM `kw_news_cats` WHERE `id` = 2 LIMIT 1   [ SQL RunTime:0.0001s ]
[2018-03-06T18:12:16+08:00] 
SELECT `showtype` FROM `kw_news_cats` WHERE `id` = 2 LIMIT 1   [ SQL RunTime:0.0001s ]
[2018-03-06T18:12:16+08:00] 
SHOW COLUMNS FROM `kw_message` [ SQL RunTime:0.0012s ]
[2018-03-06T18:12:16+08:00] 
SELECT COUNT(*) AS tp_count FROM `kw_message` LIMIT 1   [ SQL RunTime:0.0001s ]
[2018-03-06T18:12:16+08:00] 
SELECT * FROM `kw_message` ORDER BY sendtime desc LIMIT 0,30   [ SQL RunTime:0.0001s ]
[2018-03-06T18:12:16+08:00] 
SHOW COLUMNS FROM `kw_news` [ SQL RunTime:0.0017s ]
[2018-03-06T18:12:16+08:00] 
SELECT `id`,`title` FROM `kw_news` WHERE ( pid=5 and ty=10 and tty=16 and isstate=1 )  [ SQL RunTime:0.0002s ]
[2018-03-06T18:14:41+08:00] 
SHOW COLUMNS FROM `kw_config` [ SQL RunTime:0.0020s ]
[2018-03-06T18:14:41+08:00] 
SELECT * FROM `kw_config` WHERE `id` = 1 LIMIT 1   [ SQL RunTime:0.0003s ]
[2018-03-06T18:15:29+08:00] 
SHOW COLUMNS FROM `kw_config` [ SQL RunTime:0.0021s ]
[2018-03-06T18:15:29+08:00] 
SELECT * FROM `kw_config` WHERE `id` = 1 LIMIT 1   [ SQL RunTime:0.0003s ]
[2018-03-06T18:16:24+08:00] 
SHOW COLUMNS FROM `kw_config` [ SQL RunTime:0.0021s ]
[2018-03-06T18:16:24+08:00] 
SELECT * FROM `kw_config` WHERE `id` = 1 LIMIT 1   [ SQL RunTime:0.0003s ]
[2018-03-06T18:16:42+08:00] 
SHOW COLUMNS FROM `kw_config` [ SQL RunTime:0.0021s ]
[2018-03-06T18:16:42+08:00] 
SELECT * FROM `kw_config` WHERE `id` = 1 LIMIT 1   [ SQL RunTime:0.0004s ]
[2018-03-06T18:16:44+08:00] 
SHOW COLUMNS FROM `kw_config` [ SQL RunTime:0.0026s ]
[2018-03-06T18:16:44+08:00] 
SELECT * FROM `kw_config` WHERE `id` = 1 LIMIT 1   [ SQL RunTime:0.0004s ]
[2018-03-06T18:16:46+08:00] 
SHOW COLUMNS FROM `kw_config` [ SQL RunTime:0.0023s ]
[2018-03-06T18:16:46+08:00] 
SELECT * FROM `kw_config` WHERE `id` = 1 LIMIT 1   [ SQL RunTime:0.0003s ]
[2018-03-06T18:16:47+08:00] 
SHOW COLUMNS FROM `kw_config` [ SQL RunTime:0.0025s ]
[2018-03-06T18:16:47+08:00] 
SELECT * FROM `kw_config` WHERE `id` = 1 LIMIT 1   [ SQL RunTime:0.0003s ]
[2018-03-06T18:16:47+08:00] 
SHOW COLUMNS FROM `kw_news_cats` [ SQL RunTime:0.0018s ]
[2018-03-06T18:16:47+08:00] 
SELECT * FROM `kw_news_cats` WHERE ( pid=0 AND isstate=1 ) ORDER BY disorder desc,id asc  [ SQL RunTime:0.0003s ]
[2018-03-06T18:16:47+08:00] 
SELECT * FROM `kw_news_cats` WHERE `pid` = 1 AND `isstate` = 1 ORDER BY disorder desc,id asc  [ SQL RunTime:0.0002s ]
[2018-03-06T18:16:47+08:00] 
SELECT COUNT(*) AS tp_count FROM `kw_news_cats` WHERE ( pid=2 and isstate=1 ) LIMIT 1   [ SQL RunTime:0.0001s ]
[2018-03-06T18:16:47+08:00] 
SELECT * FROM `kw_news_cats` WHERE `pid` = 2 AND `isstate` = 1 ORDER BY disorder desc,id asc  [ SQL RunTime:0.0001s ]
[2018-03-06T18:16:48+08:00] 
SHOW COLUMNS FROM `kw_config` [ SQL RunTime:0.0021s ]
[2018-03-06T18:16:48+08:00] 
SELECT * FROM `kw_config` WHERE `id` = 1 LIMIT 1   [ SQL RunTime:0.0003s ]
[2018-03-06T18:17:25+08:00] 
SHOW COLUMNS FROM `kw_config` [ SQL RunTime:0.0021s ]
[2018-03-06T18:17:25+08:00] 
SELECT * FROM `kw_config` WHERE `id` = 1 LIMIT 1   [ SQL RunTime:0.0003s ]
[2018-03-06T18:24:30+08:00] 
SHOW COLUMNS FROM `kw_config` [ SQL RunTime:0.0024s ]
[2018-03-06T18:24:30+08:00] 
SELECT * FROM `kw_config` WHERE `id` = 1 LIMIT 1   [ SQL RunTime:0.0003s ]
[2018-03-06T18:24:43+08:00] 
SHOW COLUMNS FROM `kw_config` [ SQL RunTime:0.0021s ]
[2018-03-06T18:24:43+08:00] 
SELECT * FROM `kw_config` WHERE `id` = 1 LIMIT 1   [ SQL RunTime:0.0003s ]
[2018-03-06T18:24:51+08:00] 
SHOW COLUMNS FROM `kw_config` [ SQL RunTime:0.0020s ]
[2018-03-06T18:24:51+08:00] 
SELECT * FROM `kw_config` WHERE `id` = 1 LIMIT 1   [ SQL RunTime:0.0003s ]
[2018-03-06T18:24:51+08:00] 
SELECT * FROM `kw_config` WHERE `id` = 1 LIMIT 1   [ SQL RunTime:0.0002s ]
[2018-03-06T18:24:51+08:00] 
SELECT `picsize` FROM `kw_config` LIMIT 1   [ SQL RunTime:0.0003s ]
[2018-03-06T18:24:51+08:00] 
SELECT `picsize` FROM `kw_config` LIMIT 1   [ SQL RunTime:0.0001s ]
[2018-03-06T18:24:51+08:00] 
SELECT `picsize` FROM `kw_config` LIMIT 1   [ SQL RunTime:0.0002s ]
[2018-03-06T18:25:10+08:00] 
SHOW COLUMNS FROM `kw_config` [ SQL RunTime:0.0020s ]
[2018-03-06T18:25:10+08:00] 
SELECT * FROM `kw_config` WHERE `id` = 1 LIMIT 1   [ SQL RunTime:0.0003s ]
[2018-03-06T18:25:10+08:00] 
UPDATE `kw_config` SET `sitename`=,`isstate`=0,`showinfo`=,`filetype`=csv|zip|rar|7z|png,`filesize`=20480,`pictype`=png|jpg|jpeg|gif,`picsize`=2048,`hotsearch`=,`seotitle`=,`keywords`=,`description`=,`indexabout`=,`indexcontact`=,`link1`=,`link2`=,`link3`=,`link4`=,`link5`=,`oauth`=,`appid`=,`appsecret`=,`email`=,`tel`=,`fax`=,`phone`=,`address`=,`siteurl`=,`siteurl_wap`=,`webqq`=,`icpcode`=,`header`=,`copyright`= WHERE `id` = 1 [ SQL RunTime:0.0004s ]
[2018-03-06T18:25:10+08:00] 
SHOW COLUMNS FROM `kw_logs` [ SQL RunTime:0.0013s ]
[2018-03-06T18:25:10+08:00] 
INSERT INTO `kw_logs` (`username`,`content`,`ip`,`sendtime`) VALUES (Hidden,编辑系统信息,114.102.131.248,1520331909) [ SQL RunTime:0.0002s ]
[2018-03-06T18:25:13+08:00] 
SHOW COLUMNS FROM `kw_config` [ SQL RunTime:0.0022s ]
[2018-03-06T18:25:13+08:00] 
SELECT * FROM `kw_config` WHERE `id` = 1 LIMIT 1   [ SQL RunTime:0.0005s ]
[2018-03-06T18:25:13+08:00] 
SELECT * FROM `kw_config` WHERE `id` = 1 LIMIT 1   [ SQL RunTime:0.0002s ]
[2018-03-06T18:25:13+08:00] 
SELECT `picsize` FROM `kw_config` LIMIT 1   [ SQL RunTime:0.0002s ]
[2018-03-06T18:25:13+08:00] 
SELECT `picsize` FROM `kw_config` LIMIT 1   [ SQL RunTime:0.0001s ]
[2018-03-06T18:25:13+08:00] 
SELECT `picsize` FROM `kw_config` LIMIT 1   [ SQL RunTime:0.0002s ]
[2018-03-06T18:25:15+08:00] 
SHOW COLUMNS FROM `kw_config` [ SQL RunTime:0.0021s ]
[2018-03-06T18:25:15+08:00] 
SELECT * FROM `kw_config` WHERE `id` = 1 LIMIT 1   [ SQL RunTime:0.0003s ]
[2018-03-06T18:25:15+08:00] 
SELECT * FROM `kw_config` WHERE `id` = 1 LIMIT 1   [ SQL RunTime:0.0002s ]
[2018-03-06T18:25:15+08:00] 
SELECT `picsize` FROM `kw_config` LIMIT 1   [ SQL RunTime:0.0001s ]
[2018-03-06T18:25:15+08:00] 
SELECT `picsize` FROM `kw_config` LIMIT 1   [ SQL RunTime:0.0002s ]
[2018-03-06T18:25:15+08:00] 
SELECT `picsize` FROM `kw_config` LIMIT 1   [ SQL RunTime:0.0001s ]
[2018-03-06T18:25:18+08:00] 
SHOW COLUMNS FROM `kw_config` [ SQL RunTime:0.0027s ]
[2018-03-06T18:25:18+08:00] 
SELECT * FROM `kw_config` WHERE `id` = 1 LIMIT 1   [ SQL RunTime:0.0003s ]
[2018-03-06T18:25:18+08:00] 
SHOW COLUMNS FROM `kw_logs` [ SQL RunTime:0.0016s ]
[2018-03-06T18:25:18+08:00] 
SELECT COUNT(*) AS tp_count FROM `kw_logs` LIMIT 1   [ SQL RunTime:0.0002s ]
[2018-03-06T18:25:18+08:00] 
SELECT * FROM `kw_logs` ORDER BY sendtime desc LIMIT 0,30   [ SQL RunTime:0.0003s ]
[2018-03-06T18:25:21+08:00] 
SHOW COLUMNS FROM `kw_config` [ SQL RunTime:0.0021s ]
[2018-03-06T18:25:21+08:00] 
SELECT * FROM `kw_config` WHERE `id` = 1 LIMIT 1   [ SQL RunTime:0.0003s ]
[2018-03-06T18:25:21+08:00] 
TRUNCATE `kw_logs` [ SQL RunTime:0.0008s ]
[2018-03-06T18:25:25+08:00] 
SHOW COLUMNS FROM `kw_config` [ SQL RunTime:0.0023s ]
[2018-03-06T18:25:25+08:00] 
SELECT * FROM `kw_config` WHERE `id` = 1 LIMIT 1   [ SQL RunTime:0.0003s ]
[2018-03-06T18:25:25+08:00] 
SHOW COLUMNS FROM `kw_logs` [ SQL RunTime:0.0016s ]
[2018-03-06T18:25:25+08:00] 
SELECT COUNT(*) AS tp_count FROM `kw_logs` LIMIT 1   [ SQL RunTime:0.0002s ]
[2018-03-06T18:25:25+08:00] 
SELECT * FROM `kw_logs` ORDER BY sendtime desc LIMIT 0,30   [ SQL RunTime:0.0002s ]
[2018-03-06T18:25:28+08:00] 
SHOW COLUMNS FROM `kw_config` [ SQL RunTime:0.0021s ]
[2018-03-06T18:25:28+08:00] 
SELECT * FROM `kw_config` WHERE `id` = 1 LIMIT 1   [ SQL RunTime:0.0003s ]
[2018-03-06T18:25:28+08:00] 
SHOW COLUMNS FROM `kw_manager` [ SQL RunTime:0.0015s ]
[2018-03-06T18:25:28+08:00] 
SELECT COUNT(*) AS tp_count FROM `kw_manager` LIMIT 1   [ SQL RunTime:0.0002s ]
[2018-03-06T18:25:28+08:00] 
SELECT * FROM `kw_manager` ORDER BY id ASC LIMIT 0,999   [ SQL RunTime:0.0002s ]
[2018-03-06T18:25:56+08:00] 
SHOW COLUMNS FROM `kw_config` [ SQL RunTime:0.0022s ]
[2018-03-06T18:25:56+08:00] 
SELECT * FROM `kw_config` WHERE `id` = 1 LIMIT 1   [ SQL RunTime:0.0004s ]
[2018-03-06T18:25:56+08:00] 
SHOW COLUMNS FROM `kw_news_cats` [ SQL RunTime:0.0016s ]
[2018-03-06T18:25:56+08:00] 
SELECT `catname` FROM `kw_news_cats` WHERE `id` = 1 LIMIT 1   [ SQL RunTime:0.0002s ]
[2018-03-06T18:25:56+08:00] 
SELECT `catname` FROM `kw_news_cats` WHERE `id` = 2 LIMIT 1   [ SQL RunTime:0.0001s ]
[2018-03-06T18:25:56+08:00] 
SELECT `showtype` FROM `kw_news_cats` WHERE `id` = 2 LIMIT 1   [ SQL RunTime:0.0003s ]
[2018-03-06T18:25:56+08:00] 
SHOW COLUMNS FROM `kw_message` [ SQL RunTime:0.0012s ]
[2018-03-06T18:25:56+08:00] 
SELECT COUNT(*) AS tp_count FROM `kw_message` LIMIT 1   [ SQL RunTime:0.0001s ]
[2018-03-06T18:25:56+08:00] 
SELECT * FROM `kw_message` ORDER BY sendtime desc LIMIT 0,30   [ SQL RunTime:0.0001s ]
[2018-03-06T18:25:56+08:00] 
SHOW COLUMNS FROM `kw_news` [ SQL RunTime:0.0015s ]
[2018-03-06T18:25:56+08:00] 
SELECT `id`,`title` FROM `kw_news` WHERE ( pid=5 and ty=10 and tty=16 and isstate=1 )  [ SQL RunTime:0.0001s ]
[2018-03-06T18:28:02+08:00] 
SHOW COLUMNS FROM `kw_config` [ SQL RunTime:0.0023s ]
[2018-03-06T18:28:02+08:00] 
SELECT * FROM `kw_config` LIMIT 1   [ SQL RunTime:0.0004s ]
[2018-03-06T18:28:02+08:00] 
SHOW COLUMNS FROM `kw_news_cats` [ SQL RunTime:0.0017s ]
[2018-03-06T18:28:02+08:00] 
SELECT * FROM `kw_news_cats` WHERE `id` = 0 LIMIT 1   [ SQL RunTime:0.0002s ]
[2018-03-06T18:28:02+08:00] 
SELECT * FROM `kw_news_cats` WHERE `id` = 0 LIMIT 1   [ SQL RunTime:0.0002s ]
[2018-03-06T18:28:02+08:00] 
SHOW COLUMNS FROM `kw_news` [ SQL RunTime:0.0017s ]
[2018-03-06T18:28:02+08:00] 
SELECT * FROM `kw_news` WHERE ( pid=0 and ty=0 ) LIMIT 1   [ SQL RunTime:0.0002s ]
[2018-03-06T18:28:02+08:00] 
SHOW COLUMNS FROM `kw_message` [ SQL RunTime:0.0014s ]
[2018-03-06T18:28:02+08:00] 
INSERT INTO `kw_message` (`realname`,`phone`,`province`,`city`,`ip`,`sendtime`) VALUES (搞个,18356853555,山西省,太原市,101.226.225.86,1520332082) [ SQL RunTime:0.0003s ]
[2018-03-06T18:49:59+08:00] 
SHOW COLUMNS FROM `kw_config` [ SQL RunTime:0.0030s ]
[2018-03-06T18:49:59+08:00] 
SELECT * FROM `kw_config` LIMIT 1   [ SQL RunTime:0.0004s ]
[2018-03-06T18:49:59+08:00] 
SHOW COLUMNS FROM `kw_news_cats` [ SQL RunTime:0.0017s ]
[2018-03-06T18:49:59+08:00] 
SELECT * FROM `kw_news_cats` WHERE `id` = 0 LIMIT 1   [ SQL RunTime:0.0002s ]
[2018-03-06T18:49:59+08:00] 
SELECT * FROM `kw_news_cats` WHERE `id` = 0 LIMIT 1   [ SQL RunTime:0.0002s ]
[2018-03-06T18:49:59+08:00] 
SHOW COLUMNS FROM `kw_news` [ SQL RunTime:0.0022s ]
[2018-03-06T18:49:59+08:00] 
SELECT * FROM `kw_news` WHERE ( pid=0 and ty=0 ) LIMIT 1   [ SQL RunTime:0.0002s ]
[2018-03-06T18:49:59+08:00] 
SHOW COLUMNS FROM `kw_message` [ SQL RunTime:0.0016s ]
[2018-03-06T18:49:59+08:00] 
INSERT INTO `kw_message` (`realname`,`phone`,`province`,`city`,`ip`,`sendtime`) VALUES (别,18326920316,北京市,市辖区,101.90.125.177,1520333399) [ SQL RunTime:0.0003s ]
[2018-03-06T19:02:49+08:00] 
SHOW COLUMNS FROM `kw_config` [ SQL RunTime:0.0024s ]
[2018-03-06T19:02:49+08:00] 
SELECT * FROM `kw_config` LIMIT 1   [ SQL RunTime:0.0003s ]
[2018-03-06T19:02:49+08:00] 
SHOW COLUMNS FROM `kw_news_cats` [ SQL RunTime:0.0018s ]
[2018-03-06T19:02:49+08:00] 
SELECT * FROM `kw_news_cats` WHERE `id` = 0 LIMIT 1   [ SQL RunTime:0.0002s ]
[2018-03-06T19:02:49+08:00] 
SELECT * FROM `kw_news_cats` WHERE `id` = 0 LIMIT 1   [ SQL RunTime:0.0002s ]
[2018-03-06T19:02:49+08:00] 
SHOW COLUMNS FROM `kw_news` [ SQL RunTime:0.0018s ]
[2018-03-06T19:02:49+08:00] 
SELECT * FROM `kw_news` WHERE ( pid=0 and ty=0 ) LIMIT 1   [ SQL RunTime:0.0002s ]
[2018-03-06T19:02:49+08:00] 
SHOW COLUMNS FROM `kw_message` [ SQL RunTime:0.0016s ]
[2018-03-06T19:02:49+08:00] 
INSERT INTO `kw_message` (`realname`,`phone`,`province`,`city`,`ip`,`sendtime`) VALUES (w,18298198124,浙江省,杭州市,114.102.131.248,1520334169) [ SQL RunTime:0.0002s ]
[2018-03-06T19:16:07+08:00] 
SHOW COLUMNS FROM `kw_config` [ SQL RunTime:0.0021s ]
[2018-03-06T19:16:07+08:00] 
SELECT * FROM `kw_config` LIMIT 1   [ SQL RunTime:0.0003s ]
[2018-03-06T19:16:07+08:00] 
SHOW COLUMNS FROM `kw_news_cats` [ SQL RunTime:0.0016s ]
[2018-03-06T19:16:07+08:00] 
SELECT * FROM `kw_news_cats` WHERE `id` = 0 LIMIT 1   [ SQL RunTime:0.0002s ]
[2018-03-06T19:16:07+08:00] 
SELECT * FROM `kw_news_cats` WHERE `id` = 0 LIMIT 1   [ SQL RunTime:0.0002s ]
[2018-03-06T19:16:07+08:00] 
SHOW COLUMNS FROM `kw_news` [ SQL RunTime:0.0015s ]
[2018-03-06T19:16:07+08:00] 
SELECT * FROM `kw_news` WHERE ( pid=0 and ty=0 ) LIMIT 1   [ SQL RunTime:0.0002s ]
[2018-03-06T19:16:07+08:00] 
SHOW COLUMNS FROM `kw_message` [ SQL RunTime:0.0012s ]
[2018-03-06T19:16:07+08:00] 
INSERT INTO `kw_message` (`realname`,`phone`,`province`,`city`,`ip`,`sendtime`) VALUES (1,13311111111,天津市,市辖区,114.102.131.248,1520334967) [ SQL RunTime:0.0002s ]
[2018-03-06T19:18:28+08:00] 
SHOW COLUMNS FROM `kw_config` [ SQL RunTime:0.0021s ]
[2018-03-06T19:18:28+08:00] 
SELECT * FROM `kw_config` LIMIT 1   [ SQL RunTime:0.0003s ]
[2018-03-06T19:18:28+08:00] 
SHOW COLUMNS FROM `kw_news_cats` [ SQL RunTime:0.0015s ]
[2018-03-06T19:18:28+08:00] 
SELECT * FROM `kw_news_cats` WHERE `id` = 0 LIMIT 1   [ SQL RunTime:0.0002s ]
[2018-03-06T19:18:28+08:00] 
SELECT * FROM `kw_news_cats` WHERE `id` = 0 LIMIT 1   [ SQL RunTime:0.0003s ]
[2018-03-06T19:18:28+08:00] 
SHOW COLUMNS FROM `kw_news` [ SQL RunTime:0.0017s ]
[2018-03-06T19:18:28+08:00] 
SELECT * FROM `kw_news` WHERE ( pid=0 and ty=0 ) LIMIT 1   [ SQL RunTime:0.0002s ]
[2018-03-06T19:18:28+08:00] 
SHOW COLUMNS FROM `kw_message` [ SQL RunTime:0.0012s ]
[2018-03-06T19:18:28+08:00] 
INSERT INTO `kw_message` (`realname`,`phone`,`province`,`city`,`ip`,`sendtime`) VALUES (11111,13345555555,江西省,南昌市,114.102.131.248,1520335108) [ SQL RunTime:0.0002s ]
[2018-03-06T19:18:54+08:00] 
SHOW COLUMNS FROM `kw_config` [ SQL RunTime:0.0020s ]
[2018-03-06T19:18:54+08:00] 
SELECT * FROM `kw_config` LIMIT 1   [ SQL RunTime:0.0003s ]
[2018-03-06T19:18:54+08:00] 
SHOW COLUMNS FROM `kw_news_cats` [ SQL RunTime:0.0017s ]
[2018-03-06T19:18:54+08:00] 
SELECT * FROM `kw_news_cats` WHERE `id` = 0 LIMIT 1   [ SQL RunTime:0.0002s ]
[2018-03-06T19:18:54+08:00] 
SELECT * FROM `kw_news_cats` WHERE `id` = 0 LIMIT 1   [ SQL RunTime:0.0002s ]
[2018-03-06T19:18:54+08:00] 
SHOW COLUMNS FROM `kw_news` [ SQL RunTime:0.0018s ]
[2018-03-06T19:18:54+08:00] 
SELECT * FROM `kw_news` WHERE ( pid=0 and ty=0 ) LIMIT 1   [ SQL RunTime:0.0002s ]
[2018-03-06T19:18:54+08:00] 
SHOW COLUMNS FROM `kw_message` [ SQL RunTime:0.0013s ]
[2018-03-06T19:18:54+08:00] 
INSERT INTO `kw_message` (`realname`,`phone`,`province`,`city`,`ip`,`sendtime`) VALUES (1,13333333333,江苏省,南京市,114.102.131.248,1520335134) [ SQL RunTime:0.0002s ]
[2018-03-06T19:18:55+08:00] 
SHOW COLUMNS FROM `kw_config` [ SQL RunTime:0.0021s ]
[2018-03-06T19:18:55+08:00] 
SELECT * FROM `kw_config` LIMIT 1   [ SQL RunTime:0.0003s ]
[2018-03-06T19:18:55+08:00] 
SHOW COLUMNS FROM `kw_news_cats` [ SQL RunTime:0.0020s ]
[2018-03-06T19:18:55+08:00] 
SELECT * FROM `kw_news_cats` WHERE `id` = 0 LIMIT 1   [ SQL RunTime:0.0002s ]
[2018-03-06T19:18:55+08:00] 
SELECT * FROM `kw_news_cats` WHERE `id` = 0 LIMIT 1   [ SQL RunTime:0.0002s ]
[2018-03-06T19:18:55+08:00] 
SHOW COLUMNS FROM `kw_news` [ SQL RunTime:0.0019s ]
[2018-03-06T19:18:55+08:00] 
SELECT * FROM `kw_news` WHERE ( pid=0 and ty=0 ) LIMIT 1   [ SQL RunTime:0.0002s ]
[2018-03-06T19:18:55+08:00] 
SHOW COLUMNS FROM `kw_message` [ SQL RunTime:0.0013s ]
[2018-03-06T19:18:55+08:00] 
INSERT INTO `kw_message` (`realname`,`phone`,`province`,`city`,`ip`,`sendtime`) VALUES (1,13333333333,江苏省,南京市,114.102.131.248,1520335135) [ SQL RunTime:0.0002s ]
[2018-03-06T19:18:56+08:00] 
SHOW COLUMNS FROM `kw_config` [ SQL RunTime:0.0022s ]
[2018-03-06T19:18:56+08:00] 
SELECT * FROM `kw_config` LIMIT 1   [ SQL RunTime:0.0004s ]
[2018-03-06T19:18:56+08:00] 
SHOW COLUMNS FROM `kw_news_cats` [ SQL RunTime:0.0020s ]
[2018-03-06T19:18:56+08:00] 
SELECT * FROM `kw_news_cats` WHERE `id` = 0 LIMIT 1   [ SQL RunTime:0.0002s ]
[2018-03-06T19:18:56+08:00] 
SELECT * FROM `kw_news_cats` WHERE `id` = 0 LIMIT 1   [ SQL RunTime:0.0002s ]
[2018-03-06T19:18:56+08:00] 
SHOW COLUMNS FROM `kw_news` [ SQL RunTime:0.0018s ]
[2018-03-06T19:18:56+08:00] 
SELECT * FROM `kw_news` WHERE ( pid=0 and ty=0 ) LIMIT 1   [ SQL RunTime:0.0002s ]
[2018-03-06T19:18:56+08:00] 
SHOW COLUMNS FROM `kw_message` [ SQL RunTime:0.0013s ]
[2018-03-06T19:18:56+08:00] 
INSERT INTO `kw_message` (`realname`,`phone`,`province`,`city`,`ip`,`sendtime`) VALUES (1,13333333333,江苏省,南京市,114.102.131.248,1520335136) [ SQL RunTime:0.0003s ]
[2018-03-06T19:18:57+08:00] 
SHOW COLUMNS FROM `kw_config` [ SQL RunTime:0.0022s ]
[2018-03-06T19:18:57+08:00] 
SELECT * FROM `kw_config` LIMIT 1   [ SQL RunTime:0.0003s ]
[2018-03-06T19:18:57+08:00] 
SHOW COLUMNS FROM `kw_news_cats` [ SQL RunTime:0.0018s ]
[2018-03-06T19:18:57+08:00] 
SELECT * FROM `kw_news_cats` WHERE `id` = 0 LIMIT 1   [ SQL RunTime:0.0002s ]
[2018-03-06T19:18:57+08:00] 
SELECT * FROM `kw_news_cats` WHERE `id` = 0 LIMIT 1   [ SQL RunTime:0.0002s ]
[2018-03-06T19:18:57+08:00] 
SHOW COLUMNS FROM `kw_news` [ SQL RunTime:0.0019s ]
[2018-03-06T19:18:57+08:00] 
SELECT * FROM `kw_news` WHERE ( pid=0 and ty=0 ) LIMIT 1   [ SQL RunTime:0.0002s ]
[2018-03-06T19:18:57+08:00] 
SHOW COLUMNS FROM `kw_message` [ SQL RunTime:0.0013s ]
[2018-03-06T19:18:57+08:00] 
INSERT INTO `kw_message` (`realname`,`phone`,`province`,`city`,`ip`,`sendtime`) VALUES (1,13333333333,江苏省,南京市,114.102.131.248,1520335137) [ SQL RunTime:0.0002s ]
[2018-03-06T19:18:58+08:00] 
SHOW COLUMNS FROM `kw_config` [ SQL RunTime:0.0023s ]
[2018-03-06T19:18:58+08:00] 
SELECT * FROM `kw_config` LIMIT 1   [ SQL RunTime:0.0003s ]
[2018-03-06T19:18:58+08:00] 
SHOW COLUMNS FROM `kw_news_cats` [ SQL RunTime:0.0017s ]
[2018-03-06T19:18:58+08:00] 
SELECT * FROM `kw_news_cats` WHERE `id` = 0 LIMIT 1   [ SQL RunTime:0.0002s ]
[2018-03-06T19:18:58+08:00] 
SELECT * FROM `kw_news_cats` WHERE `id` = 0 LIMIT 1   [ SQL RunTime:0.0002s ]
[2018-03-06T19:18:58+08:00] 
SHOW COLUMNS FROM `kw_news` [ SQL RunTime:0.0018s ]
[2018-03-06T19:18:58+08:00] 
SELECT * FROM `kw_news` WHERE ( pid=0 and ty=0 ) LIMIT 1   [ SQL RunTime:0.0002s ]
[2018-03-06T19:18:58+08:00] 
SHOW COLUMNS FROM `kw_message` [ SQL RunTime:0.0012s ]
[2018-03-06T19:18:58+08:00] 
INSERT INTO `kw_message` (`realname`,`phone`,`province`,`city`,`ip`,`sendtime`) VALUES (1,13333333333,江苏省,南京市,114.102.131.248,1520335138) [ SQL RunTime:0.0004s ]
[2018-03-06T19:18:59+08:00] 
SHOW COLUMNS FROM `kw_config` [ SQL RunTime:0.0021s ]
[2018-03-06T19:18:59+08:00] 
SELECT * FROM `kw_config` LIMIT 1   [ SQL RunTime:0.0003s ]
[2018-03-06T19:18:59+08:00] 
SHOW COLUMNS FROM `kw_news_cats` [ SQL RunTime:0.0015s ]
[2018-03-06T19:18:59+08:00] 
SELECT * FROM `kw_news_cats` WHERE `id` = 0 LIMIT 1   [ SQL RunTime:0.0002s ]
[2018-03-06T19:18:59+08:00] 
SELECT * FROM `kw_news_cats` WHERE `id` = 0 LIMIT 1   [ SQL RunTime:0.0002s ]
[2018-03-06T19:18:59+08:00] 
SHOW COLUMNS FROM `kw_news` [ SQL RunTime:0.0016s ]
[2018-03-06T19:18:59+08:00] 
SELECT * FROM `kw_news` WHERE ( pid=0 and ty=0 ) LIMIT 1   [ SQL RunTime:0.0002s ]
[2018-03-06T19:18:59+08:00] 
SHOW COLUMNS FROM `kw_message` [ SQL RunTime:0.0012s ]
[2018-03-06T19:18:59+08:00] 
INSERT INTO `kw_message` (`realname`,`phone`,`province`,`city`,`ip`,`sendtime`) VALUES (1,13333333333,江苏省,南京市,114.102.131.248,1520335139) [ SQL RunTime:0.0002s ]
[2018-03-06T19:19:00+08:00] 
SHOW COLUMNS FROM `kw_config` [ SQL RunTime:0.0024s ]
[2018-03-06T19:19:00+08:00] 
SELECT * FROM `kw_config` LIMIT 1   [ SQL RunTime:0.0003s ]
[2018-03-06T19:19:00+08:00] 
SHOW COLUMNS FROM `kw_news_cats` [ SQL RunTime:0.0017s ]
[2018-03-06T19:19:00+08:00] 
SELECT * FROM `kw_news_cats` WHERE `id` = 0 LIMIT 1   [ SQL RunTime:0.0003s ]
[2018-03-06T19:19:00+08:00] 
SELECT * FROM `kw_news_cats` WHERE `id` = 0 LIMIT 1   [ SQL RunTime:0.0002s ]
[2018-03-06T19:19:00+08:00] 
SHOW COLUMNS FROM `kw_news` [ SQL RunTime:0.0017s ]
[2018-03-06T19:19:00+08:00] 
SELECT * FROM `kw_news` WHERE ( pid=0 and ty=0 ) LIMIT 1   [ SQL RunTime:0.0002s ]
[2018-03-06T19:19:00+08:00] 
SHOW COLUMNS FROM `kw_message` [ SQL RunTime:0.0014s ]
[2018-03-06T19:19:00+08:00] 
INSERT INTO `kw_message` (`realname`,`phone`,`province`,`city`,`ip`,`sendtime`) VALUES (1,13333333333,江苏省,南京市,114.102.131.248,1520335140) [ SQL RunTime:0.0002s ]
[2018-03-06T19:19:01+08:00] 
SHOW COLUMNS FROM `kw_config` [ SQL RunTime:0.0021s ]
[2018-03-06T19:19:01+08:00] 
SELECT * FROM `kw_config` LIMIT 1   [ SQL RunTime:0.0003s ]
[2018-03-06T19:19:01+08:00] 
SHOW COLUMNS FROM `kw_news_cats` [ SQL RunTime:0.0018s ]
[2018-03-06T19:19:01+08:00] 
SELECT * FROM `kw_news_cats` WHERE `id` = 0 LIMIT 1   [ SQL RunTime:0.0002s ]
[2018-03-06T19:19:01+08:00] 
SELECT * FROM `kw_news_cats` WHERE `id` = 0 LIMIT 1   [ SQL RunTime:0.0004s ]
[2018-03-06T19:19:01+08:00] 
SHOW COLUMNS FROM `kw_news` [ SQL RunTime:0.0017s ]
[2018-03-06T19:19:01+08:00] 
SELECT * FROM `kw_news` WHERE ( pid=0 and ty=0 ) LIMIT 1   [ SQL RunTime:0.0002s ]
[2018-03-06T19:19:01+08:00] 
SHOW COLUMNS FROM `kw_message` [ SQL RunTime:0.0013s ]
[2018-03-06T19:19:01+08:00] 
INSERT INTO `kw_message` (`realname`,`phone`,`province`,`city`,`ip`,`sendtime`) VALUES (1,13333333333,江苏省,南京市,114.102.131.248,1520335141) [ SQL RunTime:0.0003s ]
[2018-03-06T19:19:02+08:00] 
SHOW COLUMNS FROM `kw_config` [ SQL RunTime:0.0023s ]
[2018-03-06T19:19:02+08:00] 
SELECT * FROM `kw_config` LIMIT 1   [ SQL RunTime:0.0003s ]
[2018-03-06T19:19:02+08:00] 
SHOW COLUMNS FROM `kw_news_cats` [ SQL RunTime:0.0016s ]
[2018-03-06T19:19:02+08:00] 
SELECT * FROM `kw_news_cats` WHERE `id` = 0 LIMIT 1   [ SQL RunTime:0.0003s ]
[2018-03-06T19:19:02+08:00] 
SELECT * FROM `kw_news_cats` WHERE `id` = 0 LIMIT 1   [ SQL RunTime:0.0002s ]
[2018-03-06T19:19:02+08:00] 
SHOW COLUMNS FROM `kw_news` [ SQL RunTime:0.0021s ]
[2018-03-06T19:19:02+08:00] 
SELECT * FROM `kw_news` WHERE ( pid=0 and ty=0 ) LIMIT 1   [ SQL RunTime:0.0003s ]
[2018-03-06T19:19:02+08:00] 
SHOW COLUMNS FROM `kw_message` [ SQL RunTime:0.0016s ]
[2018-03-06T19:19:02+08:00] 
INSERT INTO `kw_message` (`realname`,`phone`,`province`,`city`,`ip`,`sendtime`) VALUES (1,13333333333,江苏省,南京市,114.102.131.248,1520335142) [ SQL RunTime:0.0003s ]
[2018-03-06T19:19:03+08:00] 
SHOW COLUMNS FROM `kw_config` [ SQL RunTime:0.0024s ]
[2018-03-06T19:19:03+08:00] 
SELECT * FROM `kw_config` LIMIT 1   [ SQL RunTime:0.0003s ]
[2018-03-06T19:19:03+08:00] 
SHOW COLUMNS FROM `kw_news_cats` [ SQL RunTime:0.0018s ]
[2018-03-06T19:19:03+08:00] 
SELECT * FROM `kw_news_cats` WHERE `id` = 0 LIMIT 1   [ SQL RunTime:0.0002s ]
[2018-03-06T19:19:03+08:00] 
SELECT * FROM `kw_news_cats` WHERE `id` = 0 LIMIT 1   [ SQL RunTime:0.0002s ]
[2018-03-06T19:19:03+08:00] 
SHOW COLUMNS FROM `kw_news` [ SQL RunTime:0.0018s ]
[2018-03-06T19:19:03+08:00] 
SELECT * FROM `kw_news` WHERE ( pid=0 and ty=0 ) LIMIT 1   [ SQL RunTime:0.0002s ]
[2018-03-06T19:19:03+08:00] 
SHOW COLUMNS FROM `kw_message` [ SQL RunTime:0.0014s ]
[2018-03-06T19:19:03+08:00] 
INSERT INTO `kw_message` (`realname`,`phone`,`province`,`city`,`ip`,`sendtime`) VALUES (1,13333333333,江苏省,南京市,114.102.131.248,1520335143) [ SQL RunTime:0.0002s ]
[2018-03-06T19:19:06+08:00] 
SHOW COLUMNS FROM `kw_config` [ SQL RunTime:0.0022s ]
[2018-03-06T19:19:06+08:00] 
SELECT * FROM `kw_config` LIMIT 1   [ SQL RunTime:0.0004s ]
[2018-03-06T19:19:06+08:00] 
SHOW COLUMNS FROM `kw_news_cats` [ SQL RunTime:0.0015s ]
[2018-03-06T19:19:06+08:00] 
SELECT * FROM `kw_news_cats` WHERE `id` = 0 LIMIT 1   [ SQL RunTime:0.0003s ]
[2018-03-06T19:19:06+08:00] 
SELECT * FROM `kw_news_cats` WHERE `id` = 0 LIMIT 1   [ SQL RunTime:0.0002s ]
[2018-03-06T19:19:06+08:00] 
SHOW COLUMNS FROM `kw_news` [ SQL RunTime:0.0016s ]
[2018-03-06T19:19:06+08:00] 
SELECT * FROM `kw_news` WHERE ( pid=0 and ty=0 ) LIMIT 1   [ SQL RunTime:0.0002s ]
[2018-03-06T19:19:06+08:00] 
SHOW COLUMNS FROM `kw_message` [ SQL RunTime:0.0012s ]
[2018-03-06T19:19:06+08:00] 
INSERT INTO `kw_message` (`realname`,`phone`,`province`,`city`,`ip`,`sendtime`) VALUES (1,13333333333,江苏省,南京市,114.102.131.248,1520335146) [ SQL RunTime:0.0002s ]
[2018-03-06T19:20:41+08:00] 
SHOW COLUMNS FROM `kw_config` [ SQL RunTime:0.0022s ]
[2018-03-06T19:20:41+08:00] 
SELECT * FROM `kw_config` LIMIT 1   [ SQL RunTime:0.0003s ]
[2018-03-06T19:20:41+08:00] 
SHOW COLUMNS FROM `kw_news_cats` [ SQL RunTime:0.0016s ]
[2018-03-06T19:20:41+08:00] 
SELECT * FROM `kw_news_cats` WHERE `id` = 0 LIMIT 1   [ SQL RunTime:0.0002s ]
[2018-03-06T19:20:41+08:00] 
SELECT * FROM `kw_news_cats` WHERE `id` = 0 LIMIT 1   [ SQL RunTime:0.0002s ]
[2018-03-06T19:20:41+08:00] 
SHOW COLUMNS FROM `kw_news` [ SQL RunTime:0.0022s ]
[2018-03-06T19:20:41+08:00] 
SELECT * FROM `kw_news` WHERE ( pid=0 and ty=0 ) LIMIT 1   [ SQL RunTime:0.0003s ]
[2018-03-06T19:20:41+08:00] 
SHOW COLUMNS FROM `kw_message` [ SQL RunTime:0.0017s ]
[2018-03-06T19:20:41+08:00] 
INSERT INTO `kw_message` (`realname`,`phone`,`province`,`city`,`ip`,`sendtime`) VALUES (1,13344444444,上海市,市辖区,114.102.131.248,1520335241) [ SQL RunTime:0.0003s ]
[2018-03-06T19:22:59+08:00] 
SHOW COLUMNS FROM `kw_config` [ SQL RunTime:0.0022s ]
[2018-03-06T19:22:59+08:00] 
SELECT * FROM `kw_config` LIMIT 1   [ SQL RunTime:0.0003s ]
[2018-03-06T19:22:59+08:00] 
SHOW COLUMNS FROM `kw_news_cats` [ SQL RunTime:0.0016s ]
[2018-03-06T19:22:59+08:00] 
SELECT * FROM `kw_news_cats` WHERE `id` = 0 LIMIT 1   [ SQL RunTime:0.0003s ]
[2018-03-06T19:22:59+08:00] 
SELECT * FROM `kw_news_cats` WHERE `id` = 0 LIMIT 1   [ SQL RunTime:0.0003s ]
[2018-03-06T19:22:59+08:00] 
SHOW COLUMNS FROM `kw_news` [ SQL RunTime:0.0017s ]
[2018-03-06T19:22:59+08:00] 
SELECT * FROM `kw_news` WHERE ( pid=0 and ty=0 ) LIMIT 1   [ SQL RunTime:0.0002s ]
[2018-03-06T19:22:59+08:00] 
SHOW COLUMNS FROM `kw_message` [ SQL RunTime:0.0013s ]
[2018-03-06T19:22:59+08:00] 
INSERT INTO `kw_message` (`realname`,`phone`,`province`,`city`,`ip`,`sendtime`) VALUES (e,18298198124,黑龙江省,哈尔滨市,114.102.131.248,1520335379) [ SQL RunTime:0.0002s ]
[2018-03-06T19:23:06+08:00] 
SHOW COLUMNS FROM `kw_config` [ SQL RunTime:0.0022s ]
[2018-03-06T19:23:06+08:00] 
SELECT * FROM `kw_config` LIMIT 1   [ SQL RunTime:0.0004s ]
[2018-03-06T19:23:06+08:00] 
SHOW COLUMNS FROM `kw_news_cats` [ SQL RunTime:0.0020s ]
[2018-03-06T19:23:06+08:00] 
SELECT * FROM `kw_news_cats` WHERE `id` = 0 LIMIT 1   [ SQL RunTime:0.0003s ]
[2018-03-06T19:23:06+08:00] 
SELECT * FROM `kw_news_cats` WHERE `id` = 0 LIMIT 1   [ SQL RunTime:0.0002s ]
[2018-03-06T19:23:06+08:00] 
SHOW COLUMNS FROM `kw_news` [ SQL RunTime:0.0019s ]
[2018-03-06T19:23:06+08:00] 
SELECT * FROM `kw_news` WHERE ( pid=0 and ty=0 ) LIMIT 1   [ SQL RunTime:0.0002s ]
[2018-03-06T19:23:06+08:00] 
SHOW COLUMNS FROM `kw_message` [ SQL RunTime:0.0014s ]
[2018-03-06T19:23:06+08:00] 
INSERT INTO `kw_message` (`realname`,`phone`,`province`,`city`,`ip`,`sendtime`) VALUES (e,18298198124,黑龙江省,哈尔滨市,114.102.131.248,1520335386) [ SQL RunTime:0.0002s ]
[2018-03-06T19:23:15+08:00] 
SHOW COLUMNS FROM `kw_config` [ SQL RunTime:0.0022s ]
[2018-03-06T19:23:15+08:00] 
SELECT * FROM `kw_config` LIMIT 1   [ SQL RunTime:0.0003s ]
[2018-03-06T19:23:15+08:00] 
SHOW COLUMNS FROM `kw_news_cats` [ SQL RunTime:0.0015s ]
[2018-03-06T19:23:15+08:00] 
SELECT * FROM `kw_news_cats` WHERE `id` = 0 LIMIT 1   [ SQL RunTime:0.0002s ]
[2018-03-06T19:23:15+08:00] 
SELECT * FROM `kw_news_cats` WHERE `id` = 0 LIMIT 1   [ SQL RunTime:0.0002s ]
[2018-03-06T19:23:15+08:00] 
SHOW COLUMNS FROM `kw_news` [ SQL RunTime:0.0018s ]
[2018-03-06T19:23:15+08:00] 
SELECT * FROM `kw_news` WHERE ( pid=0 and ty=0 ) LIMIT 1   [ SQL RunTime:0.0002s ]
[2018-03-06T19:23:15+08:00] 
SHOW COLUMNS FROM `kw_message` [ SQL RunTime:0.0012s ]
[2018-03-06T19:23:15+08:00] 
INSERT INTO `kw_message` (`realname`,`phone`,`province`,`city`,`ip`,`sendtime`) VALUES (e,18298198124,黑龙江省,哈尔滨市,114.102.131.248,1520335395) [ SQL RunTime:0.0002s ]
[2018-03-06T19:25:54+08:00] 
SHOW COLUMNS FROM `kw_config` [ SQL RunTime:0.0021s ]
[2018-03-06T19:25:54+08:00] 
SELECT * FROM `kw_config` LIMIT 1   [ SQL RunTime:0.0003s ]
[2018-03-06T19:25:54+08:00] 
SHOW COLUMNS FROM `kw_news_cats` [ SQL RunTime:0.0019s ]
[2018-03-06T19:25:54+08:00] 
SELECT * FROM `kw_news_cats` WHERE `id` = 0 LIMIT 1   [ SQL RunTime:0.0002s ]
[2018-03-06T19:25:54+08:00] 
SELECT * FROM `kw_news_cats` WHERE `id` = 0 LIMIT 1   [ SQL RunTime:0.0003s ]
[2018-03-06T19:25:54+08:00] 
SHOW COLUMNS FROM `kw_news` [ SQL RunTime:0.0016s ]
[2018-03-06T19:25:54+08:00] 
SELECT * FROM `kw_news` WHERE ( pid=0 and ty=0 ) LIMIT 1   [ SQL RunTime:0.0002s ]
[2018-03-06T19:25:54+08:00] 
SHOW COLUMNS FROM `kw_message` [ SQL RunTime:0.0013s ]
[2018-03-06T19:25:54+08:00] 
INSERT INTO `kw_message` (`realname`,`phone`,`province`,`city`,`ip`,`sendtime`) VALUES (3.,13345510006,湖北省,武汉市,114.102.131.248,1520335554) [ SQL RunTime:0.0002s ]
[2018-03-06T19:31:57+08:00] 
SHOW COLUMNS FROM `kw_config` [ SQL RunTime:0.0024s ]
[2018-03-06T19:31:57+08:00] 
SELECT * FROM `kw_config` LIMIT 1   [ SQL RunTime:0.0004s ]
[2018-03-06T19:31:57+08:00] 
SHOW COLUMNS FROM `kw_news_cats` [ SQL RunTime:0.0018s ]
[2018-03-06T19:31:57+08:00] 
SELECT * FROM `kw_news_cats` WHERE `id` = 0 LIMIT 1   [ SQL RunTime:0.0002s ]
[2018-03-06T19:31:57+08:00] 
SELECT * FROM `kw_news_cats` WHERE `id` = 0 LIMIT 1   [ SQL RunTime:0.0002s ]
[2018-03-06T19:31:57+08:00] 
SHOW COLUMNS FROM `kw_news` [ SQL RunTime:0.0018s ]
[2018-03-06T19:31:57+08:00] 
SELECT * FROM `kw_news` WHERE ( pid=0 and ty=0 ) LIMIT 1   [ SQL RunTime:0.0002s ]
[2018-03-06T19:31:57+08:00] 
SHOW COLUMNS FROM `kw_message` [ SQL RunTime:0.0014s ]
[2018-03-06T19:31:57+08:00] 
INSERT INTO `kw_message` (`realname`,`phone`,`province`,`city`,`ip`,`sendtime`) VALUES (2,18298198124,浙江省,杭州市,114.102.131.248,1520335917) [ SQL RunTime:0.0003s ]
[2018-03-06T19:32:00+08:00] 
SHOW COLUMNS FROM `kw_config` [ SQL RunTime:0.0021s ]
[2018-03-06T19:32:00+08:00] 
SELECT * FROM `kw_config` LIMIT 1   [ SQL RunTime:0.0004s ]
[2018-03-06T19:32:00+08:00] 
SHOW COLUMNS FROM `kw_news_cats` [ SQL RunTime:0.0016s ]
[2018-03-06T19:32:00+08:00] 
SELECT * FROM `kw_news_cats` WHERE `id` = 0 LIMIT 1   [ SQL RunTime:0.0002s ]
[2018-03-06T19:32:00+08:00] 
SELECT * FROM `kw_news_cats` WHERE `id` = 0 LIMIT 1   [ SQL RunTime:0.0004s ]
[2018-03-06T19:32:00+08:00] 
SHOW COLUMNS FROM `kw_news` [ SQL RunTime:0.0017s ]
[2018-03-06T19:32:00+08:00] 
SELECT * FROM `kw_news` WHERE ( pid=0 and ty=0 ) LIMIT 1   [ SQL RunTime:0.0002s ]
[2018-03-06T19:32:00+08:00] 
SHOW COLUMNS FROM `kw_message` [ SQL RunTime:0.0012s ]
[2018-03-06T19:32:00+08:00] 
INSERT INTO `kw_message` (`realname`,`phone`,`province`,`city`,`ip`,`sendtime`) VALUES (2,18298198124,浙江省,杭州市,114.102.131.248,1520335920) [ SQL RunTime:0.0003s ]
[2018-03-06T19:32:03+08:00] 
SHOW COLUMNS FROM `kw_config` [ SQL RunTime:0.0022s ]
[2018-03-06T19:32:03+08:00] 
SELECT * FROM `kw_config` LIMIT 1   [ SQL RunTime:0.0003s ]
[2018-03-06T19:32:03+08:00] 
SHOW COLUMNS FROM `kw_news_cats` [ SQL RunTime:0.0017s ]
[2018-03-06T19:32:03+08:00] 
SELECT * FROM `kw_news_cats` WHERE `id` = 0 LIMIT 1   [ SQL RunTime:0.0002s ]
[2018-03-06T19:32:03+08:00] 
SELECT * FROM `kw_news_cats` WHERE `id` = 0 LIMIT 1   [ SQL RunTime:0.0002s ]
[2018-03-06T19:32:03+08:00] 
SHOW COLUMNS FROM `kw_news` [ SQL RunTime:0.0018s ]
[2018-03-06T19:32:03+08:00] 
SELECT * FROM `kw_news` WHERE ( pid=0 and ty=0 ) LIMIT 1   [ SQL RunTime:0.0002s ]
[2018-03-06T19:32:03+08:00] 
SHOW COLUMNS FROM `kw_message` [ SQL RunTime:0.0014s ]
[2018-03-06T19:32:03+08:00] 
INSERT INTO `kw_message` (`realname`,`phone`,`province`,`city`,`ip`,`sendtime`) VALUES (2,18298198124,浙江省,杭州市,114.102.131.248,1520335923) [ SQL RunTime:0.0002s ]
[2018-03-06T19:32:04+08:00] 
SHOW COLUMNS FROM `kw_config` [ SQL RunTime:0.0020s ]
[2018-03-06T19:32:04+08:00] 
SELECT * FROM `kw_config` LIMIT 1   [ SQL RunTime:0.0003s ]
[2018-03-06T19:32:04+08:00] 
SHOW COLUMNS FROM `kw_news_cats` [ SQL RunTime:0.0015s ]
[2018-03-06T19:32:04+08:00] 
SELECT * FROM `kw_news_cats` WHERE `id` = 0 LIMIT 1   [ SQL RunTime:0.0003s ]
[2018-03-06T19:32:04+08:00] 
SELECT * FROM `kw_news_cats` WHERE `id` = 0 LIMIT 1   [ SQL RunTime:0.0003s ]
[2018-03-06T19:32:04+08:00] 
SHOW COLUMNS FROM `kw_news` [ SQL RunTime:0.0016s ]
[2018-03-06T19:32:04+08:00] 
SELECT * FROM `kw_news` WHERE ( pid=0 and ty=0 ) LIMIT 1   [ SQL RunTime:0.0002s ]
[2018-03-06T19:32:04+08:00] 
SHOW COLUMNS FROM `kw_message` [ SQL RunTime:0.0013s ]
[2018-03-06T19:32:04+08:00] 
INSERT INTO `kw_message` (`realname`,`phone`,`province`,`city`,`ip`,`sendtime`) VALUES (2,18298198124,浙江省,杭州市,114.102.131.248,1520335924) [ SQL RunTime:0.0002s ]
[2018-03-06T19:32:05+08:00] 
SHOW COLUMNS FROM `kw_config` [ SQL RunTime:0.0022s ]
[2018-03-06T19:32:05+08:00] 
SELECT * FROM `kw_config` LIMIT 1   [ SQL RunTime:0.0005s ]
[2018-03-06T19:32:05+08:00] 
SHOW COLUMNS FROM `kw_news_cats` [ SQL RunTime:0.0017s ]
[2018-03-06T19:32:05+08:00] 
SELECT * FROM `kw_news_cats` WHERE `id` = 0 LIMIT 1   [ SQL RunTime:0.0002s ]
[2018-03-06T19:32:05+08:00] 
SELECT * FROM `kw_news_cats` WHERE `id` = 0 LIMIT 1   [ SQL RunTime:0.0002s ]
[2018-03-06T19:32:05+08:00] 
SHOW COLUMNS FROM `kw_news` [ SQL RunTime:0.0018s ]
[2018-03-06T19:32:05+08:00] 
SELECT * FROM `kw_news` WHERE ( pid=0 and ty=0 ) LIMIT 1   [ SQL RunTime:0.0002s ]
[2018-03-06T19:32:05+08:00] 
SHOW COLUMNS FROM `kw_message` [ SQL RunTime:0.0015s ]
[2018-03-06T19:32:05+08:00] 
INSERT INTO `kw_message` (`realname`,`phone`,`province`,`city`,`ip`,`sendtime`) VALUES (2,18298198124,浙江省,杭州市,114.102.131.248,1520335925) [ SQL RunTime:0.0002s ]
[2018-03-06T19:32:06+08:00] 
SHOW COLUMNS FROM `kw_config` [ SQL RunTime:0.0024s ]
[2018-03-06T19:32:06+08:00] 
SELECT * FROM `kw_config` LIMIT 1   [ SQL RunTime:0.0003s ]
[2018-03-06T19:32:06+08:00] 
SHOW COLUMNS FROM `kw_news_cats` [ SQL RunTime:0.0016s ]
[2018-03-06T19:32:06+08:00] 
SELECT * FROM `kw_news_cats` WHERE `id` = 0 LIMIT 1   [ SQL RunTime:0.0002s ]
[2018-03-06T19:32:06+08:00] 
SELECT * FROM `kw_news_cats` WHERE `id` = 0 LIMIT 1   [ SQL RunTime:0.0002s ]
[2018-03-06T19:32:06+08:00] 
SHOW COLUMNS FROM `kw_news` [ SQL RunTime:0.0019s ]
[2018-03-06T19:32:06+08:00] 
SELECT * FROM `kw_news` WHERE ( pid=0 and ty=0 ) LIMIT 1   [ SQL RunTime:0.0002s ]
[2018-03-06T19:32:06+08:00] 
SHOW COLUMNS FROM `kw_message` [ SQL RunTime:0.0013s ]
[2018-03-06T19:32:06+08:00] 
INSERT INTO `kw_message` (`realname`,`phone`,`province`,`city`,`ip`,`sendtime`) VALUES (2,18298198124,浙江省,杭州市,114.102.131.248,1520335926) [ SQL RunTime:0.0002s ]
[2018-03-06T19:32:07+08:00] 
SHOW COLUMNS FROM `kw_config` [ SQL RunTime:0.0022s ]
[2018-03-06T19:32:07+08:00] 
SELECT * FROM `kw_config` LIMIT 1   [ SQL RunTime:0.0003s ]
[2018-03-06T19:32:07+08:00] 
SHOW COLUMNS FROM `kw_news_cats` [ SQL RunTime:0.0018s ]
[2018-03-06T19:32:07+08:00] 
SELECT * FROM `kw_news_cats` WHERE `id` = 0 LIMIT 1   [ SQL RunTime:0.0002s ]
[2018-03-06T19:32:07+08:00] 
SELECT * FROM `kw_news_cats` WHERE `id` = 0 LIMIT 1   [ SQL RunTime:0.0002s ]
[2018-03-06T19:32:07+08:00] 
SHOW COLUMNS FROM `kw_news` [ SQL RunTime:0.0021s ]
[2018-03-06T19:32:07+08:00] 
SELECT * FROM `kw_news` WHERE ( pid=0 and ty=0 ) LIMIT 1   [ SQL RunTime:0.0002s ]
[2018-03-06T19:32:07+08:00] 
SHOW COLUMNS FROM `kw_message` [ SQL RunTime:0.0017s ]
[2018-03-06T19:32:07+08:00] 
INSERT INTO `kw_message` (`realname`,`phone`,`province`,`city`,`ip`,`sendtime`) VALUES (2,18298198124,浙江省,杭州市,114.102.131.248,1520335927) [ SQL RunTime:0.0002s ]
[2018-03-06T19:32:09+08:00] 
SHOW COLUMNS FROM `kw_config` [ SQL RunTime:0.0021s ]
[2018-03-06T19:32:09+08:00] 
SELECT * FROM `kw_config` LIMIT 1   [ SQL RunTime:0.0004s ]
[2018-03-06T19:32:09+08:00] 
SHOW COLUMNS FROM `kw_news_cats` [ SQL RunTime:0.0021s ]
[2018-03-06T19:32:09+08:00] 
SELECT * FROM `kw_news_cats` WHERE `id` = 0 LIMIT 1   [ SQL RunTime:0.0004s ]
[2018-03-06T19:32:09+08:00] 
SELECT * FROM `kw_news_cats` WHERE `id` = 0 LIMIT 1   [ SQL RunTime:0.0002s ]
[2018-03-06T19:32:09+08:00] 
SHOW COLUMNS FROM `kw_news` [ SQL RunTime:0.0020s ]
[2018-03-06T19:32:09+08:00] 
SELECT * FROM `kw_news` WHERE ( pid=0 and ty=0 ) LIMIT 1   [ SQL RunTime:0.0002s ]
[2018-03-06T19:32:09+08:00] 
SHOW COLUMNS FROM `kw_message` [ SQL RunTime:0.0015s ]
[2018-03-06T19:32:09+08:00] 
INSERT INTO `kw_message` (`realname`,`phone`,`province`,`city`,`ip`,`sendtime`) VALUES (2,18298198124,浙江省,杭州市,114.102.131.248,1520335929) [ SQL RunTime:0.0002s ]
[2018-03-06T19:32:10+08:00] 
SHOW COLUMNS FROM `kw_config` [ SQL RunTime:0.0021s ]
[2018-03-06T19:32:10+08:00] 
SELECT * FROM `kw_config` LIMIT 1   [ SQL RunTime:0.0003s ]
[2018-03-06T19:32:10+08:00] 
SHOW COLUMNS FROM `kw_news_cats` [ SQL RunTime:0.0015s ]
[2018-03-06T19:32:10+08:00] 
SELECT * FROM `kw_news_cats` WHERE `id` = 0 LIMIT 1   [ SQL RunTime:0.0002s ]
[2018-03-06T19:32:10+08:00] 
SELECT * FROM `kw_news_cats` WHERE `id` = 0 LIMIT 1   [ SQL RunTime:0.0002s ]
[2018-03-06T19:32:10+08:00] 
SHOW COLUMNS FROM `kw_news` [ SQL RunTime:0.0016s ]
[2018-03-06T19:32:10+08:00] 
SELECT * FROM `kw_news` WHERE ( pid=0 and ty=0 ) LIMIT 1   [ SQL RunTime:0.0002s ]
[2018-03-06T19:32:10+08:00] 
SHOW COLUMNS FROM `kw_message` [ SQL RunTime:0.0012s ]
[2018-03-06T19:32:10+08:00] 
INSERT INTO `kw_message` (`realname`,`phone`,`province`,`city`,`ip`,`sendtime`) VALUES (2,18298198124,浙江省,杭州市,114.102.131.248,1520335930) [ SQL RunTime:0.0002s ]
[2018-03-06T19:32:11+08:00] 
SHOW COLUMNS FROM `kw_config` [ SQL RunTime:0.0021s ]
[2018-03-06T19:32:11+08:00] 
SELECT * FROM `kw_config` LIMIT 1   [ SQL RunTime:0.0003s ]
[2018-03-06T19:32:11+08:00] 
SHOW COLUMNS FROM `kw_news_cats` [ SQL RunTime:0.0016s ]
[2018-03-06T19:32:11+08:00] 
SELECT * FROM `kw_news_cats` WHERE `id` = 0 LIMIT 1   [ SQL RunTime:0.0002s ]
[2018-03-06T19:32:11+08:00] 
SELECT * FROM `kw_news_cats` WHERE `id` = 0 LIMIT 1   [ SQL RunTime:0.0002s ]
[2018-03-06T19:32:11+08:00] 
SHOW COLUMNS FROM `kw_news` [ SQL RunTime:0.0016s ]
[2018-03-06T19:32:11+08:00] 
SELECT * FROM `kw_news` WHERE ( pid=0 and ty=0 ) LIMIT 1   [ SQL RunTime:0.0002s ]
[2018-03-06T19:32:11+08:00] 
SHOW COLUMNS FROM `kw_message` [ SQL RunTime:0.0012s ]
[2018-03-06T19:32:11+08:00] 
INSERT INTO `kw_message` (`realname`,`phone`,`province`,`city`,`ip`,`sendtime`) VALUES (2,18298198124,浙江省,杭州市,114.102.131.248,1520335931) [ SQL RunTime:0.0002s ]
[2018-03-06T19:32:44+08:00] 
SHOW COLUMNS FROM `kw_config` [ SQL RunTime:0.0024s ]
[2018-03-06T19:32:44+08:00] 
SELECT * FROM `kw_config` LIMIT 1   [ SQL RunTime:0.0005s ]
[2018-03-06T19:32:44+08:00] 
SHOW COLUMNS FROM `kw_news_cats` [ SQL RunTime:0.0015s ]
[2018-03-06T19:32:44+08:00] 
SELECT * FROM `kw_news_cats` WHERE `id` = 0 LIMIT 1   [ SQL RunTime:0.0002s ]
[2018-03-06T19:32:44+08:00] 
SELECT * FROM `kw_news_cats` WHERE `id` = 0 LIMIT 1   [ SQL RunTime:0.0002s ]
[2018-03-06T19:32:44+08:00] 
SHOW COLUMNS FROM `kw_news` [ SQL RunTime:0.0016s ]
[2018-03-06T19:32:44+08:00] 
SELECT * FROM `kw_news` WHERE ( pid=0 and ty=0 ) LIMIT 1   [ SQL RunTime:0.0002s ]
[2018-03-06T19:32:44+08:00] 
SHOW COLUMNS FROM `kw_message` [ SQL RunTime:0.0013s ]
[2018-03-06T19:32:44+08:00] 
INSERT INTO `kw_message` (`realname`,`phone`,`province`,`city`,`ip`,`sendtime`) VALUES (r,18298198124,黑龙江省,哈尔滨市,114.102.131.248,1520335964) [ SQL RunTime:0.0002s ]
[2018-03-06T19:40:11+08:00] 
SHOW COLUMNS FROM `kw_config` [ SQL RunTime:0.0020s ]
[2018-03-06T19:40:11+08:00] 
SELECT * FROM `kw_config` LIMIT 1   [ SQL RunTime:0.0003s ]
[2018-03-06T19:40:11+08:00] 
SHOW COLUMNS FROM `kw_news_cats` [ SQL RunTime:0.0017s ]
[2018-03-06T19:40:11+08:00] 
SELECT * FROM `kw_news_cats` WHERE `id` = 0 LIMIT 1   [ SQL RunTime:0.0002s ]
[2018-03-06T19:40:11+08:00] 
SELECT * FROM `kw_news_cats` WHERE `id` = 0 LIMIT 1   [ SQL RunTime:0.0003s ]
[2018-03-06T19:40:11+08:00] 
SHOW COLUMNS FROM `kw_news` [ SQL RunTime:0.0017s ]
[2018-03-06T19:40:11+08:00] 
SELECT * FROM `kw_news` WHERE ( pid=0 and ty=0 ) LIMIT 1   [ SQL RunTime:0.0002s ]
[2018-03-06T19:40:11+08:00] 
SHOW COLUMNS FROM `kw_message` [ SQL RunTime:0.0013s ]
[2018-03-06T19:40:11+08:00] 
INSERT INTO `kw_message` (`realname`,`phone`,`province`,`city`,`ip`,`sendtime`) VALUES (1,13345510006,江苏省,南京市,114.102.131.248,1520336411) [ SQL RunTime:0.0002s ]
[2018-03-06T19:40:12+08:00] 
SHOW COLUMNS FROM `kw_config` [ SQL RunTime:0.0021s ]
[2018-03-06T19:40:12+08:00] 
SELECT * FROM `kw_config` LIMIT 1   [ SQL RunTime:0.0003s ]
[2018-03-06T19:40:12+08:00] 
SHOW COLUMNS FROM `kw_news_cats` [ SQL RunTime:0.0016s ]
[2018-03-06T19:40:12+08:00] 
SELECT * FROM `kw_news_cats` WHERE `id` = 0 LIMIT 1   [ SQL RunTime:0.0002s ]
[2018-03-06T19:40:12+08:00] 
SELECT * FROM `kw_news_cats` WHERE `id` = 0 LIMIT 1   [ SQL RunTime:0.0002s ]
[2018-03-06T19:40:12+08:00] 
SHOW COLUMNS FROM `kw_news` [ SQL RunTime:0.0018s ]
[2018-03-06T19:40:12+08:00] 
SELECT * FROM `kw_news` WHERE ( pid=0 and ty=0 ) LIMIT 1   [ SQL RunTime:0.0002s ]
[2018-03-06T19:40:12+08:00] 
SHOW COLUMNS FROM `kw_message` [ SQL RunTime:0.0013s ]
[2018-03-06T19:40:12+08:00] 
INSERT INTO `kw_message` (`realname`,`phone`,`province`,`city`,`ip`,`sendtime`) VALUES (1,13345510006,江苏省,南京市,114.102.131.248,1520336412) [ SQL RunTime:0.0002s ]
[2018-03-06T19:45:43+08:00] 
SHOW COLUMNS FROM `kw_config` [ SQL RunTime:0.0021s ]
[2018-03-06T19:45:43+08:00] 
SELECT * FROM `kw_config` LIMIT 1   [ SQL RunTime:0.0003s ]
[2018-03-06T19:45:43+08:00] 
SHOW COLUMNS FROM `kw_news_cats` [ SQL RunTime:0.0016s ]
[2018-03-06T19:45:43+08:00] 
SELECT * FROM `kw_news_cats` WHERE `id` = 0 LIMIT 1   [ SQL RunTime:0.0002s ]
[2018-03-06T19:45:43+08:00] 
SELECT * FROM `kw_news_cats` WHERE `id` = 0 LIMIT 1   [ SQL RunTime:0.0004s ]
[2018-03-06T19:45:43+08:00] 
SHOW COLUMNS FROM `kw_news` [ SQL RunTime:0.0017s ]
[2018-03-06T19:45:43+08:00] 
SELECT * FROM `kw_news` WHERE ( pid=0 and ty=0 ) LIMIT 1   [ SQL RunTime:0.0002s ]
[2018-03-06T19:45:43+08:00] 
SHOW COLUMNS FROM `kw_message` [ SQL RunTime:0.0013s ]
[2018-03-06T19:45:43+08:00] 
INSERT INTO `kw_message` (`realname`,`phone`,`province`,`city`,`ip`,`sendtime`) VALUES (4,18298198124,江苏省,南京市,114.102.131.248,1520336743) [ SQL RunTime:0.0003s ]
[2018-03-06T19:47:00+08:00] 
SHOW COLUMNS FROM `kw_config` [ SQL RunTime:0.0020s ]
[2018-03-06T19:47:00+08:00] 
SELECT * FROM `kw_config` LIMIT 1   [ SQL RunTime:0.0003s ]
[2018-03-06T19:47:00+08:00] 
SHOW COLUMNS FROM `kw_news_cats` [ SQL RunTime:0.0014s ]
[2018-03-06T19:47:00+08:00] 
SELECT * FROM `kw_news_cats` WHERE `id` = 0 LIMIT 1   [ SQL RunTime:0.0002s ]
[2018-03-06T19:47:00+08:00] 
SELECT * FROM `kw_news_cats` WHERE `id` = 0 LIMIT 1   [ SQL RunTime:0.0002s ]
[2018-03-06T19:47:00+08:00] 
SHOW COLUMNS FROM `kw_news` [ SQL RunTime:0.0016s ]
[2018-03-06T19:47:00+08:00] 
SELECT * FROM `kw_news` WHERE ( pid=0 and ty=0 ) LIMIT 1   [ SQL RunTime:0.0002s ]
[2018-03-06T19:47:00+08:00] 
SHOW COLUMNS FROM `kw_message` [ SQL RunTime:0.0011s ]
[2018-03-06T19:47:00+08:00] 
INSERT INTO `kw_message` (`realname`,`phone`,`province`,`city`,`ip`,`sendtime`) VALUES (7点,18654646754,河北省,石家庄市,101.226.225.86,1520336820) [ SQL RunTime:0.0002s ]
[2018-03-06T19:47:17+08:00] 
SHOW COLUMNS FROM `kw_config` [ SQL RunTime:0.0021s ]
[2018-03-06T19:47:17+08:00] 
SELECT * FROM `kw_config` LIMIT 1   [ SQL RunTime:0.0003s ]
[2018-03-06T19:47:17+08:00] 
SHOW COLUMNS FROM `kw_news_cats` [ SQL RunTime:0.0019s ]
[2018-03-06T19:47:17+08:00] 
SELECT * FROM `kw_news_cats` WHERE `id` = 0 LIMIT 1   [ SQL RunTime:0.0003s ]
[2018-03-06T19:47:17+08:00] 
SELECT * FROM `kw_news_cats` WHERE `id` = 0 LIMIT 1   [ SQL RunTime:0.0002s ]
[2018-03-06T19:47:17+08:00] 
SHOW COLUMNS FROM `kw_news` [ SQL RunTime:0.0018s ]
[2018-03-06T19:47:17+08:00] 
SELECT * FROM `kw_news` WHERE ( pid=0 and ty=0 ) LIMIT 1   [ SQL RunTime:0.0002s ]
[2018-03-06T19:47:17+08:00] 
SHOW COLUMNS FROM `kw_message` [ SQL RunTime:0.0012s ]
[2018-03-06T19:47:17+08:00] 
INSERT INTO `kw_message` (`realname`,`phone`,`province`,`city`,`ip`,`sendtime`) VALUES (别,18226920316,北京市,市辖区,101.90.125.177,1520336837) [ SQL RunTime:0.0002s ]
[2018-03-06T19:50:09+08:00] 
SHOW COLUMNS FROM `kw_config` [ SQL RunTime:0.0022s ]
[2018-03-06T19:50:09+08:00] 
SELECT * FROM `kw_config` LIMIT 1   [ SQL RunTime:0.0004s ]
[2018-03-06T19:50:09+08:00] 
SHOW COLUMNS FROM `kw_news_cats` [ SQL RunTime:0.0023s ]
[2018-03-06T19:50:09+08:00] 
SELECT * FROM `kw_news_cats` WHERE `id` = 0 LIMIT 1   [ SQL RunTime:0.0002s ]
[2018-03-06T19:50:09+08:00] 
SELECT * FROM `kw_news_cats` WHERE `id` = 0 LIMIT 1   [ SQL RunTime:0.0002s ]
[2018-03-06T19:50:09+08:00] 
SHOW COLUMNS FROM `kw_news` [ SQL RunTime:0.0018s ]
[2018-03-06T19:50:09+08:00] 
SELECT * FROM `kw_news` WHERE ( pid=0 and ty=0 ) LIMIT 1   [ SQL RunTime:0.0002s ]
[2018-03-06T19:50:09+08:00] 
SHOW COLUMNS FROM `kw_message` [ SQL RunTime:0.0013s ]
[2018-03-06T19:50:09+08:00] 
INSERT INTO `kw_message` (`realname`,`phone`,`province`,`city`,`ip`,`sendtime`) VALUES (个,18575755555,河北省,石家庄市,101.226.225.86,1520337009) [ SQL RunTime:0.0002s ]
[2018-03-06T19:50:24+08:00] 
SHOW COLUMNS FROM `kw_config` [ SQL RunTime:0.0022s ]
[2018-03-06T19:50:24+08:00] 
SELECT * FROM `kw_config` LIMIT 1   [ SQL RunTime:0.0003s ]
[2018-03-06T19:50:24+08:00] 
SHOW COLUMNS FROM `kw_news_cats` [ SQL RunTime:0.0015s ]
[2018-03-06T19:50:24+08:00] 
SELECT * FROM `kw_news_cats` WHERE `id` = 0 LIMIT 1   [ SQL RunTime:0.0002s ]
[2018-03-06T19:50:24+08:00] 
SELECT * FROM `kw_news_cats` WHERE `id` = 0 LIMIT 1   [ SQL RunTime:0.0002s ]
[2018-03-06T19:50:24+08:00] 
SHOW COLUMNS FROM `kw_news` [ SQL RunTime:0.0016s ]
[2018-03-06T19:50:24+08:00] 
SELECT * FROM `kw_news` WHERE ( pid=0 and ty=0 ) LIMIT 1   [ SQL RunTime:0.0003s ]
[2018-03-06T19:50:24+08:00] 
SHOW COLUMNS FROM `kw_message` [ SQL RunTime:0.0017s ]
[2018-03-06T19:50:24+08:00] 
INSERT INTO `kw_message` (`realname`,`phone`,`province`,`city`,`ip`,`sendtime`) VALUES (Y,18298198124,吉林省,长春市,114.102.131.248,1520337024) [ SQL RunTime:0.0003s ]
[2018-03-06T19:50:43+08:00] 
SHOW COLUMNS FROM `kw_config` [ SQL RunTime:0.0021s ]
[2018-03-06T19:50:43+08:00] 
SELECT * FROM `kw_config` LIMIT 1   [ SQL RunTime:0.0003s ]
[2018-03-06T19:50:43+08:00] 
SHOW COLUMNS FROM `kw_news_cats` [ SQL RunTime:0.0017s ]
[2018-03-06T19:50:43+08:00] 
SELECT * FROM `kw_news_cats` WHERE `id` = 0 LIMIT 1   [ SQL RunTime:0.0002s ]
[2018-03-06T19:50:43+08:00] 
SELECT * FROM `kw_news_cats` WHERE `id` = 0 LIMIT 1   [ SQL RunTime:0.0003s ]
[2018-03-06T19:50:43+08:00] 
SHOW COLUMNS FROM `kw_news` [ SQL RunTime:0.0016s ]
[2018-03-06T19:50:43+08:00] 
SELECT * FROM `kw_news` WHERE ( pid=0 and ty=0 ) LIMIT 1   [ SQL RunTime:0.0002s ]
[2018-03-06T19:50:43+08:00] 
SHOW COLUMNS FROM `kw_message` [ SQL RunTime:0.0014s ]
[2018-03-06T19:50:43+08:00] 
INSERT INTO `kw_message` (`realname`,`phone`,`province`,`city`,`ip`,`sendtime`) VALUES (1,13345510006,黑龙江省,哈尔滨市,114.102.131.248,1520337043) [ SQL RunTime:0.0003s ]
[2018-03-06T19:53:12+08:00] 
SHOW COLUMNS FROM `kw_config` [ SQL RunTime:0.0028s ]
[2018-03-06T19:53:12+08:00] 
SELECT * FROM `kw_config` LIMIT 1   [ SQL RunTime:0.0004s ]
[2018-03-06T19:53:12+08:00] 
SHOW COLUMNS FROM `kw_news_cats` [ SQL RunTime:0.0020s ]
[2018-03-06T19:53:12+08:00] 
SELECT * FROM `kw_news_cats` WHERE `id` = 0 LIMIT 1   [ SQL RunTime:0.0002s ]
[2018-03-06T19:53:12+08:00] 
SELECT * FROM `kw_news_cats` WHERE `id` = 0 LIMIT 1   [ SQL RunTime:0.0002s ]
[2018-03-06T19:53:12+08:00] 
SHOW COLUMNS FROM `kw_news` [ SQL RunTime:0.0018s ]
[2018-03-06T19:53:12+08:00] 
SELECT * FROM `kw_news` WHERE ( pid=0 and ty=0 ) LIMIT 1   [ SQL RunTime:0.0003s ]
[2018-03-06T19:53:12+08:00] 
SHOW COLUMNS FROM `kw_message` [ SQL RunTime:0.0014s ]
[2018-03-06T19:53:12+08:00] 
INSERT INTO `kw_message` (`realname`,`phone`,`province`,`city`,`ip`,`sendtime`) VALUES (5,18298198124,江苏省,南京市,114.102.131.248,1520337192) [ SQL RunTime:0.0002s ]
[2018-03-06T19:53:47+08:00] 
SHOW COLUMNS FROM `kw_config` [ SQL RunTime:0.0024s ]
[2018-03-06T19:53:47+08:00] 
SELECT * FROM `kw_config` LIMIT 1   [ SQL RunTime:0.0003s ]
[2018-03-06T19:53:47+08:00] 
SHOW COLUMNS FROM `kw_news_cats` [ SQL RunTime:0.0020s ]
[2018-03-06T19:53:47+08:00] 
SELECT * FROM `kw_news_cats` WHERE `id` = 0 LIMIT 1   [ SQL RunTime:0.0003s ]
[2018-03-06T19:53:47+08:00] 
SELECT * FROM `kw_news_cats` WHERE `id` = 0 LIMIT 1   [ SQL RunTime:0.0003s ]
[2018-03-06T19:53:47+08:00] 
SHOW COLUMNS FROM `kw_news` [ SQL RunTime:0.0018s ]
[2018-03-06T19:53:47+08:00] 
SELECT * FROM `kw_news` WHERE ( pid=0 and ty=0 ) LIMIT 1   [ SQL RunTime:0.0002s ]
[2018-03-06T19:53:47+08:00] 
SHOW COLUMNS FROM `kw_message` [ SQL RunTime:0.0015s ]
[2018-03-06T19:53:47+08:00] 
INSERT INTO `kw_message` (`realname`,`phone`,`province`,`city`,`ip`,`sendtime`) VALUES (5,18298198124,天津市,市辖区,114.102.131.248,1520337227) [ SQL RunTime:0.0003s ]
[2018-03-06T19:57:31+08:00] 
SHOW COLUMNS FROM `kw_config` [ SQL RunTime:0.0029s ]
[2018-03-06T19:57:31+08:00] 
SELECT * FROM `kw_config` LIMIT 1   [ SQL RunTime:0.0004s ]
[2018-03-06T19:57:31+08:00] 
SHOW COLUMNS FROM `kw_news_cats` [ SQL RunTime:0.0017s ]
[2018-03-06T19:57:31+08:00] 
SELECT * FROM `kw_news_cats` WHERE `id` = 0 LIMIT 1   [ SQL RunTime:0.0003s ]
[2018-03-06T19:57:31+08:00] 
SELECT * FROM `kw_news_cats` WHERE `id` = 0 LIMIT 1   [ SQL RunTime:0.0002s ]
[2018-03-06T19:57:31+08:00] 
SHOW COLUMNS FROM `kw_news` [ SQL RunTime:0.0018s ]
[2018-03-06T19:57:31+08:00] 
SELECT * FROM `kw_news` WHERE ( pid=0 and ty=0 ) LIMIT 1   [ SQL RunTime:0.0002s ]
[2018-03-06T19:57:31+08:00] 
SHOW COLUMNS FROM `kw_message` [ SQL RunTime:0.0013s ]
[2018-03-06T19:57:31+08:00] 
INSERT INTO `kw_message` (`realname`,`phone`,`province`,`city`,`ip`,`sendtime`) VALUES (y,18298198124,安徽省,合肥市,114.102.131.248,1520337451) [ SQL RunTime:0.0002s ]
[2018-03-06T20:06:23+08:00] 
SHOW COLUMNS FROM `kw_config` [ SQL RunTime:0.0027s ]
[2018-03-06T20:06:23+08:00] 
SELECT * FROM `kw_config` LIMIT 1   [ SQL RunTime:0.0004s ]
[2018-03-06T20:06:23+08:00] 
SHOW COLUMNS FROM `kw_news_cats` [ SQL RunTime:0.0022s ]
[2018-03-06T20:06:23+08:00] 
SELECT * FROM `kw_news_cats` WHERE `id` = 0 LIMIT 1   [ SQL RunTime:0.0002s ]
[2018-03-06T20:06:23+08:00] 
SELECT * FROM `kw_news_cats` WHERE `id` = 0 LIMIT 1   [ SQL RunTime:0.0002s ]
[2018-03-06T20:06:23+08:00] 
SHOW COLUMNS FROM `kw_news` [ SQL RunTime:0.0020s ]
[2018-03-06T20:06:23+08:00] 
SELECT * FROM `kw_news` WHERE ( pid=0 and ty=0 ) LIMIT 1   [ SQL RunTime:0.0002s ]
[2018-03-06T20:06:23+08:00] 
SHOW COLUMNS FROM `kw_message` [ SQL RunTime:0.0016s ]
[2018-03-06T20:06:23+08:00] 
INSERT INTO `kw_message` (`realname`,`phone`,`province`,`city`,`ip`,`sendtime`) VALUES (2,18356565555,河北省,石家庄市,101.226.225.86,1520337983) [ SQL RunTime:0.0004s ]
[2018-03-06T20:07:29+08:00] 
SHOW COLUMNS FROM `kw_config` [ SQL RunTime:0.0022s ]
[2018-03-06T20:07:29+08:00] 
SELECT * FROM `kw_config` LIMIT 1   [ SQL RunTime:0.0003s ]
[2018-03-06T20:07:29+08:00] 
SHOW COLUMNS FROM `kw_news_cats` [ SQL RunTime:0.0016s ]
[2018-03-06T20:07:29+08:00] 
SELECT * FROM `kw_news_cats` WHERE `id` = 0 LIMIT 1   [ SQL RunTime:0.0003s ]
[2018-03-06T20:07:29+08:00] 
SELECT * FROM `kw_news_cats` WHERE `id` = 0 LIMIT 1   [ SQL RunTime:0.0002s ]
[2018-03-06T20:07:29+08:00] 
SHOW COLUMNS FROM `kw_news` [ SQL RunTime:0.0018s ]
[2018-03-06T20:07:29+08:00] 
SELECT * FROM `kw_news` WHERE ( pid=0 and ty=0 ) LIMIT 1   [ SQL RunTime:0.0002s ]
[2018-03-06T20:07:29+08:00] 
SHOW COLUMNS FROM `kw_message` [ SQL RunTime:0.0013s ]
[2018-03-06T20:07:29+08:00] 
INSERT INTO `kw_message` (`realname`,`phone`,`province`,`city`,`ip`,`sendtime`) VALUES (刁民,13345510006,天津市,市辖区,61.129.8.203,1520338049) [ SQL RunTime:0.0003s ]
[2018-03-06T20:13:34+08:00] 
SHOW COLUMNS FROM `kw_config` [ SQL RunTime:0.0022s ]
[2018-03-06T20:13:34+08:00] 
SELECT * FROM `kw_config` LIMIT 1   [ SQL RunTime:0.0003s ]
[2018-03-06T20:13:34+08:00] 
SHOW COLUMNS FROM `kw_news_cats` [ SQL RunTime:0.0017s ]
[2018-03-06T20:13:34+08:00] 
SELECT * FROM `kw_news_cats` WHERE `id` = 0 LIMIT 1   [ SQL RunTime:0.0002s ]
[2018-03-06T20:13:34+08:00] 
SELECT * FROM `kw_news_cats` WHERE `id` = 0 LIMIT 1   [ SQL RunTime:0.0002s ]
[2018-03-06T20:13:34+08:00] 
SHOW COLUMNS FROM `kw_news` [ SQL RunTime:0.0017s ]
[2018-03-06T20:13:34+08:00] 
SELECT * FROM `kw_news` WHERE ( pid=0 and ty=0 ) LIMIT 1   [ SQL RunTime:0.0002s ]
[2018-03-06T20:13:34+08:00] 
SHOW COLUMNS FROM `kw_message` [ SQL RunTime:0.0013s ]
[2018-03-06T20:13:34+08:00] 
INSERT INTO `kw_message` (`realname`,`phone`,`province`,`city`,`ip`,`sendtime`) VALUES (与,13345510006,天津市,市辖区,61.129.8.203,1520338414) [ SQL RunTime:0.0002s ]
[2018-03-06T20:13:36+08:00] 
SHOW COLUMNS FROM `kw_config` [ SQL RunTime:0.0025s ]
[2018-03-06T20:13:36+08:00] 
SELECT * FROM `kw_config` LIMIT 1   [ SQL RunTime:0.0005s ]
[2018-03-06T20:13:36+08:00] 
SHOW COLUMNS FROM `kw_news_cats` [ SQL RunTime:0.0018s ]
[2018-03-06T20:13:36+08:00] 
SELECT * FROM `kw_news_cats` WHERE `id` = 0 LIMIT 1   [ SQL RunTime:0.0003s ]
[2018-03-06T20:13:36+08:00] 
SELECT * FROM `kw_news_cats` WHERE `id` = 0 LIMIT 1   [ SQL RunTime:0.0003s ]
[2018-03-06T20:13:36+08:00] 
SHOW COLUMNS FROM `kw_news` [ SQL RunTime:0.0019s ]
[2018-03-06T20:13:36+08:00] 
SELECT * FROM `kw_news` WHERE ( pid=0 and ty=0 ) LIMIT 1   [ SQL RunTime:0.0003s ]
[2018-03-06T20:13:36+08:00] 
SHOW COLUMNS FROM `kw_message` [ SQL RunTime:0.0014s ]
[2018-03-06T20:13:36+08:00] 
INSERT INTO `kw_message` (`realname`,`phone`,`province`,`city`,`ip`,`sendtime`) VALUES (与,13345510006,天津市,市辖区,61.129.8.203,1520338416) [ SQL RunTime:0.0004s ]
[2018-03-06T20:13:37+08:00] 
SHOW COLUMNS FROM `kw_config` [ SQL RunTime:0.0022s ]
[2018-03-06T20:13:37+08:00] 
SELECT * FROM `kw_config` LIMIT 1   [ SQL RunTime:0.0003s ]
[2018-03-06T20:13:37+08:00] 
SHOW COLUMNS FROM `kw_news_cats` [ SQL RunTime:0.0016s ]
[2018-03-06T20:13:37+08:00] 
SELECT * FROM `kw_news_cats` WHERE `id` = 0 LIMIT 1   [ SQL RunTime:0.0002s ]
[2018-03-06T20:13:37+08:00] 
SELECT * FROM `kw_news_cats` WHERE `id` = 0 LIMIT 1   [ SQL RunTime:0.0002s ]
[2018-03-06T20:13:37+08:00] 
SHOW COLUMNS FROM `kw_news` [ SQL RunTime:0.0018s ]
[2018-03-06T20:13:37+08:00] 
SELECT * FROM `kw_news` WHERE ( pid=0 and ty=0 ) LIMIT 1   [ SQL RunTime:0.0002s ]
[2018-03-06T20:13:37+08:00] 
SHOW COLUMNS FROM `kw_message` [ SQL RunTime:0.0014s ]
[2018-03-06T20:13:37+08:00] 
INSERT INTO `kw_message` (`realname`,`phone`,`province`,`city`,`ip`,`sendtime`) VALUES (与,13345510006,天津市,市辖区,61.129.8.203,1520338417) [ SQL RunTime:0.0003s ]
[2018-03-06T20:13:38+08:00] 
SHOW COLUMNS FROM `kw_config` [ SQL RunTime:0.0023s ]
[2018-03-06T20:13:38+08:00] 
SELECT * FROM `kw_config` LIMIT 1   [ SQL RunTime:0.0004s ]
[2018-03-06T20:13:38+08:00] 
SHOW COLUMNS FROM `kw_news_cats` [ SQL RunTime:0.0017s ]
[2018-03-06T20:13:38+08:00] 
SELECT * FROM `kw_news_cats` WHERE `id` = 0 LIMIT 1   [ SQL RunTime:0.0002s ]
[2018-03-06T20:13:38+08:00] 
SELECT * FROM `kw_news_cats` WHERE `id` = 0 LIMIT 1   [ SQL RunTime:0.0003s ]
[2018-03-06T20:13:38+08:00] 
SHOW COLUMNS FROM `kw_news` [ SQL RunTime:0.0019s ]
[2018-03-06T20:13:38+08:00] 
SELECT * FROM `kw_news` WHERE ( pid=0 and ty=0 ) LIMIT 1   [ SQL RunTime:0.0002s ]
[2018-03-06T20:13:38+08:00] 
SHOW COLUMNS FROM `kw_message` [ SQL RunTime:0.0018s ]
[2018-03-06T20:13:38+08:00] 
INSERT INTO `kw_message` (`realname`,`phone`,`province`,`city`,`ip`,`sendtime`) VALUES (与,13345510006,天津市,市辖区,61.129.8.203,1520338418) [ SQL RunTime:0.0003s ]
[2018-03-06T20:13:39+08:00] 
SHOW COLUMNS FROM `kw_config` [ SQL RunTime:0.0022s ]
[2018-03-06T20:13:39+08:00] 
SELECT * FROM `kw_config` LIMIT 1   [ SQL RunTime:0.0003s ]
[2018-03-06T20:13:39+08:00] 
SHOW COLUMNS FROM `kw_news_cats` [ SQL RunTime:0.0016s ]
[2018-03-06T20:13:39+08:00] 
SELECT * FROM `kw_news_cats` WHERE `id` = 0 LIMIT 1   [ SQL RunTime:0.0002s ]
[2018-03-06T20:13:39+08:00] 
SELECT * FROM `kw_news_cats` WHERE `id` = 0 LIMIT 1   [ SQL RunTime:0.0002s ]
[2018-03-06T20:13:39+08:00] 
SHOW COLUMNS FROM `kw_news` [ SQL RunTime:0.0017s ]
[2018-03-06T20:13:39+08:00] 
SELECT * FROM `kw_news` WHERE ( pid=0 and ty=0 ) LIMIT 1   [ SQL RunTime:0.0002s ]
[2018-03-06T20:13:39+08:00] 
SHOW COLUMNS FROM `kw_message` [ SQL RunTime:0.0013s ]
[2018-03-06T20:13:39+08:00] 
INSERT INTO `kw_message` (`realname`,`phone`,`province`,`city`,`ip`,`sendtime`) VALUES (与,13345510006,天津市,市辖区,61.129.8.203,1520338419) [ SQL RunTime:0.0002s ]
[2018-03-06T20:13:40+08:00] 
SHOW COLUMNS FROM `kw_config` [ SQL RunTime:0.0022s ]
[2018-03-06T20:13:40+08:00] 
SELECT * FROM `kw_config` LIMIT 1   [ SQL RunTime:0.0003s ]
[2018-03-06T20:13:40+08:00] 
SHOW COLUMNS FROM `kw_news_cats` [ SQL RunTime:0.0018s ]
[2018-03-06T20:13:40+08:00] 
SELECT * FROM `kw_news_cats` WHERE `id` = 0 LIMIT 1   [ SQL RunTime:0.0002s ]
[2018-03-06T20:13:40+08:00] 
SELECT * FROM `kw_news_cats` WHERE `id` = 0 LIMIT 1   [ SQL RunTime:0.0002s ]
[2018-03-06T20:13:40+08:00] 
SHOW COLUMNS FROM `kw_news` [ SQL RunTime:0.0017s ]
[2018-03-06T20:13:40+08:00] 
SELECT * FROM `kw_news` WHERE ( pid=0 and ty=0 ) LIMIT 1   [ SQL RunTime:0.0002s ]
[2018-03-06T20:13:40+08:00] 
SHOW COLUMNS FROM `kw_message` [ SQL RunTime:0.0014s ]
[2018-03-06T20:13:40+08:00] 
INSERT INTO `kw_message` (`realname`,`phone`,`province`,`city`,`ip`,`sendtime`) VALUES (与,13345510006,天津市,市辖区,61.129.8.203,1520338420) [ SQL RunTime:0.0002s ]
[2018-03-06T20:14:50+08:00] 
SHOW COLUMNS FROM `kw_config` [ SQL RunTime:0.0026s ]
[2018-03-06T20:14:50+08:00] 
SELECT * FROM `kw_config` LIMIT 1   [ SQL RunTime:0.0004s ]
[2018-03-06T20:14:50+08:00] 
SHOW COLUMNS FROM `kw_news_cats` [ SQL RunTime:0.0020s ]
[2018-03-06T20:14:50+08:00] 
SELECT * FROM `kw_news_cats` WHERE `id` = 0 LIMIT 1   [ SQL RunTime:0.0004s ]
[2018-03-06T20:14:50+08:00] 
SELECT * FROM `kw_news_cats` WHERE `id` = 0 LIMIT 1   [ SQL RunTime:0.0004s ]
[2018-03-06T20:14:50+08:00] 
SHOW COLUMNS FROM `kw_news` [ SQL RunTime:0.0020s ]
[2018-03-06T20:14:50+08:00] 
SELECT * FROM `kw_news` WHERE ( pid=0 and ty=0 ) LIMIT 1   [ SQL RunTime:0.0002s ]
[2018-03-06T20:14:50+08:00] 
SHOW COLUMNS FROM `kw_message` [ SQL RunTime:0.0014s ]
[2018-03-06T20:14:50+08:00] 
INSERT INTO `kw_message` (`realname`,`phone`,`province`,`city`,`ip`,`sendtime`) VALUES (让,18654555276,山西省,太原市,101.226.225.86,1520338490) [ SQL RunTime:0.0002s ]
